TN:
SF:src\index.js
FN:21,sendEmail
FN:57,tplBase
FN:71,tplRegistrationConfirmation
FN:93,tplStatusUpdate
FN:128,tplWelcome
FN:139,tplOfficerNewRegistration
FN:159,tplOfficerStatusUpdate
FN:176,tplReleaseNote
FN:179,(anonymous_8)
FN:190,getNotifyLists
FN:193,(anonymous_10)
FN:194,(anonymous_11)
FN:199,(anonymous_12)
FN:200,(anonymous_13)
FN:208,createNotification
FN:232,(anonymous_15)
FN:338,(anonymous_16)
FN:351,(anonymous_17)
FN:373,(anonymous_18)
FN:479,(anonymous_19)
FN:484,(anonymous_20)
FN:486,(anonymous_21)
FN:489,(anonymous_22)
FN:549,(anonymous_23)
FN:671,requireAdmin
FN:681,(anonymous_25)
FN:729,(anonymous_26)
FN:765,(anonymous_27)
FN:789,(anonymous_28)
FN:790,(anonymous_29)
FNF:30
FNH:21
FNDA:9,sendEmail
FNDA:9,tplBase
FNDA:1,tplRegistrationConfirmation
FNDA:2,tplStatusUpdate
FNDA:2,tplWelcome
FNDA:2,tplOfficerNewRegistration
FNDA:2,tplOfficerStatusUpdate
FNDA:0,tplReleaseNote
FNDA:0,(anonymous_8)
FNDA:4,getNotifyLists
FNDA:0,(anonymous_10)
FNDA:0,(anonymous_11)
FNDA:4,(anonymous_12)
FNDA:4,(anonymous_13)
FNDA:7,createNotification
FNDA:3,(anonymous_15)
FNDA:5,(anonymous_16)
FNDA:0,(anonymous_17)
FNDA:0,(anonymous_18)
FNDA:2,(anonymous_19)
FNDA:4,(anonymous_20)
FNDA:4,(anonymous_21)
FNDA:3,(anonymous_22)
FNDA:8,(anonymous_23)
FNDA:12,requireAdmin
FNDA:7,(anonymous_25)
FNDA:5,(anonymous_26)
FNDA:0,(anonymous_27)
FNDA:0,(anonymous_28)
FNDA:0,(anonymous_29)
DA:7,2
DA:8,2
DA:9,2
DA:10,2
DA:11,2
DA:12,2
DA:13,2
DA:15,2
DA:17,2
DA:18,2
DA:22,9
DA:23,9
DA:25,9
DA:26,0
DA:29,0
DA:32,9
DA:38,9
DA:40,9
DA:49,9
DA:50,0
DA:51,0
DA:53,9
DA:58,9
DA:78,1
DA:94,2
DA:113,2
DA:118,2
DA:129,2
DA:140,2
DA:141,2
DA:160,2
DA:161,2
DA:162,2
DA:177,0
DA:179,0
DA:181,0
DA:192,4
DA:193,0
DA:194,0
DA:197,4
DA:198,4
DA:199,4
DA:200,4
DA:202,4
DA:209,7
DA:218,7
DA:219,4
DA:221,3
DA:226,2
DA:233,3
DA:234,3
DA:236,3
DA:237,3
DA:238,3
DA:239,1
DA:240,1
DA:242,2
DA:245,2
DA:249,2
DA:250,1
DA:260,2
DA:261,2
DA:262,2
DA:265,2
DA:266,1
DA:281,2
DA:282,0
DA:300,2
DA:301,2
DA:302,2
DA:319,2
DA:326,0
DA:332,2
DA:339,5
DA:340,5
DA:341,5
DA:344,5
DA:345,2
DA:346,2
DA:347,1
DA:352,1
DA:359,1
DA:360,1
DA:368,0
DA:369,0
DA:377,5
DA:379,2
DA:380,2
DA:383,2
DA:384,1
DA:389,2
DA:390,2
DA:391,2
DA:394,2
DA:395,2
DA:398,2
DA:399,2
DA:412,2
DA:413,2
DA:418,2
DA:428,2
DA:429,0
DA:446,2
DA:447,2
DA:448,2
DA:464,2
DA:471,0
DA:477,2
DA:480,2
DA:484,4
DA:486,4
DA:487,2
DA:488,2
DA:490,3
DA:491,3
DA:495,2
DA:496,2
DA:497,2
DA:499,2
DA:500,4
DA:501,3
DA:504,3
DA:505,1
DA:513,1
DA:517,3
DA:518,2
DA:521,2
DA:522,1
DA:533,1
DA:538,2
DA:547,2
DA:550,8
DA:551,8
DA:552,1
DA:558,7
DA:559,7
DA:560,6
DA:561,1
DA:567,5
DA:568,5
DA:569,1
DA:576,4
DA:577,4
DA:578,4
DA:579,2
DA:581,2
DA:587,2
DA:588,2
DA:590,0
DA:592,2
DA:595,2
DA:596,1
DA:601,1
DA:603,0
DA:608,3
DA:610,3
DA:620,2
DA:621,2
DA:625,1
DA:626,1
DA:627,1
DA:629,0
DA:635,1
DA:636,1
DA:639,2
DA:640,2
DA:641,2
DA:648,0
DA:649,0
DA:655,2
DA:656,2
DA:658,5
DA:660,1
DA:661,1
DA:662,1
DA:672,12
DA:673,2
DA:674,10
DA:675,10
DA:676,2
DA:681,2
DA:682,7
DA:683,7
DA:685,5
DA:686,5
DA:687,4
DA:688,1
DA:694,3
DA:695,3
DA:696,3
DA:697,3
DA:698,3
DA:700,2
DA:701,1
DA:706,1
DA:707,1
DA:712,0
DA:715,1
DA:716,1
DA:717,1
DA:718,1
DA:720,1
DA:721,1
DA:723,6
DA:724,0
DA:729,2
DA:730,5
DA:731,5
DA:732,5
DA:734,3
DA:735,3
DA:736,3
DA:737,1
DA:743,2
DA:744,2
DA:748,1
DA:749,0
DA:752,2
DA:754,2
DA:755,2
DA:757,3
DA:758,0
DA:763,2
DA:766,0
DA:767,0
DA:769,0
DA:770,0
DA:771,0
DA:774,0
DA:775,0
DA:776,0
DA:777,0
DA:779,0
DA:780,0
DA:781,0
DA:787,0
DA:788,0
DA:789,0
DA:790,0
DA:792,0
DA:793,0
DA:799,0
DA:800,0
DA:801,0
DA:802,0
DA:808,0
DA:810,0
DA:817,0
DA:822,0
DA:827,0
DA:829,0
DA:830,0
LF:252
LH:199
BRDA:21,0,0,5
BRDA:25,1,0,0
BRDA:25,1,1,9
BRDA:25,2,0,9
BRDA:25,2,1,9
BRDA:38,3,0,0
BRDA:38,3,1,9
BRDA:49,4,0,0
BRDA:49,4,1,9
BRDA:103,5,0,2
BRDA:103,5,1,2
BRDA:113,6,0,2
BRDA:113,6,1,0
BRDA:161,7,0,2
BRDA:161,7,1,0
BRDA:169,8,0,0
BRDA:169,8,1,2
BRDA:177,9,0,0
BRDA:177,9,1,0
BRDA:192,10,0,4
BRDA:192,10,1,0
BRDA:193,11,0,0
BRDA:193,11,1,0
BRDA:194,12,0,0
BRDA:194,12,1,0
BRDA:199,13,0,4
BRDA:199,13,1,0
BRDA:213,14,0,7
BRDA:213,14,1,0
BRDA:214,15,0,7
BRDA:214,15,1,0
BRDA:218,16,0,4
BRDA:218,16,1,3
BRDA:238,17,0,1
BRDA:238,17,1,2
BRDA:249,18,0,1
BRDA:249,18,1,1
BRDA:249,19,0,2
BRDA:249,19,1,2
BRDA:260,20,0,2
BRDA:260,20,1,2
BRDA:265,21,0,1
BRDA:265,21,1,1
BRDA:273,22,0,1
BRDA:273,22,1,0
BRDA:274,23,0,1
BRDA:274,23,1,0
BRDA:290,24,0,0
BRDA:290,24,1,0
BRDA:291,25,0,0
BRDA:291,25,1,0
BRDA:300,26,0,2
BRDA:300,26,1,0
BRDA:300,27,0,2
BRDA:300,27,1,2
BRDA:310,28,0,2
BRDA:310,28,1,1
BRDA:311,29,0,2
BRDA:311,29,1,1
BRDA:344,30,0,2
BRDA:344,30,1,3
BRDA:344,31,0,5
BRDA:344,31,1,2
BRDA:346,32,0,1
BRDA:346,32,1,1
BRDA:356,33,0,1
BRDA:356,33,1,0
BRDA:359,34,0,1
BRDA:359,34,1,0
BRDA:364,35,0,1
BRDA:364,35,1,0
BRDA:364,36,0,1
BRDA:364,36,1,0
BRDA:368,37,0,0
BRDA:368,37,1,0
BRDA:377,38,0,3
BRDA:377,38,1,2
BRDA:380,39,0,0
BRDA:380,39,1,2
BRDA:383,40,0,1
BRDA:383,40,1,1
BRDA:383,41,0,2
BRDA:383,41,1,1
BRDA:391,42,0,2
BRDA:391,42,1,0
BRDA:393,43,0,0
BRDA:393,43,1,0
BRDA:394,44,0,2
BRDA:394,44,1,2
BRDA:398,45,0,2
BRDA:398,45,1,0
BRDA:407,46,0,2
BRDA:407,46,1,2
BRDA:412,47,0,2
BRDA:412,47,1,0
BRDA:421,48,0,2
BRDA:421,48,1,0
BRDA:438,49,0,0
BRDA:438,49,1,0
BRDA:446,50,0,2
BRDA:446,50,1,0
BRDA:446,51,0,2
BRDA:446,51,1,2
BRDA:457,52,0,2
BRDA:457,52,1,2
BRDA:491,53,0,2
BRDA:491,53,1,1
BRDA:500,54,0,1
BRDA:500,54,1,3
BRDA:504,55,0,1
BRDA:504,55,1,2
BRDA:504,56,0,3
BRDA:504,56,1,2
BRDA:509,57,0,1
BRDA:509,57,1,0
BRDA:517,58,0,2
BRDA:517,58,1,1
BRDA:517,59,0,3
BRDA:517,59,1,2
BRDA:521,60,0,1
BRDA:521,60,1,1
BRDA:521,61,0,2
BRDA:521,61,1,1
BRDA:526,62,0,0
BRDA:526,62,1,1
BRDA:529,63,0,1
BRDA:529,63,1,0
BRDA:529,64,0,1
BRDA:529,64,1,0
BRDA:529,64,2,0
BRDA:551,65,0,1
BRDA:551,65,1,7
BRDA:560,66,0,1
BRDA:560,66,1,5
BRDA:560,67,0,6
BRDA:560,67,1,6
BRDA:567,68,0,3
BRDA:568,69,0,1
BRDA:568,69,1,4
BRDA:568,70,0,5
BRDA:568,70,1,4
BRDA:581,71,0,2
BRDA:581,71,1,0
BRDA:595,72,0,1
BRDA:595,72,1,1
BRDA:620,73,0,2
BRDA:620,73,1,2
BRDA:625,74,0,1
BRDA:625,74,1,0
BRDA:635,75,0,0
BRDA:635,75,1,1
BRDA:658,76,0,4
BRDA:658,76,1,1
BRDA:664,77,0,1
BRDA:664,77,1,0
BRDA:672,78,0,2
BRDA:672,78,1,10
BRDA:675,79,0,2
BRDA:675,79,1,8
BRDA:675,80,0,10
BRDA:675,80,1,10
BRDA:686,81,0,1
BRDA:686,81,1,4
BRDA:687,82,0,1
BRDA:687,82,1,3
BRDA:687,83,0,4
BRDA:687,83,1,2
BRDA:695,84,0,2
BRDA:695,84,1,1
BRDA:696,85,0,2
BRDA:696,85,1,1
BRDA:700,86,0,1
BRDA:700,86,1,1
BRDA:706,87,0,1
BRDA:706,87,1,0
BRDA:716,88,0,1
BRDA:716,88,1,0
BRDA:717,89,0,1
BRDA:717,89,1,0
BRDA:723,90,0,6
BRDA:723,90,1,0
BRDA:735,91,0,0
BRDA:735,91,1,3
BRDA:736,92,0,1
BRDA:736,92,1,2
BRDA:748,93,0,0
BRDA:748,93,1,1
BRDA:757,94,0,3
BRDA:757,94,1,0
BRDA:770,95,0,0
BRDA:770,95,1,0
BRDA:776,96,0,0
BRDA:776,96,1,0
BRDA:780,97,0,0
BRDA:780,97,1,0
BRDA:792,98,0,0
BRDA:792,98,1,0
BRDA:804,99,0,0
BRDA:804,99,1,0
BRDA:829,100,0,0
BRDA:829,100,1,0
BRF:201
BRH:134
end_of_record
