TN:
SF:src\index.js
FN:21,sendEmail
FN:57,tplBase
FN:71,tplRegistrationConfirmation
FN:93,tplStatusUpdate
FN:128,tplWelcome
FN:139,tplOfficerNewRegistration
FN:159,tplOfficerStatusUpdate
FN:176,tplReleaseNote
FN:179,(anonymous_8)
FN:189,tplThankYou
FN:201,getNotifyLists
FN:204,(anonymous_11)
FN:205,(anonymous_12)
FN:210,(anonymous_13)
FN:211,(anonymous_14)
FN:219,createNotification
FN:238,logFailedRequest
FN:272,(anonymous_17)
FN:406,(anonymous_18)
FN:419,(anonymous_19)
FN:441,(anonymous_20)
FN:452,(anonymous_21)
FN:582,(anonymous_22)
FN:587,(anonymous_23)
FN:589,(anonymous_24)
FN:592,(anonymous_25)
FN:680,(anonymous_26)
FN:722,(anonymous_27)
FN:850,requireAdmin
FN:860,(anonymous_29)
FN:908,(anonymous_30)
FN:944,(anonymous_31)
FN:968,(anonymous_32)
FN:969,(anonymous_33)
FN:1041,githubApi
FN:1066,shapeCommit
FN:1078,findLastSourceCommit
FN:1091,groupCommitsIntoChangelog
FN:1123,(anonymous_38)
FN:1125,(anonymous_39)
FN:1125,(anonymous_40)
FN:1133,(anonymous_41)
FN:1154,(anonymous_42)
FNF:43
FNH:24
FNDA:14,sendEmail
FNDA:14,tplBase
FNDA:3,tplRegistrationConfirmation
FNDA:2,tplStatusUpdate
FNDA:2,tplWelcome
FNDA:4,tplOfficerNewRegistration
FNDA:2,tplOfficerStatusUpdate
FNDA:0,tplReleaseNote
FNDA:0,(anonymous_8)
FNDA:1,tplThankYou
FNDA:6,getNotifyLists
FNDA:0,(anonymous_11)
FNDA:0,(anonymous_12)
FNDA:6,(anonymous_13)
FNDA:6,(anonymous_14)
FNDA:17,createNotification
FNDA:0,logFailedRequest
FNDA:5,(anonymous_17)
FNDA:6,(anonymous_18)
FNDA:0,(anonymous_19)
FNDA:0,(anonymous_20)
FNDA:2,(anonymous_21)
FNDA:6,(anonymous_22)
FNDA:11,(anonymous_23)
FNDA:11,(anonymous_24)
FNDA:8,(anonymous_25)
FNDA:1,(anonymous_26)
FNDA:8,(anonymous_27)
FNDA:12,requireAdmin
FNDA:7,(anonymous_29)
FNDA:5,(anonymous_30)
FNDA:0,(anonymous_31)
FNDA:0,(anonymous_32)
FNDA:0,(anonymous_33)
FNDA:0,githubApi
FNDA:0,shapeCommit
FNDA:0,findLastSourceCommit
FNDA:0,groupCommitsIntoChangelog
FNDA:0,(anonymous_38)
FNDA:0,(anonymous_39)
FNDA:0,(anonymous_40)
FNDA:0,(anonymous_41)
FNDA:0,(anonymous_42)
DA:7,2
DA:8,2
DA:9,2
DA:10,2
DA:11,2
DA:12,2
DA:13,2
DA:15,2
DA:17,2
DA:18,2
DA:22,14
DA:23,14
DA:25,14
DA:26,0
DA:29,0
DA:32,14
DA:38,14
DA:40,14
DA:49,14
DA:50,0
DA:51,0
DA:53,14
DA:58,14
DA:78,3
DA:94,2
DA:113,2
DA:118,2
DA:129,2
DA:140,4
DA:141,4
DA:160,2
DA:161,2
DA:162,2
DA:177,0
DA:179,0
DA:181,0
DA:190,1
DA:203,6
DA:204,0
DA:205,0
DA:208,6
DA:209,6
DA:210,6
DA:211,6
DA:213,6
DA:220,17
DA:229,17
DA:230,14
DA:232,3
DA:246,0
DA:247,0
DA:259,0
DA:266,2
DA:273,5
DA:274,5
DA:276,5
DA:277,5
DA:278,5
DA:279,1
DA:280,1
DA:282,4
DA:285,4
DA:289,4
DA:290,2
DA:299,4
DA:300,1
DA:309,4
DA:310,1
DA:320,4
DA:321,4
DA:322,4
DA:325,4
DA:326,3
DA:341,4
DA:342,0
DA:360,4
DA:361,4
DA:362,4
DA:379,4
DA:386,0
DA:387,0
DA:400,2
DA:407,6
DA:408,6
DA:409,6
DA:412,6
DA:413,3
DA:414,3
DA:415,1
DA:420,1
DA:427,2
DA:428,1
DA:436,1
DA:437,1
DA:444,1
DA:448,1
DA:451,1
DA:453,2
DA:466,6
DA:468,2
DA:469,2
DA:472,2
DA:473,1
DA:478,2
DA:479,2
DA:480,2
DA:483,2
DA:484,2
DA:487,2
DA:488,2
DA:501,2
DA:502,2
DA:507,2
DA:517,2
DA:518,0
DA:535,2
DA:536,2
DA:537,2
DA:553,2
DA:560,0
DA:561,0
DA:574,2
DA:576,2
DA:583,6
DA:587,11
DA:589,11
DA:590,6
DA:591,6
DA:593,8
DA:594,8
DA:598,6
DA:599,6
DA:600,6
DA:602,6
DA:603,11
DA:604,10
DA:607,10
DA:608,2
DA:616,2
DA:620,10
DA:621,1
DA:630,10
DA:631,1
DA:642,10
DA:643,4
DA:646,4
DA:647,3
DA:649,3
DA:650,3
DA:651,3
DA:652,1
DA:654,3
DA:665,3
DA:671,6
DA:672,6
DA:674,6
DA:675,8
DA:676,8
DA:677,2
DA:679,1
DA:680,1
DA:683,1
DA:684,1
DA:685,1
DA:695,1
DA:697,0
DA:705,1
DA:710,6
DA:720,2
DA:723,8
DA:724,8
DA:725,1
DA:731,7
DA:732,7
DA:733,6
DA:734,1
DA:740,5
DA:741,5
DA:742,1
DA:749,4
DA:750,4
DA:751,4
DA:752,2
DA:754,2
DA:760,2
DA:761,2
DA:763,0
DA:765,2
DA:768,2
DA:769,1
DA:774,1
DA:776,0
DA:781,3
DA:783,3
DA:793,2
DA:794,2
DA:798,1
DA:799,1
DA:800,1
DA:802,0
DA:808,1
DA:809,1
DA:812,2
DA:813,2
DA:814,2
DA:821,0
DA:822,0
DA:826,0
DA:834,2
DA:835,2
DA:837,5
DA:839,1
DA:840,1
DA:841,1
DA:851,12
DA:852,2
DA:853,10
DA:854,10
DA:855,2
DA:860,2
DA:861,7
DA:862,7
DA:864,5
DA:865,5
DA:866,4
DA:867,1
DA:873,3
DA:874,3
DA:875,3
DA:876,3
DA:877,3
DA:879,2
DA:880,1
DA:885,1
DA:886,1
DA:891,0
DA:894,1
DA:895,1
DA:896,1
DA:897,1
DA:899,1
DA:900,1
DA:902,6
DA:903,0
DA:908,2
DA:909,5
DA:910,5
DA:911,5
DA:913,3
DA:914,3
DA:915,3
DA:916,1
DA:922,2
DA:923,2
DA:927,1
DA:928,0
DA:931,2
DA:933,2
DA:934,2
DA:936,3
DA:937,0
DA:942,2
DA:945,0
DA:946,0
DA:948,0
DA:949,0
DA:950,0
DA:953,0
DA:954,0
DA:955,0
DA:956,0
DA:958,0
DA:959,0
DA:960,0
DA:966,0
DA:967,0
DA:968,0
DA:969,0
DA:971,0
DA:972,0
DA:978,0
DA:979,0
DA:980,0
DA:981,0
DA:987,0
DA:989,0
DA:993,0
DA:1002,0
DA:1007,0
DA:1012,0
DA:1014,0
DA:1015,0
DA:1021,2
DA:1022,2
DA:1023,2
DA:1025,2
DA:1031,2
DA:1042,0
DA:1043,0
DA:1044,0
DA:1049,0
DA:1056,0
DA:1057,0
DA:1058,0
DA:1063,0
DA:1067,0
DA:1079,0
DA:1084,0
DA:1085,0
DA:1086,0
DA:1088,0
DA:1092,0
DA:1098,0
DA:1100,0
DA:1101,0
DA:1102,0
DA:1103,0
DA:1105,0
DA:1106,0
DA:1107,0
DA:1108,0
DA:1109,0
DA:1110,0
DA:1112,0
DA:1113,0
DA:1114,0
DA:1115,0
DA:1118,0
DA:1123,0
DA:1124,0
DA:1125,0
DA:1127,0
DA:1131,2
DA:1134,0
DA:1135,0
DA:1137,0
DA:1138,0
DA:1141,0
DA:1143,0
DA:1145,0
DA:1146,0
DA:1152,2
DA:1155,0
DA:1156,0
DA:1158,0
DA:1159,0
DA:1160,0
DA:1163,0
DA:1166,0
DA:1167,0
DA:1168,0
DA:1170,0
DA:1171,0
DA:1174,0
DA:1175,0
DA:1178,0
DA:1179,0
DA:1181,0
DA:1182,0
DA:1183,0
DA:1189,0
DA:1197,0
DA:1198,0
LF:363
LH:240
BRDA:21,0,0,8
BRDA:25,1,0,0
BRDA:25,1,1,14
BRDA:25,2,0,14
BRDA:25,2,1,14
BRDA:38,3,0,0
BRDA:38,3,1,14
BRDA:49,4,0,0
BRDA:49,4,1,14
BRDA:103,5,0,2
BRDA:103,5,1,2
BRDA:113,6,0,2
BRDA:113,6,1,0
BRDA:161,7,0,2
BRDA:161,7,1,0
BRDA:169,8,0,0
BRDA:169,8,1,2
BRDA:177,9,0,0
BRDA:177,9,1,0
BRDA:203,10,0,6
BRDA:203,10,1,0
BRDA:204,11,0,0
BRDA:204,11,1,0
BRDA:205,12,0,0
BRDA:205,12,1,0
BRDA:210,13,0,6
BRDA:210,13,1,0
BRDA:224,14,0,17
BRDA:224,14,1,0
BRDA:225,15,0,17
BRDA:225,15,1,0
BRDA:229,16,0,14
BRDA:229,16,1,3
BRDA:250,17,0,0
BRDA:250,17,1,0
BRDA:252,18,0,0
BRDA:252,18,1,0
BRDA:254,19,0,0
BRDA:254,19,1,0
BRDA:255,20,0,0
BRDA:255,20,1,0
BRDA:278,21,0,1
BRDA:278,21,1,4
BRDA:289,22,0,2
BRDA:289,22,1,2
BRDA:289,23,0,4
BRDA:289,23,1,3
BRDA:299,24,0,1
BRDA:299,24,1,3
BRDA:299,25,0,4
BRDA:299,25,1,3
BRDA:299,25,2,2
BRDA:309,26,0,1
BRDA:309,26,1,3
BRDA:309,27,0,4
BRDA:309,27,1,3
BRDA:309,27,2,1
BRDA:320,28,0,4
BRDA:320,28,1,4
BRDA:325,29,0,3
BRDA:325,29,1,1
BRDA:333,30,0,3
BRDA:333,30,1,2
BRDA:334,31,0,3
BRDA:334,31,1,2
BRDA:350,32,0,0
BRDA:350,32,1,0
BRDA:351,33,0,0
BRDA:351,33,1,0
BRDA:360,34,0,4
BRDA:360,34,1,0
BRDA:360,35,0,4
BRDA:360,35,1,4
BRDA:370,36,0,4
BRDA:370,36,1,3
BRDA:371,37,0,4
BRDA:371,37,1,3
BRDA:412,38,0,3
BRDA:412,38,1,3
BRDA:412,39,0,6
BRDA:412,39,1,3
BRDA:414,40,0,1
BRDA:414,40,1,2
BRDA:424,41,0,1
BRDA:424,41,1,0
BRDA:427,42,0,1
BRDA:427,42,1,1
BRDA:432,43,0,1
BRDA:432,43,1,0
BRDA:432,44,0,1
BRDA:432,44,1,0
BRDA:436,45,0,1
BRDA:436,45,1,0
BRDA:448,46,0,1
BRDA:448,46,1,0
BRDA:457,47,0,2
BRDA:457,47,1,0
BRDA:457,48,0,2
BRDA:457,48,1,0
BRDA:466,49,0,4
BRDA:466,49,1,2
BRDA:469,50,0,0
BRDA:469,50,1,2
BRDA:472,51,0,1
BRDA:472,51,1,1
BRDA:472,52,0,2
BRDA:472,52,1,1
BRDA:480,53,0,2
BRDA:480,53,1,0
BRDA:482,54,0,0
BRDA:482,54,1,0
BRDA:483,55,0,2
BRDA:483,55,1,2
BRDA:487,56,0,2
BRDA:487,56,1,0
BRDA:496,57,0,2
BRDA:496,57,1,2
BRDA:501,58,0,2
BRDA:501,58,1,0
BRDA:510,59,0,2
BRDA:510,59,1,0
BRDA:527,60,0,0
BRDA:527,60,1,0
BRDA:535,61,0,2
BRDA:535,61,1,0
BRDA:535,62,0,2
BRDA:535,62,1,2
BRDA:546,63,0,2
BRDA:546,63,1,2
BRDA:594,64,0,7
BRDA:594,64,1,1
BRDA:603,65,0,1
BRDA:603,65,1,10
BRDA:607,66,0,2
BRDA:607,66,1,8
BRDA:607,67,0,10
BRDA:607,67,1,8
BRDA:612,68,0,2
BRDA:612,68,1,0
BRDA:620,69,0,1
BRDA:620,69,1,9
BRDA:620,70,0,10
BRDA:620,70,1,2
BRDA:625,71,0,1
BRDA:625,71,1,0
BRDA:625,71,2,0
BRDA:630,72,0,1
BRDA:630,72,1,9
BRDA:630,73,0,10
BRDA:630,73,1,2
BRDA:635,74,0,1
BRDA:635,74,1,0
BRDA:635,74,2,0
BRDA:642,75,0,4
BRDA:642,75,1,6
BRDA:642,76,0,10
BRDA:642,76,1,8
BRDA:646,77,0,3
BRDA:646,77,1,1
BRDA:647,78,0,3
BRDA:647,78,1,0
BRDA:649,79,0,3
BRDA:649,79,1,2
BRDA:650,80,0,3
BRDA:650,80,1,2
BRDA:650,80,2,2
BRDA:651,81,0,1
BRDA:651,81,1,2
BRDA:658,82,0,0
BRDA:658,82,1,3
BRDA:671,83,0,6
BRDA:671,83,1,6
BRDA:676,84,0,6
BRDA:676,84,1,2
BRDA:676,85,0,8
BRDA:676,85,1,7
BRDA:676,85,2,6
BRDA:677,86,0,1
BRDA:677,86,1,1
BRDA:680,87,0,1
BRDA:680,87,1,1
BRDA:680,87,2,1
BRDA:724,88,0,1
BRDA:724,88,1,7
BRDA:733,89,0,1
BRDA:733,89,1,5
BRDA:733,90,0,6
BRDA:733,90,1,6
BRDA:740,91,0,3
BRDA:741,92,0,1
BRDA:741,92,1,4
BRDA:741,93,0,5
BRDA:741,93,1,4
BRDA:754,94,0,2
BRDA:754,94,1,0
BRDA:768,95,0,1
BRDA:768,95,1,1
BRDA:793,96,0,2
BRDA:793,96,1,2
BRDA:798,97,0,1
BRDA:798,97,1,0
BRDA:808,98,0,0
BRDA:808,98,1,1
BRDA:837,99,0,4
BRDA:837,99,1,1
BRDA:843,100,0,1
BRDA:843,100,1,0
BRDA:851,101,0,2
BRDA:851,101,1,10
BRDA:854,102,0,2
BRDA:854,102,1,8
BRDA:854,103,0,10
BRDA:854,103,1,10
BRDA:865,104,0,1
BRDA:865,104,1,4
BRDA:866,105,0,1
BRDA:866,105,1,3
BRDA:866,106,0,4
BRDA:866,106,1,2
BRDA:874,107,0,2
BRDA:874,107,1,1
BRDA:875,108,0,2
BRDA:875,108,1,1
BRDA:879,109,0,1
BRDA:879,109,1,1
BRDA:885,110,0,1
BRDA:885,110,1,0
BRDA:895,111,0,1
BRDA:895,111,1,0
BRDA:896,112,0,1
BRDA:896,112,1,0
BRDA:902,113,0,6
BRDA:902,113,1,0
BRDA:914,114,0,0
BRDA:914,114,1,3
BRDA:915,115,0,1
BRDA:915,115,1,2
BRDA:927,116,0,0
BRDA:927,116,1,1
BRDA:936,117,0,3
BRDA:936,117,1,0
BRDA:949,118,0,0
BRDA:949,118,1,0
BRDA:955,119,0,0
BRDA:955,119,1,0
BRDA:959,120,0,0
BRDA:959,120,1,0
BRDA:971,121,0,0
BRDA:971,121,1,0
BRDA:983,122,0,0
BRDA:983,122,1,0
BRDA:1014,123,0,0
BRDA:1014,123,1,0
BRDA:1043,124,0,0
BRDA:1043,124,1,0
BRDA:1056,125,0,0
BRDA:1056,125,1,0
BRDA:1071,126,0,0
BRDA:1071,126,1,0
BRDA:1071,126,2,0
BRDA:1072,127,0,0
BRDA:1072,127,1,0
BRDA:1086,128,0,0
BRDA:1086,128,1,0
BRDA:1101,129,0,0
BRDA:1101,129,1,0
BRDA:1106,130,0,0
BRDA:1106,130,1,0
BRDA:1108,131,0,0
BRDA:1108,131,1,0
BRDA:1113,132,0,0
BRDA:1113,132,1,0
BRDA:1145,133,0,0
BRDA:1145,133,1,0
BRDA:1159,134,0,0
BRDA:1159,134,1,0
BRDA:1166,135,0,0
BRDA:1166,135,1,0
BRDA:1167,136,0,0
BRDA:1167,136,1,0
BRDA:1171,137,0,0
BRDA:1171,137,1,0
BRDA:1181,138,0,0
BRDA:1181,138,1,0
BRDA:1182,139,0,0
BRDA:1182,139,1,0
BRDA:1197,140,0,0
BRDA:1197,140,1,0
BRF:288
BRH:177
end_of_record
