TN:
SF:src\App.jsx
FN:36,App
FNF:1
FNH:0
FNDA:0,App
DA:37,0
DA:38,0
LF:2
LH:0
BRF:0
BRH:0
end_of_record
TN:
SF:src\components\AdminRoute.jsx
FN:4,AdminRoute
FNF:1
FNH:1
FNDA:3,AdminRoute
DA:5,3
DA:7,3
DA:8,2
DA:10,1
LF:4
LH:4
BRDA:7,0,0,2
BRDA:7,0,1,1
BRDA:7,1,0,3
BRDA:7,1,1,2
BRF:4
BRH:4
end_of_record
TN:
SF:src\components\ClimbCard.jsx
FN:24,toDate
FN:29,getExperienceLevel
FN:45,getLeadOfficers
FN:48,(anonymous_3)
FN:49,(anonymous_4)
FN:50,(anonymous_5)
FN:56,isClimbOngoing
FN:67,ClimbCard
FN:127,(anonymous_8)
FNF:9
FNH:9
FNDA:74,toDate
FNDA:37,getExperienceLevel
FNDA:37,getLeadOfficers
FNDA:6,(anonymous_3)
FNDA:2,(anonymous_4)
FNDA:8,(anonymous_5)
FNDA:37,isClimbOngoing
FNDA:37,ClimbCard
FNDA:5,(anonymous_8)
DA:4,2
DA:9,2
DA:11,2
DA:17,2
DA:25,74
DA:26,37
DA:30,37
DA:31,37
DA:32,37
DA:33,37
DA:35,37
DA:36,0
DA:37,0
DA:38,0
DA:41,2
DA:42,2
DA:43,2
DA:46,37
DA:48,6
DA:49,2
DA:50,37
DA:51,8
DA:53,37
DA:57,37
DA:58,37
DA:59,37
DA:60,37
DA:61,37
DA:62,37
DA:63,37
DA:64,37
DA:68,37
DA:69,37
DA:70,37
DA:71,37
DA:72,37
DA:73,37
DA:74,37
DA:75,37
DA:77,37
DA:128,5
LF:41
LH:38
BRDA:25,0,0,37
BRDA:25,0,1,37
BRDA:26,1,0,37
BRDA:26,1,1,0
BRDA:31,2,0,37
BRDA:31,2,1,0
BRDA:31,3,0,37
BRDA:31,3,1,37
BRDA:33,4,0,0
BRDA:33,4,1,37
BRDA:35,5,0,37
BRDA:35,5,1,0
BRDA:36,6,0,0
BRDA:36,6,1,0
BRDA:37,7,0,0
BRDA:37,7,1,0
BRDA:46,8,0,32
BRDA:46,8,1,5
BRDA:48,9,0,5
BRDA:48,9,1,2
BRDA:48,10,0,6
BRDA:48,10,1,0
BRDA:49,11,0,2
BRDA:49,11,1,0
BRDA:51,12,0,8
BRDA:51,12,1,0
BRDA:58,13,0,0
BRDA:58,13,1,37
BRDA:59,14,0,37
BRDA:59,14,1,37
BRDA:64,15,0,37
BRDA:64,15,1,0
BRDA:69,16,0,37
BRDA:69,16,1,0
BRDA:71,17,0,37
BRDA:71,17,1,37
BRDA:72,18,0,37
BRDA:72,18,1,37
BRDA:72,18,2,36
BRDA:73,19,0,37
BRDA:73,19,1,37
BRDA:80,20,0,1
BRDA:80,20,1,36
BRDA:82,21,0,37
BRDA:82,21,1,0
BRDA:84,22,0,37
BRDA:84,22,1,0
BRDA:85,23,0,37
BRDA:85,23,1,0
BRDA:87,24,0,37
BRDA:87,24,1,0
BRDA:103,25,0,37
BRDA:103,25,1,0
BRDA:103,25,2,0
BRDA:103,25,3,37
BRDA:105,26,0,37
BRDA:105,26,1,37
BRDA:111,27,0,37
BRDA:111,27,1,37
BRDA:117,28,0,37
BRDA:117,28,1,37
BRDA:126,29,0,4
BRDA:126,29,1,33
BRDA:131,30,0,5
BRDA:131,30,1,0
BRDA:142,31,0,37
BRDA:142,31,1,37
BRDA:148,32,0,37
BRDA:148,32,1,1
BRDA:151,33,0,37
BRDA:151,33,1,2
BRDA:151,33,2,2
BRDA:153,34,0,1
BRDA:153,34,1,1
BRDA:162,35,0,36
BRDA:162,35,1,1
BRDA:173,36,0,37
BRDA:173,36,1,0
BRDA:193,37,0,37
BRDA:193,37,1,0
BRDA:195,38,0,37
BRDA:195,38,1,0
BRDA:198,39,0,37
BRDA:198,39,1,0
BRDA:200,40,0,37
BRDA:200,40,1,0
BRF:86
BRH:60
end_of_record
TN:
SF:src\components\DetailCell.jsx
FN:1,DetailCell
FNF:1
FNH:0
FNDA:0,DetailCell
DA:2,0
LF:1
LH:0
BRDA:17,0,0,0
BRDA:17,0,1,0
BRF:2
BRH:0
end_of_record
TN:
SF:src\components\EditRegistrationModal.jsx
FN:3,EditRegistrationModal
FN:17,set
FN:18,(anonymous_2)
FN:21,handleSubmit
FN:58,(anonymous_4)
FN:89,(anonymous_5)
FN:99,(anonymous_6)
FN:108,(anonymous_7)
FN:118,(anonymous_8)
FN:128,(anonymous_9)
FN:137,(anonymous_10)
FN:147,(anonymous_11)
FN:156,(anonymous_12)
FN:167,(anonymous_13)
FNF:14
FNH:6
FNDA:6,EditRegistrationModal
FNDA:2,set
FNDA:2,(anonymous_2)
FNDA:2,handleSubmit
FNDA:2,(anonymous_4)
FNDA:2,(anonymous_5)
FNDA:0,(anonymous_6)
FNDA:0,(anonymous_7)
FNDA:0,(anonymous_8)
FNDA:0,(anonymous_9)
FNDA:0,(anonymous_10)
FNDA:0,(anonymous_11)
FNDA:0,(anonymous_12)
FNDA:0,(anonymous_13)
DA:4,6
DA:15,6
DA:18,2
DA:22,2
DA:23,2
DA:24,2
DA:25,2
DA:39,2
DA:43,6
DA:58,2
DA:89,2
DA:99,0
DA:108,0
DA:118,0
DA:128,0
DA:137,0
DA:147,0
DA:156,0
DA:167,0
LF:19
LH:11
BRDA:5,0,0,6
BRDA:5,0,1,0
BRDA:6,1,0,6
BRDA:6,1,1,0
BRDA:7,2,0,6
BRDA:7,2,1,6
BRDA:8,3,0,6
BRDA:8,3,1,6
BRDA:9,4,0,6
BRDA:9,4,1,6
BRDA:10,5,0,6
BRDA:10,5,1,6
BRDA:11,6,0,6
BRDA:11,6,1,6
BRDA:12,7,0,6
BRDA:12,7,1,6
BRDA:13,8,0,6
BRDA:13,8,1,6
BRDA:36,9,0,2
BRDA:36,9,1,0
BRDA:187,10,0,2
BRDA:187,10,1,4
BRF:22
BRH:19
end_of_record
TN:
SF:src\components\FeeBreakdownTable.jsx
FN:7,FeeBreakdownTable
FN:9,(anonymous_1)
FN:10,(anonymous_2)
FN:45,(anonymous_3)
FNF:4
FNH:3
FNDA:9,FeeBreakdownTable
FNDA:6,(anonymous_1)
FNDA:0,(anonymous_2)
FNDA:4,(anonymous_3)
DA:8,9
DA:9,6
DA:10,0
DA:12,9
DA:13,6
DA:20,3
DA:46,4
LF:7
LH:6
BRDA:7,0,0,9
BRDA:7,1,0,9
BRDA:8,2,0,5
BRDA:8,2,1,4
BRDA:10,3,0,4
BRDA:10,3,1,3
BRDA:12,4,0,6
BRDA:12,4,1,3
BRDA:22,5,0,3
BRDA:22,5,1,3
BRDA:56,6,0,4
BRDA:56,6,1,0
BRF:12
BRH:11
end_of_record
TN:
SF:src\components\Footer.jsx
FN:1,Footer
FNF:1
FNH:1
FNDA:387,Footer
DA:2,387
LF:1
LH:1
BRF:0
BRH:0
end_of_record
TN:
SF:src\components\Header.jsx
FN:7,Header
FN:15,(anonymous_1)
FN:20,(anonymous_2)
FN:22,(anonymous_3)
FN:27,handleLogout
FN:33,(anonymous_5)
FN:35,(anonymous_6)
FN:68,(anonymous_7)
FN:104,(anonymous_8)
FN:117,(anonymous_9)
FN:117,(anonymous_10)
FN:157,(anonymous_11)
FN:203,(anonymous_12)
FNF:13
FNH:11
FNDA:414,Header
FNDA:131,(anonymous_1)
FNDA:133,(anonymous_2)
FNDA:133,(anonymous_3)
FNDA:1,handleLogout
FNDA:974,(anonymous_5)
FNDA:974,(anonymous_6)
FNDA:230,(anonymous_7)
FNDA:0,(anonymous_8)
FNDA:2,(anonymous_9)
FNDA:2,(anonymous_10)
FNDA:230,(anonymous_11)
FNDA:0,(anonymous_12)
DA:8,414
DA:9,414
DA:10,414
DA:11,414
DA:12,414
DA:15,414
DA:16,131
DA:20,414
DA:21,133
DA:22,133
DA:23,133
DA:28,1
DA:29,1
DA:30,1
DA:33,414
DA:34,974
DA:35,414
DA:36,974
DA:38,414
DA:69,230
DA:104,0
DA:117,2
DA:158,230
DA:203,0
LF:24
LH:22
BRDA:21,0,0,1
BRDA:21,0,1,132
BRDA:34,1,0,259
BRDA:34,1,1,715
BRDA:36,2,0,259
BRDA:36,2,1,715
BRDA:55,3,0,414
BRDA:55,3,1,297
BRDA:60,4,0,414
BRDA:60,4,1,297
BRDA:65,5,0,414
BRDA:65,5,1,236
BRDA:69,6,0,99
BRDA:69,6,1,131
BRDA:75,7,0,297
BRDA:75,7,1,117
BRDA:79,8,0,297
BRDA:79,8,1,0
BRDA:99,9,0,414
BRDA:99,9,1,297
BRDA:113,10,0,2
BRDA:113,10,1,412
BRDA:114,11,0,2
BRDA:114,11,1,412
BRDA:128,12,0,2
BRDA:128,12,1,412
BRDA:138,13,0,414
BRDA:138,13,1,297
BRDA:146,14,0,414
BRDA:146,14,1,297
BRDA:154,15,0,414
BRDA:154,15,1,236
BRDA:158,16,0,99
BRDA:158,16,1,131
BRDA:170,17,0,297
BRDA:170,17,1,117
BRDA:174,18,0,297
BRDA:174,18,1,0
BRDA:174,18,2,0
BRDA:179,19,0,297
BRDA:179,19,1,0
BRDA:202,20,0,2
BRDA:202,20,1,412
BRF:43
BRH:39
end_of_record
TN:
SF:src\components\Icon.jsx
FN:140,Icon
FNF:1
FNH:1
FNDA:717,Icon
DA:1,3
DA:141,717
DA:142,717
DA:143,717
LF:4
LH:4
BRDA:140,0,0,717
BRDA:140,1,0,717
BRDA:142,2,0,0
BRDA:142,2,1,717
BRF:4
BRH:3
end_of_record
TN:
SF:src\components\LoadingSpinner.jsx
FN:1,LoadingSpinner
FNF:1
FNH:1
FNDA:122,LoadingSpinner
DA:3,122
DA:31,122
DA:32,34
DA:34,88
LF:4
LH:4
BRDA:1,0,0,122
BRDA:31,1,0,34
BRDA:31,1,1,88
BRF:3
BRH:3
end_of_record
TN:
SF:src\components\NotificationBell.jsx
FN:16,timeAgo
FN:29,NotificationBell
FN:36,(anonymous_2)
FN:44,(anonymous_3)
FN:45,(anonymous_4)
FN:50,(anonymous_5)
FN:51,handleClickOutside
FN:57,(anonymous_7)
FN:62,(anonymous_8)
FN:64,markRead
FN:70,markAllRead
FN:73,(anonymous_11)
FN:74,(anonymous_12)
FN:78,handleClick
FN:90,(anonymous_14)
FN:90,(anonymous_15)
FN:114,(anonymous_16)
FN:118,(anonymous_17)
FNF:18
FNH:18
FNDA:4,timeAgo
FNDA:649,NotificationBell
FNDA:187,(anonymous_2)
FNDA:186,(anonymous_3)
FNDA:181,(anonymous_4)
FNDA:195,(anonymous_5)
FNDA:1,handleClickOutside
FNDA:195,(anonymous_7)
FNDA:407,(anonymous_8)
FNDA:2,markRead
FNDA:1,markAllRead
FNDA:2,(anonymous_11)
FNDA:2,(anonymous_12)
FNDA:2,handleClick
FNDA:5,(anonymous_14)
FNDA:5,(anonymous_15)
FNDA:4,(anonymous_16)
FNDA:2,(anonymous_17)
DA:17,4
DA:18,4
DA:19,4
DA:20,4
DA:21,4
DA:22,0
DA:23,0
DA:24,0
DA:25,0
DA:26,0
DA:30,649
DA:31,649
DA:32,649
DA:33,649
DA:34,649
DA:36,649
DA:37,187
DA:38,186
DA:44,186
DA:45,186
DA:47,186
DA:50,649
DA:52,1
DA:53,1
DA:56,195
DA:57,195
DA:60,649
DA:62,648
DA:65,2
DA:66,1
DA:71,1
DA:73,2
DA:74,2
DA:79,2
DA:80,2
DA:81,2
DA:84,648
DA:90,5
DA:115,4
DA:118,2
LF:40
LH:35
BRDA:17,0,0,0
BRDA:17,0,1,4
BRDA:19,1,0,0
BRDA:19,1,1,4
BRDA:21,2,0,4
BRDA:21,2,1,0
BRDA:23,3,0,0
BRDA:23,3,1,0
BRDA:25,4,0,0
BRDA:25,4,1,0
BRDA:37,5,0,1
BRDA:37,5,1,186
BRDA:52,6,0,1
BRDA:52,6,1,0
BRDA:52,7,0,1
BRDA:52,7,1,1
BRDA:56,8,0,5
BRDA:56,8,1,190
BRDA:60,9,0,1
BRDA:60,9,1,648
BRDA:65,10,0,1
BRDA:65,10,1,1
BRDA:81,11,0,2
BRDA:81,11,1,0
BRDA:93,12,0,648
BRDA:93,12,1,287
BRDA:95,13,0,1
BRDA:95,13,1,286
BRDA:100,14,0,649
BRDA:100,14,1,5
BRDA:104,15,0,5
BRDA:104,15,1,2
BRDA:110,16,0,2
BRDA:110,16,1,3
BRDA:117,17,0,1
BRDA:117,17,1,3
BRDA:121,18,0,4
BRDA:121,18,1,4
BRF:38
BRH:29
end_of_record
TN:
SF:src\components\ProtectedRoute.jsx
FN:4,ProtectedRoute
FNF:1
FNH:1
FNDA:2,ProtectedRoute
DA:5,2
DA:6,2
DA:8,2
DA:9,1
DA:11,1
LF:5
LH:5
BRDA:8,0,0,1
BRDA:8,0,1,1
BRF:2
BRH:2
end_of_record
TN:
SF:src\components\ReleaseNotesNotice.jsx
FN:16,ReleaseNotesNotice
FN:20,(anonymous_1)
FN:28,(anonymous_2)
FN:40,dismiss
FN:43,(anonymous_4)
FNF:5
FNH:4
FNDA:7,ReleaseNotesNotice
FNDA:4,(anonymous_1)
FNDA:3,(anonymous_2)
FNDA:1,dismiss
FNDA:0,(anonymous_4)
DA:17,7
DA:18,7
DA:20,7
DA:21,4
DA:22,3
DA:28,3
DA:29,3
DA:30,3
DA:31,3
DA:34,3
DA:37,7
DA:38,3
DA:41,1
DA:46,2
LF:14
LH:14
BRDA:21,0,0,1
BRDA:21,0,1,3
BRDA:29,1,0,3
BRDA:29,1,1,0
BRDA:37,2,0,4
BRDA:37,2,1,3
BRDA:37,3,0,7
BRDA:37,3,1,6
BRDA:38,4,0,1
BRDA:38,4,1,2
BRF:10
BRH:9
end_of_record
TN:
SF:src\components\WaiverText.jsx
FN:5,WaiverText
FNF:1
FNH:1
FNDA:13,WaiverText
DA:6,13
DA:8,13
LF:2
LH:2
BRDA:12,0,0,13
BRDA:12,0,1,0
BRF:2
BRH:1
end_of_record
TN:
SF:src\components\WelcomeModal.jsx
FN:6,(anonymous_0)
FN:114,WelcomeModal
FN:122,(anonymous_2)
FN:129,(anonymous_3)
FN:137,dismiss
FN:175,(anonymous_5)
FN:179,(anonymous_6)
FN:195,(anonymous_7)
FN:207,(anonymous_8)
FN:207,(anonymous_9)
FN:216,(anonymous_10)
FN:216,(anonymous_11)
FNF:12
FNH:0
FNDA:0,(anonymous_0)
FNDA:0,WelcomeModal
FNDA:0,(anonymous_2)
FNDA:0,(anonymous_3)
FNDA:0,dismiss
FNDA:0,(anonymous_5)
FNDA:0,(anonymous_6)
FNDA:0,(anonymous_7)
FNDA:0,(anonymous_8)
FNDA:0,(anonymous_9)
FNDA:0,(anonymous_10)
FNDA:0,(anonymous_11)
DA:6,0
DA:8,0
DA:61,0
DA:115,0
DA:116,0
DA:117,0
DA:118,0
DA:119,0
DA:122,0
DA:123,0
DA:124,0
DA:125,0
DA:129,0
DA:130,0
DA:131,0
DA:132,0
DA:133,0
DA:138,0
DA:139,0
DA:141,0
DA:144,0
DA:146,0
DA:147,0
DA:149,0
DA:176,0
DA:179,0
DA:196,0
DA:207,0
DA:216,0
LF:29
LH:0
BRDA:119,0,0,0
BRDA:119,0,1,0
BRDA:123,1,0,0
BRDA:123,1,1,0
BRDA:125,2,0,0
BRDA:125,2,1,0
BRDA:130,3,0,0
BRDA:130,3,1,0
BRDA:138,4,0,0
BRDA:138,4,1,0
BRDA:144,5,0,0
BRDA:144,5,1,0
BRDA:144,6,0,0
BRDA:144,6,1,0
BRDA:163,7,0,0
BRDA:163,7,1,0
BRDA:163,7,2,0
BRDA:168,8,0,0
BRDA:168,8,1,0
BRDA:178,9,0,0
BRDA:178,9,1,0
BRDA:178,10,0,0
BRDA:178,10,1,0
BRDA:188,11,0,0
BRDA:188,11,1,0
BRDA:188,11,2,0
BRDA:193,12,0,0
BRDA:193,12,1,0
BRDA:204,13,0,0
BRDA:204,13,1,0
BRDA:213,14,0,0
BRDA:213,14,1,0
BRF:32
BRH:0
end_of_record
TN:
SF:src\components\admin\AddJoinerModal.jsx
FN:17,AddJoinerModal
FN:34,(anonymous_1)
FN:35,(anonymous_2)
FN:36,(anonymous_3)
FN:40,setField
FN:41,(anonymous_5)
FN:44,selectExistingUser
FN:46,(anonymous_7)
FN:48,(anonymous_8)
FN:56,handleSubmit
FN:127,(anonymous_10)
FN:159,(anonymous_11)
FN:162,(anonymous_12)
FN:179,(anonymous_13)
FN:189,(anonymous_14)
FN:198,(anonymous_15)
FN:208,(anonymous_16)
FN:219,(anonymous_17)
FN:221,(anonymous_18)
FN:235,(anonymous_19)
FN:237,(anonymous_20)
FN:249,(anonymous_21)
FN:251,(anonymous_22)
FN:268,(anonymous_23)
FN:278,(anonymous_24)
FNF:25
FNH:14
FNDA:4,AddJoinerModal
FNDA:1,(anonymous_1)
FNDA:1,(anonymous_2)
FNDA:1,(anonymous_3)
FNDA:0,setField
FNDA:0,(anonymous_5)
FNDA:1,selectExistingUser
FNDA:1,(anonymous_7)
FNDA:1,(anonymous_8)
FNDA:1,handleSubmit
FNDA:1,(anonymous_10)
FNDA:1,(anonymous_11)
FNDA:3,(anonymous_12)
FNDA:0,(anonymous_13)
FNDA:0,(anonymous_14)
FNDA:0,(anonymous_15)
FNDA:0,(anonymous_16)
FNDA:0,(anonymous_17)
FNDA:12,(anonymous_18)
FNDA:0,(anonymous_19)
FNDA:16,(anonymous_20)
FNDA:0,(anonymous_21)
FNDA:16,(anonymous_22)
FNDA:0,(anonymous_23)
FNDA:0,(anonymous_24)
DA:14,1
DA:15,1
DA:18,4
DA:29,4
DA:30,4
DA:31,4
DA:32,4
DA:34,4
DA:35,1
DA:36,1
DA:41,0
DA:45,1
DA:46,1
DA:47,1
DA:48,1
DA:57,1
DA:58,1
DA:59,1
DA:60,0
DA:61,0
DA:63,1
DA:66,1
DA:67,1
DA:68,1
DA:96,1
DA:98,0
DA:99,0
DA:108,1
DA:112,4
DA:127,1
DA:159,1
DA:163,3
DA:179,0
DA:189,0
DA:198,0
DA:208,0
DA:219,0
DA:222,12
DA:235,0
DA:238,16
DA:249,0
DA:252,16
DA:268,0
DA:278,0
LF:44
LH:30
BRDA:47,0,0,1
BRDA:47,0,1,0
BRDA:50,1,0,1
BRDA:50,1,1,0
BRDA:51,2,0,1
BRDA:51,2,1,0
BRDA:59,3,0,0
BRDA:59,3,1,1
BRDA:70,4,0,1
BRDA:70,4,1,0
BRDA:71,5,0,1
BRDA:71,5,1,0
BRDA:72,6,0,1
BRDA:72,6,1,0
BRDA:73,7,0,1
BRDA:73,7,1,0
BRDA:84,8,0,0
BRDA:84,8,1,1
BRDA:84,9,0,1
BRDA:84,9,1,0
BRDA:87,10,0,1
BRDA:87,10,1,1
BRDA:92,11,0,1
BRDA:92,11,1,0
BRDA:152,12,0,4
BRDA:152,12,1,0
BRDA:164,13,0,3
BRDA:164,13,1,0
BRDA:297,14,0,1
BRDA:297,14,1,3
BRF:30
BRH:17
end_of_record
TN:
SF:src\components\admin\ClimbPaymentCard.jsx
FN:6,ClimbPaymentCard
FN:24,(anonymous_1)
FN:27,(anonymous_2)
FN:30,(anonymous_3)
FN:33,(anonymous_4)
FN:58,(anonymous_5)
FN:376,(anonymous_6)
FN:446,(anonymous_7)
FN:450,(anonymous_8)
FN:458,(anonymous_9)
FN:543,(anonymous_10)
FN:546,(anonymous_11)
FN:549,(anonymous_12)
FN:564,(anonymous_13)
FN:565,(anonymous_14)
FN:598,(anonymous_15)
FN:617,(anonymous_16)
FN:673,(anonymous_17)
FN:690,(anonymous_18)
FN:731,(anonymous_19)
FN:740,(anonymous_20)
FNF:21
FNH:14
FNDA:8,ClimbPaymentCard
FNDA:8,(anonymous_1)
FNDA:8,(anonymous_2)
FNDA:8,(anonymous_3)
FNDA:8,(anonymous_4)
FNDA:3,(anonymous_5)
FNDA:0,(anonymous_6)
FNDA:8,(anonymous_7)
FNDA:0,(anonymous_8)
FNDA:0,(anonymous_9)
FNDA:4,(anonymous_10)
FNDA:3,(anonymous_11)
FNDA:1,(anonymous_12)
FNDA:1,(anonymous_13)
FNDA:1,(anonymous_14)
FNDA:2,(anonymous_15)
FNDA:2,(anonymous_16)
FNDA:0,(anonymous_17)
FNDA:0,(anonymous_18)
FNDA:0,(anonymous_19)
FNDA:0,(anonymous_20)
DA:23,8
DA:24,8
DA:25,8
DA:27,8
DA:28,8
DA:30,8
DA:31,8
DA:33,8
DA:34,8
DA:37,8
DA:58,3
DA:377,0
DA:447,8
DA:451,0
DA:459,0
DA:544,4
DA:546,3
DA:547,4
DA:549,1
DA:551,4
DA:552,4
DA:553,4
DA:554,4
DA:565,1
DA:566,1
DA:598,2
DA:618,2
DA:674,0
DA:691,0
DA:731,0
DA:741,0
LF:31
LH:24
BRDA:56,0,0,4
BRDA:56,0,1,4
BRDA:58,1,0,0
BRDA:58,1,1,3
BRDA:71,2,0,8
BRDA:71,2,1,0
BRDA:176,3,0,4
BRDA:176,3,1,4
BRDA:185,4,0,8
BRDA:185,4,1,4
BRDA:295,5,0,4
BRDA:295,5,1,4
BRDA:315,6,0,4
BRDA:315,6,1,4
BRDA:363,7,0,4
BRDA:363,7,1,4
BRDA:374,8,0,0
BRDA:374,8,1,4
BRDA:377,9,0,0
BRDA:377,9,1,0
BRDA:388,10,0,0
BRDA:388,10,1,4
BRDA:392,11,0,4
BRDA:392,11,1,0
BRDA:410,12,0,4
BRDA:410,12,1,0
BRDA:439,13,0,0
BRDA:439,13,1,4
BRDA:462,14,0,0
BRDA:462,14,1,4
BRDA:466,15,0,4
BRDA:466,15,1,0
BRDA:477,16,0,4
BRDA:477,16,1,4
BRDA:477,16,2,0
BRDA:477,16,3,0
BRDA:518,17,0,0
BRDA:518,17,1,4
BRDA:545,18,0,4
BRDA:545,18,1,0
BRDA:548,19,0,4
BRDA:548,19,1,3
BRDA:551,20,0,4
BRDA:551,20,1,3
BRDA:560,21,0,1
BRDA:560,21,1,3
BRDA:566,22,0,0
BRDA:566,22,1,1
BRDA:592,23,0,0
BRDA:592,23,1,4
BRDA:600,24,0,2
BRDA:600,24,1,2
BRDA:607,25,0,0
BRDA:607,25,1,2
BRDA:610,26,0,0
BRDA:610,26,1,2
BRDA:621,27,0,0
BRDA:621,27,1,2
BRDA:641,28,0,4
BRDA:641,28,1,0
BRDA:657,29,0,4
BRDA:657,29,1,0
BRDA:662,30,0,4
BRDA:662,30,1,0
BRDA:665,31,0,0
BRDA:665,31,1,4
BRDA:674,32,0,0
BRDA:674,32,1,0
BRDA:739,33,0,4
BRDA:739,33,1,0
BRDA:760,34,0,4
BRDA:760,34,1,1
BRF:72
BRH:45
end_of_record
TN:
SF:src\components\admin\RegistrantRow.jsx
FN:14,(anonymous_0)
FN:17,RegistrantRow
FN:46,(anonymous_2)
FN:122,(anonymous_3)
FN:166,(anonymous_4)
FN:213,(anonymous_5)
FN:222,(anonymous_6)
FN:226,(anonymous_7)
FN:243,(anonymous_8)
FN:299,(anonymous_9)
FN:315,(anonymous_10)
FN:326,(anonymous_11)
FN:337,(anonymous_12)
FN:415,(anonymous_13)
FN:418,(anonymous_14)
FN:421,(anonymous_15)
FN:450,(anonymous_16)
FN:455,(anonymous_17)
FN:535,(anonymous_18)
FN:573,(anonymous_19)
FN:596,(anonymous_20)
FN:616,(anonymous_21)
FN:670,(anonymous_22)
FN:686,(anonymous_23)
FN:702,(anonymous_24)
FN:757,(anonymous_25)
FN:758,(anonymous_26)
FN:763,(anonymous_27)
FN:769,(anonymous_28)
FN:781,(anonymous_29)
FN:783,(anonymous_30)
FN:819,(anonymous_31)
FN:841,(anonymous_32)
FNF:33
FNH:9
FNDA:4,(anonymous_0)
FNDA:36,RegistrantRow
FNDA:3,(anonymous_2)
FNDA:0,(anonymous_3)
FNDA:0,(anonymous_4)
FNDA:0,(anonymous_5)
FNDA:0,(anonymous_6)
FNDA:144,(anonymous_7)
FNDA:0,(anonymous_8)
FNDA:1,(anonymous_9)
FNDA:0,(anonymous_10)
FNDA:0,(anonymous_11)
FNDA:0,(anonymous_12)
FNDA:5,(anonymous_13)
FNDA:3,(anonymous_14)
FNDA:0,(anonymous_15)
FNDA:1,(anonymous_16)
FNDA:1,(anonymous_17)
FNDA:0,(anonymous_18)
FNDA:0,(anonymous_19)
FNDA:0,(anonymous_20)
FNDA:0,(anonymous_21)
FNDA:0,(anonymous_22)
FNDA:0,(anonymous_23)
FNDA:0,(anonymous_24)
FNDA:0,(anonymous_25)
FNDA:0,(anonymous_26)
FNDA:0,(anonymous_27)
FNDA:0,(anonymous_28)
FNDA:0,(anonymous_29)
FNDA:0,(anonymous_30)
FNDA:0,(anonymous_31)
FNDA:0,(anonymous_32)
DA:13,1
DA:14,4
DA:36,36
DA:46,3
DA:122,0
DA:166,0
DA:213,0
DA:223,0
DA:227,144
DA:243,0
DA:300,1
DA:301,1
DA:316,0
DA:317,0
DA:327,0
DA:328,0
DA:338,0
DA:339,0
DA:416,5
DA:418,3
DA:419,5
DA:421,0
DA:422,5
DA:423,3
DA:425,2
DA:428,5
DA:450,1
DA:455,1
DA:535,0
DA:574,0
DA:597,0
DA:598,0
DA:617,0
DA:671,0
DA:672,0
DA:687,0
DA:688,0
DA:703,0
DA:704,0
DA:758,0
DA:763,0
DA:770,0
DA:771,0
DA:782,0
DA:783,0
DA:784,0
DA:785,0
DA:786,0
DA:820,0
DA:821,0
DA:842,0
DA:843,0
LF:52
LH:16
BRDA:42,0,0,5
BRDA:42,0,1,31
BRDA:74,1,0,36
BRDA:74,1,1,0
BRDA:84,2,0,36
BRDA:84,2,1,0
BRDA:91,3,0,0
BRDA:91,3,1,0
BRDA:99,4,0,36
BRDA:99,4,1,0
BRDA:102,5,0,0
BRDA:102,5,1,36
BRDA:120,6,0,36
BRDA:120,6,1,36
BRDA:120,6,2,0
BRDA:131,7,0,0
BRDA:131,7,1,0
BRDA:132,8,0,0
BRDA:132,8,1,0
BRDA:147,9,0,0
BRDA:147,9,1,0
BRDA:148,10,0,0
BRDA:148,10,1,0
BRDA:171,11,0,36
BRDA:171,11,1,0
BRDA:180,12,0,0
BRDA:180,12,1,0
BRDA:189,13,0,4
BRDA:189,13,1,32
BRDA:194,14,0,4
BRDA:194,14,1,32
BRDA:204,15,0,27
BRDA:204,15,1,9
BRDA:209,16,0,27
BRDA:209,16,1,9
BRDA:239,17,0,36
BRDA:239,17,1,0
BRDA:256,18,0,36
BRDA:256,18,1,5
BRDA:260,19,0,0
BRDA:260,19,1,5
BRDA:260,20,0,5
BRDA:260,20,1,5
BRDA:365,21,0,0
BRDA:365,21,1,5
BRDA:381,22,0,5
BRDA:381,22,1,5
BRDA:388,23,0,0
BRDA:388,23,1,5
BRDA:396,24,0,0
BRDA:396,24,1,5
BRDA:404,25,0,5
BRDA:404,25,1,5
BRDA:417,26,0,5
BRDA:417,26,1,3
BRDA:420,27,0,5
BRDA:420,27,1,5
BRDA:422,28,0,3
BRDA:422,28,1,2
BRDA:422,29,0,5
BRDA:422,29,1,3
BRDA:425,30,0,2
BRDA:425,30,1,0
BRDA:457,31,0,1
BRDA:457,31,1,1
BRDA:468,32,0,0
BRDA:468,32,1,5
BRDA:471,33,0,0
BRDA:471,33,1,5
BRDA:494,34,0,0
BRDA:494,34,1,5
BRDA:513,35,0,0
BRDA:513,35,1,0
BRDA:563,36,0,0
BRDA:563,36,1,5
BRDA:583,37,0,0
BRDA:583,37,1,0
BRDA:646,38,0,0
BRDA:646,38,1,0
BRDA:740,39,0,0
BRDA:740,39,1,5
BRDA:774,40,0,0
BRDA:774,40,1,0
BRDA:804,41,0,0
BRDA:804,41,1,5
BRDA:810,42,0,5
BRDA:810,42,1,5
BRDA:815,43,0,0
BRDA:815,43,1,5
BRDA:824,44,0,0
BRDA:824,44,1,5
BRF:91
BRH:51
end_of_record
TN:
SF:src\components\admin\paymentShared.jsx
FN:3,StatBox
FNF:1
FNH:1
FNDA:116,StatBox
DA:4,116
LF:1
LH:1
BRDA:19,0,0,116
BRDA:19,0,1,0
BRDA:36,1,0,116
BRDA:36,1,1,108
BRF:4
BRH:3
end_of_record
TN:
SF:src\components\admin\registrantShared.jsx
FN:42,StatusBadge
FN:68,InfoCell
FNF:2
FNH:2
FNDA:46,StatusBadge
FNDA:35,InfoCell
DA:6,1
DA:12,1
DA:14,1
DA:21,1
DA:43,46
DA:44,46
DA:45,35
DA:48,11
DA:69,35
DA:70,10
LF:10
LH:10
BRDA:44,0,0,35
BRDA:44,0,1,11
BRDA:63,1,0,11
BRDA:63,1,1,0
BRDA:69,2,0,25
BRDA:69,2,1,10
BRF:6
BRH:5
end_of_record
TN:
SF:src\contexts\AuthContext.jsx
FN:17,AuthProvider
FN:22,fetchProfile
FN:27,signup
FN:40,login
FN:44,loginWithGoogle
FN:73,handleRedirectResult
FN:99,logout
FN:103,resetPassword
FN:107,(anonymous_8)
FN:111,(anonymous_9)
FN:145,useAuth
FNF:11
FNH:10
FNDA:16,AuthProvider
FNDA:2,fetchProfile
FNDA:1,signup
FNDA:1,login
FNDA:0,loginWithGoogle
FNDA:7,handleRedirectResult
FNDA:1,logout
FNDA:1,resetPassword
FNDA:7,(anonymous_8)
FNDA:7,(anonymous_9)
FNDA:1467,useAuth
DA:15,26
DA:18,16
DA:19,16
DA:20,16
DA:23,2
DA:24,2
DA:28,1
DA:29,1
DA:30,1
DA:37,1
DA:41,1
DA:45,0
DA:47,0
DA:48,0
DA:49,0
DA:50,0
DA:59,0
DA:61,0
DA:62,0
DA:63,0
DA:66,0
DA:67,0
DA:69,0
DA:74,7
DA:75,7
DA:76,7
DA:78,0
DA:79,0
DA:80,0
DA:81,0
DA:94,0
DA:95,0
DA:100,1
DA:104,1
DA:107,16
DA:109,7
DA:111,7
DA:112,7
DA:113,7
DA:114,2
DA:115,2
DA:117,5
DA:119,7
DA:121,7
DA:124,16
DA:126,16
DA:146,1467
LF:47
LH:29
BRDA:24,0,0,2
BRDA:24,0,1,0
BRDA:49,1,0,0
BRDA:49,1,1,0
BRDA:53,2,0,0
BRDA:53,2,1,0
BRDA:61,3,0,0
BRDA:61,3,1,0
BRDA:62,4,0,0
BRDA:62,4,1,0
BRDA:76,5,0,7
BRDA:76,5,1,0
BRDA:80,6,0,0
BRDA:80,6,1,0
BRDA:84,7,0,0
BRDA:84,7,1,0
BRDA:94,8,0,0
BRDA:94,8,1,0
BRDA:113,9,0,2
BRDA:113,9,1,5
BRDA:140,10,0,16
BRDA:140,10,1,7
BRF:22
BRH:6
end_of_record
TN:
SF:src\contexts\GuideContext.jsx
FN:5,GuideProvider
FN:14,useGuide
FNF:2
FNH:2
FNDA:174,GuideProvider
FNDA:414,useGuide
DA:3,25
DA:6,174
DA:7,174
DA:15,414
LF:4
LH:4
BRF:0
BRH:0
end_of_record
TN:
SF:src\data\schedule2026.js
FNF:0
FNH:0
DA:4,1
DA:20,1
LF:2
LH:2
BRF:0
BRH:0
end_of_record
TN:
SF:src\firebase\config.js
FNF:0
FNH:0
DA:8,0
DA:17,0
DA:19,0
DA:20,0
DA:21,0
DA:22,0
DA:23,0
DA:25,0
DA:26,0
DA:27,0
DA:28,0
DA:29,0
LF:12
LH:0
BRDA:25,0,0,0
BRDA:25,0,1,0
BRDA:25,1,0,0
BRDA:25,1,1,0
BRF:4
BRH:0
end_of_record
TN:
SF:src\hooks\usePageTracking.js
FN:7,getSessionId
FN:19,usePageTracking
FN:24,(anonymous_2)
FN:49,(anonymous_3)
FNF:4
FNH:0
FNDA:0,getSessionId
FNDA:0,usePageTracking
FNDA:0,(anonymous_2)
FNDA:0,(anonymous_3)
DA:8,0
DA:9,0
DA:10,0
DA:14,0
DA:16,0
DA:20,0
DA:21,0
DA:22,0
DA:24,0
DA:26,0
DA:29,0
DA:30,0
DA:31,0
DA:33,0
DA:34,0
DA:36,0
DA:37,0
DA:38,0
DA:42,0
LF:19
LH:0
BRDA:9,0,0,0
BRDA:9,0,1,0
BRDA:11,1,0,0
BRDA:11,1,1,0
BRDA:11,2,0,0
BRDA:11,2,1,0
BRDA:26,3,0,0
BRDA:26,3,1,0
BRDA:30,4,0,0
BRDA:30,4,1,0
BRDA:34,5,0,0
BRDA:34,5,1,0
BRDA:37,6,0,0
BRDA:37,6,1,0
BRDA:38,7,0,0
BRDA:38,7,1,0
BRDA:44,8,0,0
BRDA:44,8,1,0
BRDA:45,9,0,0
BRDA:45,9,1,0
BRF:20
BRH:0
end_of_record
TN:
SF:src\pages\Event.jsx
FN:55,parseGoogleMapsUrl
FN:67,parseGoogleMapsPlace
FN:74,getClimbDate
FN:81,startOfDay
FN:87,toIsoDate
FN:91,formatForecastDate
FN:100,getWeatherLabel
FN:104,getMapEmbed
FN:123,getClimbCoords
FN:138,LockedCard
FN:172,Event
FN:195,(anonymous_11)
FN:196,load
FN:213,(anonymous_13)
FN:241,(anonymous_14)
FN:244,(anonymous_15)
FN:246,(anonymous_16)
FN:255,(anonymous_17)
FN:256,(anonymous_18)
FN:259,(anonymous_19)
FN:262,loadWeather
FN:365,(anonymous_21)
FN:409,(anonymous_22)
FN:428,RegisterButton
FN:518,(anonymous_24)
FN:743,(anonymous_25)
FN:747,(anonymous_26)
FN:821,(anonymous_27)
FN:834,(anonymous_28)
FN:838,(anonymous_29)
FN:946,(anonymous_30)
FN:962,(anonymous_31)
FN:973,(anonymous_32)
FN:997,(anonymous_33)
FN:1045,(anonymous_34)
FN:1050,(anonymous_35)
FN:1079,(anonymous_36)
FN:1080,(anonymous_37)
FN:1091,(anonymous_38)
FN:1105,(anonymous_39)
FN:1131,(anonymous_40)
FN:1142,(anonymous_41)
FN:1181,(anonymous_42)
FN:1371,(anonymous_43)
FN:1487,(anonymous_44)
FN:1490,(anonymous_45)
FN:1493,(anonymous_46)
FN:1530,(anonymous_47)
FN:1606,(anonymous_48)
FN:1616,(anonymous_49)
FN:1618,(anonymous_50)
FN:1620,(anonymous_51)
FN:1621,(anonymous_52)
FN:1623,(anonymous_53)
FN:1626,(anonymous_54)
FN:1627,(anonymous_55)
FN:1697,(anonymous_56)
FN:1700,(anonymous_57)
FN:1729,(anonymous_58)
FN:1732,(anonymous_59)
FN:1733,(anonymous_60)
FN:1736,(anonymous_61)
FN:1739,(anonymous_62)
FN:1746,(anonymous_63)
FN:1776,(anonymous_64)
FN:1844,(anonymous_65)
FN:1857,(anonymous_66)
FN:1870,(anonymous_67)
FN:1929,(anonymous_68)
FN:1936,(anonymous_69)
FNF:70
FNH:32
FNDA:80,parseGoogleMapsUrl
FNDA:49,parseGoogleMapsPlace
FNDA:28,getClimbDate
FNDA:59,startOfDay
FNDA:20,toIsoDate
FNDA:10,formatForecastDate
FNDA:10,getWeatherLabel
FNDA:35,getMapEmbed
FNDA:45,getClimbCoords
FNDA:63,LockedCard
FNDA:45,Event
FNDA:14,(anonymous_11)
FNDA:14,load
FNDA:1,(anonymous_13)
FNDA:45,(anonymous_14)
FNDA:0,(anonymous_15)
FNDA:0,(anonymous_16)
FNDA:254,(anonymous_17)
FNDA:31,(anonymous_18)
FNDA:28,(anonymous_19)
FNDA:28,loadWeather
FNDA:10,(anonymous_21)
FNDA:28,(anonymous_22)
FNDA:31,RegisterButton
FNDA:0,(anonymous_24)
FNDA:2,(anonymous_25)
FNDA:4,(anonymous_26)
FNDA:0,(anonymous_27)
FNDA:8,(anonymous_28)
FNDA:1,(anonymous_29)
FNDA:0,(anonymous_30)
FNDA:0,(anonymous_31)
FNDA:0,(anonymous_32)
FNDA:0,(anonymous_33)
FNDA:0,(anonymous_34)
FNDA:0,(anonymous_35)
FNDA:0,(anonymous_36)
FNDA:0,(anonymous_37)
FNDA:0,(anonymous_38)
FNDA:0,(anonymous_39)
FNDA:0,(anonymous_40)
FNDA:0,(anonymous_41)
FNDA:0,(anonymous_42)
FNDA:2,(anonymous_43)
FNDA:0,(anonymous_44)
FNDA:10,(anonymous_45)
FNDA:0,(anonymous_46)
FNDA:0,(anonymous_47)
FNDA:0,(anonymous_48)
FNDA:0,(anonymous_49)
FNDA:0,(anonymous_50)
FNDA:0,(anonymous_51)
FNDA:0,(anonymous_52)
FNDA:0,(anonymous_53)
FNDA:0,(anonymous_54)
FNDA:0,(anonymous_55)
FNDA:0,(anonymous_56)
FNDA:0,(anonymous_57)
FNDA:0,(anonymous_58)
FNDA:10,(anonymous_59)
FNDA:2,(anonymous_60)
FNDA:2,(anonymous_61)
FNDA:20,(anonymous_62)
FNDA:0,(anonymous_63)
FNDA:0,(anonymous_64)
FNDA:0,(anonymous_65)
FNDA:0,(anonymous_66)
FNDA:0,(anonymous_67)
FNDA:0,(anonymous_68)
FNDA:0,(anonymous_69)
DA:18,1
DA:24,1
DA:56,80
DA:57,0
DA:58,0
DA:59,0
DA:60,0
DA:61,0
DA:62,0
DA:64,0
DA:68,49
DA:69,0
DA:70,0
DA:71,0
DA:75,28
DA:76,18
DA:77,0
DA:78,0
DA:82,59
DA:83,59
DA:84,59
DA:88,20
DA:92,10
DA:93,10
DA:101,10
DA:105,35
DA:106,35
DA:107,35
DA:110,35
DA:111,35
DA:120,35
DA:124,45
DA:125,0
DA:132,45
DA:133,45
DA:139,63
DA:173,45
DA:174,45
DA:175,45
DA:177,45
DA:178,45
DA:179,45
DA:180,45
DA:181,45
DA:182,45
DA:183,45
DA:184,45
DA:185,45
DA:186,45
DA:193,45
DA:195,45
DA:197,14
DA:198,14
DA:199,14
DA:200,0
DA:201,0
DA:203,14
DA:205,14
DA:206,4
DA:207,4
DA:212,4
DA:213,4
DA:215,0
DA:218,4
DA:223,4
DA:224,4
DA:225,1
DA:226,1
DA:227,1
DA:228,1
DA:233,0
DA:235,14
DA:238,14
DA:241,45
DA:242,45
DA:243,31
DA:244,31
DA:246,0
DA:247,0
DA:248,0
DA:249,0
DA:255,254
DA:256,31
DA:259,45
DA:260,28
DA:263,28
DA:265,14
DA:266,14
DA:267,28
DA:269,28
DA:271,28
DA:272,1
DA:279,1
DA:282,13
DA:283,13
DA:284,13
DA:285,13
DA:286,13
DA:287,13
DA:291,13
DA:292,1
DA:299,1
DA:302,12
DA:303,1
DA:311,1
DA:314,11
DA:322,28
DA:323,28
DA:324,28
DA:326,28
DA:327,11
DA:328,0
DA:330,11
DA:333,11
DA:334,0
DA:335,11
DA:336,11
DA:337,11
DA:338,1
DA:339,10
DA:344,10
DA:354,10
DA:357,28
DA:360,10
DA:361,10
DA:363,10
DA:364,10
DA:365,28
DA:380,28
DA:381,10
DA:394,1
DA:395,1
DA:407,28
DA:409,28
DA:410,28
DA:414,45
DA:415,31
DA:417,31
DA:418,45
DA:419,45
DA:420,45
DA:426,45
DA:429,31
DA:430,0
DA:438,31
DA:439,2
DA:448,29
DA:449,29
DA:457,29
DA:458,29
DA:476,8
DA:487,45
DA:488,45
DA:493,45
DA:504,45
DA:508,45
DA:509,45
DA:513,45
DA:518,0
DA:744,2
DA:745,0
DA:748,4
DA:821,0
DA:835,8
DA:838,1
DA:947,0
DA:948,0
DA:949,0
DA:962,0
DA:973,0
DA:997,0
DA:1046,0
DA:1050,0
DA:1079,0
DA:1081,0
DA:1082,0
DA:1083,0
DA:1087,0
DA:1088,0
DA:1091,0
DA:1106,0
DA:1107,0
DA:1131,0
DA:1143,0
DA:1144,0
DA:1181,0
DA:1372,2
DA:1487,0
DA:1491,10
DA:1494,0
DA:1531,0
DA:1607,0
DA:1618,0
DA:1619,0
DA:1620,0
DA:1621,0
DA:1622,0
DA:1623,0
DA:1624,0
DA:1626,0
DA:1627,0
DA:1628,0
DA:1697,0
DA:1701,0
DA:1729,0
DA:1733,10
DA:1734,2
DA:1736,10
DA:1737,2
DA:1739,10
DA:1740,20
DA:1747,0
DA:1753,10
DA:1777,0
DA:1844,0
DA:1857,0
DA:1870,0
DA:1929,0
DA:1936,0
LF:219
LH:147
BRDA:56,0,0,80
BRDA:56,0,1,0
BRDA:58,1,0,0
BRDA:58,1,1,0
BRDA:60,2,0,0
BRDA:60,2,1,0
BRDA:62,3,0,0
BRDA:62,3,1,0
BRDA:68,4,0,49
BRDA:68,4,1,0
BRDA:70,5,0,0
BRDA:70,5,1,0
BRDA:75,6,0,10
BRDA:75,6,1,18
BRDA:76,7,0,18
BRDA:76,7,1,0
BRDA:78,8,0,0
BRDA:78,8,1,0
BRDA:101,9,0,10
BRDA:101,9,1,0
BRDA:107,10,0,0
BRDA:107,10,1,35
BRDA:109,11,0,35
BRDA:109,11,1,35
BRDA:111,12,0,0
BRDA:111,12,1,35
BRDA:112,13,0,0
BRDA:112,13,1,0
BRDA:115,14,0,0
BRDA:115,14,1,35
BRDA:116,15,0,0
BRDA:116,15,1,0
BRDA:124,16,0,0
BRDA:124,16,1,45
BRDA:124,17,0,45
BRDA:124,17,1,0
BRDA:128,18,0,0
BRDA:128,18,1,0
BRDA:133,19,0,0
BRDA:133,19,1,45
BRDA:199,20,0,0
BRDA:199,20,1,14
BRDA:205,21,0,4
BRDA:205,21,1,10
BRDA:224,22,0,1
BRDA:224,22,1,3
BRDA:226,23,0,1
BRDA:226,23,1,0
BRDA:242,24,0,14
BRDA:242,24,1,31
BRDA:247,25,0,0
BRDA:247,25,1,0
BRDA:263,26,0,14
BRDA:263,26,1,14
BRDA:266,27,0,14
BRDA:266,27,1,9
BRDA:269,28,0,28
BRDA:269,28,1,14
BRDA:271,29,0,1
BRDA:271,29,1,27
BRDA:271,30,0,28
BRDA:271,30,1,13
BRDA:277,31,0,1
BRDA:277,31,1,0
BRDA:291,32,0,1
BRDA:291,32,1,12
BRDA:297,33,0,1
BRDA:297,33,1,0
BRDA:302,34,0,1
BRDA:302,34,1,11
BRDA:309,35,0,1
BRDA:309,35,1,0
BRDA:319,36,0,11
BRDA:319,36,1,0
BRDA:324,37,0,28
BRDA:324,37,1,0
BRDA:326,38,0,11
BRDA:326,38,1,17
BRDA:327,39,0,0
BRDA:327,39,1,11
BRDA:333,40,0,0
BRDA:333,40,1,11
BRDA:337,41,0,1
BRDA:337,41,1,10
BRDA:354,42,0,0
BRDA:354,42,1,10
BRDA:360,43,0,0
BRDA:360,43,1,10
BRDA:364,44,0,10
BRDA:364,44,1,0
BRDA:380,45,0,10
BRDA:380,45,1,18
BRDA:382,46,0,10
BRDA:382,46,1,0
BRDA:384,47,0,10
BRDA:384,47,1,0
BRDA:385,48,0,0
BRDA:385,48,1,10
BRDA:394,49,0,1
BRDA:394,49,1,0
BRDA:399,50,0,1
BRDA:399,50,1,0
BRDA:401,51,0,1
BRDA:401,51,1,0
BRDA:414,52,0,14
BRDA:414,52,1,31
BRDA:415,53,0,0
BRDA:415,53,1,31
BRDA:417,54,0,31
BRDA:417,54,1,0
BRDA:420,55,0,31
BRDA:420,55,1,0
BRDA:423,56,0,31
BRDA:423,56,1,0
BRDA:426,57,0,0
BRDA:426,57,1,31
BRDA:426,58,0,0
BRDA:426,58,1,31
BRDA:429,59,0,0
BRDA:429,59,1,31
BRDA:438,60,0,2
BRDA:438,60,1,29
BRDA:448,61,0,0
BRDA:448,61,1,29
BRDA:457,62,0,21
BRDA:457,62,1,8
BRDA:493,63,0,4
BRDA:493,63,1,27
BRDA:495,64,0,0
BRDA:495,64,1,27
BRDA:495,65,0,27
BRDA:495,65,1,27
BRDA:509,66,0,4
BRDA:509,66,1,27
BRDA:526,67,0,45
BRDA:526,67,1,0
BRDA:543,68,0,45
BRDA:543,68,1,31
BRDA:548,69,0,31
BRDA:548,69,1,0
BRDA:554,70,0,45
BRDA:554,70,1,31
BRDA:558,71,0,31
BRDA:558,71,1,0
BRDA:565,72,0,45
BRDA:565,72,1,31
BRDA:568,73,0,0
BRDA:568,73,1,31
BRDA:570,74,0,31
BRDA:570,74,1,0
BRDA:583,75,0,45
BRDA:583,75,1,21
BRDA:614,76,0,45
BRDA:614,76,1,0
BRDA:614,76,2,0
BRDA:614,76,3,0
BRDA:614,76,4,31
BRDA:626,77,0,31
BRDA:626,77,1,0
BRDA:626,77,2,0
BRDA:626,77,3,0
BRDA:626,77,4,0
BRDA:626,77,5,0
BRDA:626,77,6,31
BRDA:633,78,0,31
BRDA:633,78,1,31
BRDA:639,79,0,31
BRDA:639,79,1,31
BRDA:645,80,0,31
BRDA:645,80,1,2
BRDA:653,81,0,31
BRDA:653,81,1,0
BRDA:661,82,0,31
BRDA:661,82,1,31
BRDA:669,83,0,31
BRDA:669,83,1,0
BRDA:675,84,0,31
BRDA:675,84,1,0
BRDA:685,85,0,31
BRDA:685,85,1,31
BRDA:685,85,2,0
BRDA:691,86,0,0
BRDA:691,86,1,0
BRDA:694,87,0,0
BRDA:694,87,1,0
BRDA:698,88,0,0
BRDA:698,88,1,0
BRDA:704,89,0,0
BRDA:704,89,1,0
BRDA:712,90,0,31
BRDA:712,90,1,0
BRDA:719,91,0,0
BRDA:719,91,1,0
BRDA:719,92,0,0
BRDA:719,92,1,0
BRDA:722,93,0,0
BRDA:722,93,1,0
BRDA:722,94,0,0
BRDA:722,94,1,0
BRDA:733,95,0,45
BRDA:733,95,1,2
BRDA:744,96,0,2
BRDA:744,96,1,0
BRDA:744,97,0,2
BRDA:744,97,1,0
BRDA:745,98,0,0
BRDA:745,98,1,0
BRDA:745,99,0,2
BRDA:745,99,1,0
BRDA:755,100,0,2
BRDA:755,100,1,2
BRDA:758,101,0,4
BRDA:758,101,1,2
BRDA:787,102,0,4
BRDA:787,102,1,4
BRDA:809,103,0,45
BRDA:809,103,1,4
BRDA:818,104,0,0
BRDA:818,104,1,4
BRDA:825,105,0,4
BRDA:825,105,1,4
BRDA:840,106,0,4
BRDA:840,106,1,4
BRDA:845,107,0,8
BRDA:845,107,1,0
BRDA:850,108,0,4
BRDA:850,108,1,0
BRDA:858,109,0,0
BRDA:858,109,1,4
BRDA:890,110,0,0
BRDA:890,110,1,0
BRDA:917,111,0,0
BRDA:917,111,1,0
BRDA:937,112,0,45
BRDA:937,112,1,0
BRDA:971,113,0,0
BRDA:971,113,1,0
BRDA:995,114,0,0
BRDA:995,114,1,0
BRDA:1034,115,0,0
BRDA:1034,115,1,0
BRDA:1059,116,0,0
BRDA:1059,116,1,0
BRDA:1062,117,0,0
BRDA:1062,117,1,0
BRDA:1077,118,0,45
BRDA:1077,118,1,0
BRDA:1081,119,0,0
BRDA:1081,119,1,0
BRDA:1081,120,0,0
BRDA:1081,120,1,0
BRDA:1083,121,0,0
BRDA:1083,121,1,0
BRDA:1084,122,0,0
BRDA:1084,122,1,0
BRDA:1088,123,0,0
BRDA:1088,123,1,0
BRDA:1091,124,0,0
BRDA:1091,124,1,0
BRDA:1103,125,0,0
BRDA:1103,125,1,0
BRDA:1140,126,0,0
BRDA:1140,126,1,0
BRDA:1203,127,0,45
BRDA:1203,127,1,0
BRDA:1252,128,0,45
BRDA:1252,128,1,31
BRDA:1252,128,2,0
BRDA:1252,128,3,0
BRDA:1252,128,4,31
BRDA:1264,129,0,31
BRDA:1264,129,1,0
BRDA:1276,130,0,31
BRDA:1276,130,1,20
BRDA:1276,130,2,6
BRDA:1276,130,3,4
BRDA:1285,131,0,1
BRDA:1285,131,1,3
BRDA:1289,132,0,1
BRDA:1289,132,1,3
BRDA:1301,133,0,1
BRDA:1301,133,1,3
BRDA:1303,134,0,2
BRDA:1303,134,1,1
BRDA:1303,135,0,3
BRDA:1303,135,1,3
BRDA:1310,136,0,1
BRDA:1310,136,1,3
BRDA:1325,137,0,4
BRDA:1325,137,1,1
BRDA:1327,138,0,4
BRDA:1327,138,1,2
BRDA:1329,139,0,4
BRDA:1329,139,1,1
BRDA:1339,140,0,4
BRDA:1339,140,1,0
BRDA:1347,141,0,11
BRDA:1347,141,1,20
BRDA:1349,142,0,2
BRDA:1349,142,1,18
BRDA:1351,143,0,2
BRDA:1351,143,1,2
BRDA:1415,144,0,2
BRDA:1415,144,1,0
BRDA:1417,145,0,2
BRDA:1417,145,1,0
BRDA:1419,146,0,2
BRDA:1419,146,1,0
BRDA:1428,147,0,31
BRDA:1428,147,1,2
BRDA:1484,148,0,21
BRDA:1484,148,1,10
BRDA:1489,149,0,10
BRDA:1489,149,1,0
BRDA:1528,150,0,0
BRDA:1528,150,1,31
BRDA:1604,151,0,0
BRDA:1604,151,1,31
BRDA:1610,152,0,0
BRDA:1610,152,1,0
BRDA:1614,153,0,0
BRDA:1614,153,1,0
BRDA:1622,154,0,0
BRDA:1622,154,1,0
BRDA:1633,155,0,0
BRDA:1633,155,1,0
BRDA:1646,156,0,0
BRDA:1646,156,1,0
BRDA:1694,157,0,21
BRDA:1694,157,1,10
BRDA:1699,158,0,0
BRDA:1699,158,1,10
BRDA:1726,159,0,21
BRDA:1726,159,1,10
BRDA:1740,160,0,20
BRDA:1740,160,1,0
BRDA:1755,161,0,10
BRDA:1755,161,1,0
BRDA:1839,162,0,45
BRDA:1839,162,1,0
BRF:340
BRH:185
end_of_record
TN:
SF:src\pages\ForgotPassword.jsx
FN:7,ForgotPassword
FN:15,handleSubmit
FN:87,(anonymous_2)
FN:114,friendlyError
FNF:4
FNH:4
FNDA:14,ForgotPassword
FNDA:3,handleSubmit
FNDA:3,(anonymous_2)
FNDA:1,friendlyError
DA:8,14
DA:10,14
DA:11,14
DA:12,14
DA:13,14
DA:16,3
DA:17,3
DA:18,3
DA:19,3
DA:20,3
DA:21,3
DA:22,2
DA:24,1
DA:26,3
DA:30,14
DA:87,3
DA:115,1
DA:117,1
DA:119,0
DA:121,0
LF:20
LH:18
BRDA:76,0,0,14
BRDA:76,0,1,1
BRDA:77,1,0,14
BRDA:77,1,1,2
BRDA:96,2,0,3
BRDA:96,2,1,11
BRDA:115,3,0,1
BRDA:115,3,1,0
BRDA:115,3,2,0
BRF:9
BRH:7
end_of_record
TN:
SF:src\pages\Login.jsx
FN:7,isInAppBrowser
FN:17,Login
FN:31,handleSubmit
FN:45,handleGoogle
FN:139,(anonymous_4)
FN:140,(anonymous_5)
FN:151,(anonymous_6)
FN:152,(anonymous_7)
FN:223,friendlyError
FNF:9
FNH:8
FNDA:15,isInAppBrowser
FNDA:15,Login
FNDA:2,handleSubmit
FNDA:0,handleGoogle
FNDA:2,(anonymous_4)
FNDA:2,(anonymous_5)
FNDA:2,(anonymous_6)
FNDA:2,(anonymous_7)
FNDA:1,friendlyError
DA:8,15
DA:9,15
DA:18,15
DA:19,15
DA:20,15
DA:21,15
DA:23,15
DA:27,15
DA:28,15
DA:29,15
DA:32,2
DA:33,2
DA:34,2
DA:35,2
DA:36,2
DA:37,1
DA:39,1
DA:41,2
DA:46,0
DA:47,0
DA:48,0
DA:49,0
DA:50,0
DA:52,0
DA:53,0
DA:56,0
DA:60,15
DA:140,2
DA:152,2
DA:224,1
DA:228,1
DA:230,0
DA:232,0
DA:234,0
DA:236,0
LF:35
LH:23
BRDA:8,0,0,15
BRDA:8,0,1,0
BRDA:10,1,0,15
BRDA:10,1,1,15
BRDA:10,1,2,0
BRDA:23,2,0,15
BRDA:23,2,1,15
BRDA:23,2,2,15
BRDA:52,3,0,0
BRDA:52,3,1,0
BRDA:107,4,0,15
BRDA:107,4,1,0
BRDA:129,5,0,15
BRDA:129,5,1,1
BRDA:169,6,0,2
BRDA:169,6,1,13
BRDA:180,7,0,15
BRDA:180,7,1,13
BRDA:182,8,0,0
BRDA:182,8,1,15
BRDA:187,9,0,0
BRDA:187,9,1,15
BRDA:224,10,0,0
BRDA:224,10,1,1
BRDA:224,10,2,1
BRDA:224,10,3,0
BRDA:224,10,4,0
BRDA:224,10,5,0
BRDA:224,10,6,0
BRF:29
BRH:17
end_of_record
TN:
SF:src\pages\MyRegistrations.jsx
FN:41,PayPrompt
FN:54,(anonymous_1)
FN:57,(anonymous_2)
FN:62,(anonymous_3)
FN:71,(anonymous_4)
FN:76,(anonymous_5)
FN:79,(anonymous_6)
FN:81,(anonymous_7)
FN:93,toggleFee
FN:94,(anonymous_9)
FN:97,handleSubmit
FN:113,(anonymous_11)
FN:124,(anonymous_12)
FN:174,(anonymous_13)
FN:248,(anonymous_14)
FN:258,(anonymous_15)
FN:259,(anonymous_16)
FN:261,(anonymous_17)
FN:265,(anonymous_18)
FN:270,(anonymous_19)
FN:271,(anonymous_20)
FN:299,(anonymous_21)
FN:333,(anonymous_22)
FN:338,(anonymous_23)
FN:356,(anonymous_24)
FN:357,(anonymous_25)
FN:471,(anonymous_26)
FN:535,(anonymous_27)
FN:545,(anonymous_28)
FN:583,(anonymous_29)
FN:596,(anonymous_30)
FN:651,(anonymous_31)
FN:669,formatDateTime
FN:678,ReceiptModal
FN:679,(anonymous_34)
FN:682,(anonymous_35)
FN:707,(anonymous_36)
FN:776,(anonymous_37)
FN:857,(anonymous_38)
FN:888,DocumentPrompt
FN:897,handleSubmit
FN:964,(anonymous_41)
FN:1011,(anonymous_42)
FN:1041,(anonymous_43)
FN:1075,OfficerCard
FN:1076,(anonymous_45)
FN:1112,RegCard
FN:1221,MyRegistrations
FN:1231,(anonymous_48)
FN:1237,(anonymous_49)
FN:1238,(anonymous_50)
FN:1244,(anonymous_51)
FN:1245,(anonymous_52)
FN:1248,(anonymous_53)
FN:1249,(anonymous_54)
FN:1255,(anonymous_55)
FN:1258,(anonymous_56)
FN:1271,(anonymous_57)
FN:1278,(anonymous_58)
FN:1285,(anonymous_59)
FN:1291,(anonymous_60)
FN:1299,(anonymous_61)
FN:1309,(anonymous_62)
FN:1317,(anonymous_63)
FN:1325,(anonymous_64)
FN:1330,(anonymous_65)
FN:1332,(anonymous_66)
FN:1339,(anonymous_67)
FN:1341,(anonymous_68)
FN:1342,(anonymous_69)
FN:1349,(anonymous_70)
FN:1427,(anonymous_71)
FN:1432,(anonymous_72)
FN:1433,(anonymous_73)
FN:1434,(anonymous_74)
FN:1446,(anonymous_75)
FN:1451,(anonymous_76)
FN:1452,(anonymous_77)
FN:1453,(anonymous_78)
FN:1473,(anonymous_79)
FN:1489,(anonymous_80)
FN:1508,(anonymous_81)
FN:1509,(anonymous_82)
FN:1514,(anonymous_83)
FN:1522,(anonymous_84)
FN:1523,(anonymous_85)
FNF:86
FNH:52
FNDA:8,PayPrompt
FNDA:2,(anonymous_1)
FNDA:2,(anonymous_2)
FNDA:0,(anonymous_3)
FNDA:2,(anonymous_4)
FNDA:4,(anonymous_5)
FNDA:4,(anonymous_6)
FNDA:2,(anonymous_7)
FNDA:2,toggleFee
FNDA:2,(anonymous_9)
FNDA:0,handleSubmit
FNDA:0,(anonymous_11)
FNDA:0,(anonymous_12)
FNDA:0,(anonymous_13)
FNDA:7,(anonymous_14)
FNDA:12,(anonymous_15)
FNDA:2,(anonymous_16)
FNDA:12,(anonymous_17)
FNDA:9,(anonymous_18)
FNDA:7,(anonymous_19)
FNDA:6,(anonymous_20)
FNDA:7,(anonymous_21)
FNDA:6,(anonymous_22)
FNDA:0,(anonymous_23)
FNDA:2,(anonymous_24)
FNDA:2,(anonymous_25)
FNDA:0,(anonymous_26)
FNDA:0,(anonymous_27)
FNDA:0,(anonymous_28)
FNDA:0,(anonymous_29)
FNDA:0,(anonymous_30)
FNDA:0,(anonymous_31)
FNDA:6,formatDateTime
FNDA:1,ReceiptModal
FNDA:1,(anonymous_34)
FNDA:1,(anonymous_35)
FNDA:0,(anonymous_36)
FNDA:1,(anonymous_37)
FNDA:0,(anonymous_38)
FNDA:1,DocumentPrompt
FNDA:0,handleSubmit
FNDA:0,(anonymous_41)
FNDA:0,(anonymous_42)
FNDA:0,(anonymous_43)
FNDA:1,OfficerCard
FNDA:1,(anonymous_45)
FNDA:21,RegCard
FNDA:37,MyRegistrations
FNDA:10,(anonymous_48)
FNDA:10,(anonymous_49)
FNDA:7,(anonymous_50)
FNDA:20,(anonymous_51)
FNDA:7,(anonymous_52)
FNDA:7,(anonymous_53)
FNDA:7,(anonymous_54)
FNDA:7,(anonymous_55)
FNDA:0,(anonymous_56)
FNDA:22,(anonymous_57)
FNDA:22,(anonymous_58)
FNDA:0,(anonymous_59)
FNDA:21,(anonymous_60)
FNDA:0,(anonymous_61)
FNDA:1,(anonymous_62)
FNDA:0,(anonymous_63)
FNDA:21,(anonymous_64)
FNDA:21,(anonymous_65)
FNDA:10,(anonymous_66)
FNDA:10,(anonymous_67)
FNDA:1,(anonymous_68)
FNDA:0,(anonymous_69)
FNDA:0,(anonymous_70)
FNDA:21,(anonymous_71)
FNDA:2,(anonymous_72)
FNDA:1,(anonymous_73)
FNDA:1,(anonymous_74)
FNDA:0,(anonymous_75)
FNDA:0,(anonymous_76)
FNDA:0,(anonymous_77)
FNDA:0,(anonymous_78)
FNDA:1,(anonymous_79)
FNDA:0,(anonymous_80)
FNDA:0,(anonymous_81)
FNDA:0,(anonymous_82)
FNDA:0,(anonymous_83)
FNDA:0,(anonymous_84)
FNDA:0,(anonymous_85)
DA:27,1
DA:34,1
DA:42,8
DA:43,8
DA:44,8
DA:45,8
DA:46,8
DA:47,8
DA:52,8
DA:54,8
DA:55,2
DA:56,2
DA:58,2
DA:59,2
DA:63,0
DA:71,2
DA:72,2
DA:76,8
DA:77,4
DA:78,2
DA:79,2
DA:80,4
DA:81,2
DA:82,4
DA:83,1
DA:84,1
DA:85,0
DA:87,1
DA:90,2
DA:94,2
DA:98,0
DA:99,0
DA:100,0
DA:101,0
DA:102,0
DA:104,0
DA:105,0
DA:106,0
DA:107,0
DA:109,0
DA:110,0
DA:111,0
DA:112,0
DA:114,0
DA:118,0
DA:119,0
DA:120,0
DA:123,0
DA:124,0
DA:131,0
DA:142,0
DA:144,0
DA:145,0
DA:155,0
DA:159,8
DA:174,0
DA:256,7
DA:257,7
DA:258,12
DA:259,2
DA:260,7
DA:261,12
DA:263,7
DA:264,7
DA:265,7
DA:266,9
DA:267,9
DA:268,0
DA:270,7
DA:271,7
DA:272,6
DA:274,7
DA:277,7
DA:300,7
DA:334,6
DA:335,6
DA:338,0
DA:356,2
DA:357,2
DA:471,0
DA:535,0
DA:545,0
DA:583,0
DA:596,0
DA:651,0
DA:663,1
DA:670,6
DA:671,6
DA:672,6
DA:679,1
DA:680,1
DA:681,1
DA:682,1
DA:683,1
DA:684,1
DA:685,0
DA:687,1
DA:690,1
DA:692,1
DA:707,0
DA:777,1
DA:858,0
DA:889,1
DA:890,1
DA:892,1
DA:893,1
DA:894,1
DA:895,1
DA:898,0
DA:899,0
DA:900,0
DA:901,0
DA:902,0
DA:904,0
DA:905,0
DA:906,0
DA:909,0
DA:910,0
DA:911,0
DA:912,0
DA:913,0
DA:914,0
DA:918,0
DA:919,0
DA:920,0
DA:922,0
DA:923,0
DA:927,0
DA:928,0
DA:929,0
DA:931,0
DA:932,0
DA:934,0
DA:935,0
DA:945,0
DA:949,1
DA:964,0
DA:1011,0
DA:1041,0
DA:1076,1
DA:1077,1
DA:1079,1
DA:1113,21
DA:1114,21
DA:1115,21
DA:1222,37
DA:1223,37
DA:1224,37
DA:1225,37
DA:1226,37
DA:1227,37
DA:1228,37
DA:1229,37
DA:1231,37
DA:1232,10
DA:1237,10
DA:1238,10
DA:1239,10
DA:1241,10
DA:1244,37
DA:1245,20
DA:1246,20
DA:1247,7
DA:1248,7
DA:1249,7
DA:1256,7
DA:1259,0
DA:1271,37
DA:1272,22
DA:1273,9
DA:1274,0
DA:1275,0
DA:1278,37
DA:1279,22
DA:1280,22
DA:1281,22
DA:1282,9
DA:1283,9
DA:1285,37
DA:1287,37
DA:1289,37
DA:1290,37
DA:1291,37
DA:1292,21
DA:1293,21
DA:1294,0
DA:1296,21
DA:1299,37
DA:1300,0
DA:1301,0
DA:1302,0
DA:1304,37
DA:1305,37
DA:1307,37
DA:1308,37
DA:1309,37
DA:1310,1
DA:1311,1
DA:1312,0
DA:1314,1
DA:1317,37
DA:1318,0
DA:1319,0
DA:1320,0
DA:1322,37
DA:1323,37
DA:1325,37
DA:1327,21
DA:1330,37
DA:1332,37
DA:1333,10
DA:1340,10
DA:1341,1
DA:1343,0
DA:1344,0
DA:1345,0
DA:1347,10
DA:1350,0
DA:1351,0
DA:1361,37
DA:1428,21
DA:1432,2
DA:1433,1
DA:1434,1
DA:1447,0
DA:1451,0
DA:1452,0
DA:1453,0
DA:1474,1
DA:1490,0
DA:1508,0
DA:1509,0
DA:1514,0
DA:1522,0
DA:1523,0
LF:235
LH:141
BRDA:58,0,0,2
BRDA:58,0,1,0
BRDA:58,1,0,2
BRDA:58,1,1,2
BRDA:77,2,0,2
BRDA:77,2,1,2
BRDA:80,3,0,2
BRDA:80,3,1,2
BRDA:82,4,0,1
BRDA:82,4,1,1
BRDA:84,5,0,0
BRDA:84,5,1,1
BRDA:100,6,0,0
BRDA:100,6,1,0
BRDA:105,7,0,0
BRDA:105,7,1,0
BRDA:105,8,0,0
BRDA:105,8,1,0
BRDA:105,8,2,0
BRDA:123,9,0,0
BRDA:123,9,1,0
BRDA:128,10,0,0
BRDA:128,10,1,0
BRDA:140,11,0,0
BRDA:140,11,1,0
BRDA:186,12,0,4
BRDA:186,12,1,4
BRDA:196,13,0,8
BRDA:196,13,1,4
BRDA:204,14,0,8
BRDA:204,14,1,0
BRDA:206,15,0,8
BRDA:206,15,1,4
BRDA:231,16,0,4
BRDA:231,16,1,0
BRDA:234,17,0,4
BRDA:234,17,1,0
BRDA:239,18,0,4
BRDA:239,18,1,4
BRDA:239,18,2,4
BRDA:242,19,0,4
BRDA:242,19,1,0
BRDA:248,20,0,8
BRDA:248,20,1,4
BRDA:248,20,2,7
BRDA:257,21,0,6
BRDA:257,21,1,1
BRDA:259,22,0,2
BRDA:259,22,1,1
BRDA:260,23,0,6
BRDA:260,23,1,1
BRDA:267,24,0,9
BRDA:267,24,1,0
BRDA:272,25,0,2
BRDA:272,25,1,4
BRDA:274,26,0,0
BRDA:274,26,1,7
BRDA:306,27,0,6
BRDA:306,27,1,1
BRDA:309,28,0,7
BRDA:309,28,1,0
BRDA:329,29,0,7
BRDA:329,29,1,0
BRDA:342,30,0,2
BRDA:342,30,1,4
BRDA:362,31,0,6
BRDA:362,31,1,0
BRDA:373,32,0,6
BRDA:373,32,1,0
BRDA:393,33,0,6
BRDA:393,33,1,0
BRDA:403,34,0,6
BRDA:403,34,1,1
BRDA:420,35,0,7
BRDA:420,35,1,6
BRDA:432,36,0,7
BRDA:432,36,1,1
BRDA:458,37,0,8
BRDA:458,37,1,8
BRDA:469,38,0,0
BRDA:469,38,1,8
BRDA:480,39,0,0
BRDA:480,39,1,8
BRDA:484,40,0,8
BRDA:484,40,1,0
BRDA:500,41,0,8
BRDA:500,41,1,0
BRDA:516,42,0,8
BRDA:516,42,1,8
BRDA:516,42,2,8
BRDA:516,42,3,8
BRDA:547,43,0,8
BRDA:547,43,1,0
BRDA:555,44,0,0
BRDA:555,44,1,0
BRDA:575,45,0,0
BRDA:575,45,1,8
BRDA:581,46,0,8
BRDA:581,46,1,0
BRDA:610,47,0,0
BRDA:610,47,1,0
BRDA:619,48,0,0
BRDA:619,48,1,0
BRDA:622,49,0,0
BRDA:622,49,1,0
BRDA:670,50,0,6
BRDA:670,50,1,0
BRDA:670,51,0,0
BRDA:670,51,1,0
BRDA:671,52,0,0
BRDA:671,52,1,6
BRDA:671,53,0,6
BRDA:671,53,1,6
BRDA:679,54,0,1
BRDA:679,54,1,0
BRDA:684,55,0,1
BRDA:684,55,1,0
BRDA:687,56,0,0
BRDA:687,56,1,1
BRDA:730,57,0,1
BRDA:730,57,1,0
BRDA:754,58,0,1
BRDA:754,58,1,1
BRDA:787,59,0,1
BRDA:787,59,1,0
BRDA:815,60,0,1
BRDA:815,60,1,0
BRDA:827,61,0,1
BRDA:827,61,1,0
BRDA:835,62,0,1
BRDA:835,62,1,0
BRDA:836,63,0,1
BRDA:836,63,1,0
BRDA:842,64,0,1
BRDA:842,64,1,0
BRDA:869,65,0,0
BRDA:869,65,1,0
BRDA:889,66,0,1
BRDA:889,66,1,1
BRDA:890,67,0,1
BRDA:890,67,1,0
BRDA:900,68,0,0
BRDA:900,68,1,0
BRDA:900,69,0,0
BRDA:900,69,1,0
BRDA:904,70,0,0
BRDA:904,70,1,0
BRDA:904,71,0,0
BRDA:904,71,1,0
BRDA:913,72,0,0
BRDA:913,72,1,0
BRDA:922,73,0,0
BRDA:922,73,1,0
BRDA:987,74,0,1
BRDA:987,74,1,0
BRDA:990,75,0,1
BRDA:990,75,1,1
BRDA:995,76,0,1
BRDA:995,76,1,1
BRDA:1011,77,0,0
BRDA:1011,77,1,0
BRDA:1020,78,0,1
BRDA:1020,78,1,0
BRDA:1025,79,0,0
BRDA:1025,79,1,0
BRDA:1041,80,0,0
BRDA:1041,80,1,0
BRDA:1066,81,0,0
BRDA:1066,81,1,1
BRDA:1076,82,0,1
BRDA:1076,82,1,0
BRDA:1097,83,0,1
BRDA:1097,83,1,0
BRDA:1113,84,0,21
BRDA:1113,84,1,2
BRDA:1114,85,0,21
BRDA:1114,85,1,0
BRDA:1133,86,0,21
BRDA:1133,86,1,0
BRDA:1135,87,0,21
BRDA:1135,87,1,21
BRDA:1135,87,2,15
BRDA:1161,88,0,21
BRDA:1161,88,1,0
BRDA:1165,89,0,21
BRDA:1165,89,1,0
BRDA:1177,90,0,21
BRDA:1177,90,1,0
BRDA:1182,91,0,21
BRDA:1182,91,1,21
BRDA:1182,91,2,18
BRDA:1182,91,3,3
BRDA:1188,92,0,21
BRDA:1188,92,1,21
BRDA:1188,92,2,12
BRDA:1197,93,0,21
BRDA:1197,93,1,21
BRDA:1197,93,2,9
BRDA:1197,93,3,12
BRDA:1207,94,0,21
BRDA:1207,94,1,21
BRDA:1207,94,2,19
BRDA:1207,94,3,2
BRDA:1209,95,0,0
BRDA:1209,95,1,2
BRDA:1209,96,0,2
BRDA:1209,96,1,2
BRDA:1211,97,0,2
BRDA:1211,97,1,0
BRDA:1246,98,0,13
BRDA:1246,98,1,7
BRDA:1251,99,0,7
BRDA:1251,99,1,0
BRDA:1272,100,0,13
BRDA:1272,100,1,9
BRDA:1273,101,0,9
BRDA:1273,101,1,0
BRDA:1275,102,0,0
BRDA:1275,102,1,0
BRDA:1279,103,0,22
BRDA:1279,103,1,22
BRDA:1281,104,0,13
BRDA:1281,104,1,9
BRDA:1293,105,0,0
BRDA:1293,105,1,21
BRDA:1293,106,0,21
BRDA:1293,106,1,8
BRDA:1300,107,0,0
BRDA:1300,107,1,0
BRDA:1301,108,0,0
BRDA:1301,108,1,0
BRDA:1311,109,0,0
BRDA:1311,109,1,1
BRDA:1311,110,0,1
BRDA:1311,110,1,1
BRDA:1318,111,0,0
BRDA:1318,111,1,0
BRDA:1319,112,0,0
BRDA:1319,112,1,0
BRDA:1327,113,0,21
BRDA:1327,113,1,21
BRDA:1327,113,2,18
BRDA:1343,114,0,0
BRDA:1343,114,1,0
BRDA:1343,115,0,0
BRDA:1343,115,1,0
BRDA:1344,116,0,0
BRDA:1344,116,1,0
BRDA:1344,117,0,0
BRDA:1344,117,1,0
BRDA:1370,118,0,10
BRDA:1370,118,1,27
BRDA:1401,119,0,6
BRDA:1401,119,1,21
BRDA:1421,120,0,0
BRDA:1421,120,1,21
BRDA:1440,121,0,21
BRDA:1440,121,1,0
BRDA:1462,122,0,27
BRDA:1462,122,1,1
BRDA:1467,123,0,0
BRDA:1467,123,1,1
BRDA:1483,124,0,1
BRDA:1483,124,1,0
BRDA:1505,125,0,37
BRDA:1505,125,1,2
BRDA:1513,126,0,37
BRDA:1513,126,1,1
BRDA:1517,127,0,37
BRDA:1517,127,1,1
BRF:270
BRH:156
end_of_record
TN:
SF:src\pages\NotFound.jsx
FN:5,NotFound
FNF:1
FNH:1
FNDA:2,NotFound
DA:6,2
LF:1
LH:1
BRF:0
BRH:0
end_of_record
TN:
SF:src\pages\Register.jsx
FN:39,Register
FN:63,(anonymous_1)
FN:64,load
FN:84,(anonymous_3)
FN:93,setField
FN:94,(anonymous_5)
FN:97,validate
FN:130,handleSubmit
FN:151,(anonymous_8)
FN:235,(anonymous_9)
FN:377,(anonymous_10)
FN:405,(anonymous_11)
FN:431,(anonymous_12)
FN:451,(anonymous_13)
FN:463,(anonymous_14)
FN:472,(anonymous_15)
FN:483,(anonymous_16)
FN:492,(anonymous_17)
FN:516,(anonymous_18)
FN:534,(anonymous_19)
FN:552,(anonymous_20)
FN:564,(anonymous_21)
FN:575,(anonymous_22)
FN:593,(anonymous_23)
FN:629,(anonymous_24)
FN:662,(anonymous_25)
FN:702,(anonymous_26)
FN:723,(anonymous_27)
FN:734,(anonymous_28)
FN:738,(anonymous_29)
FN:743,(anonymous_30)
FN:751,(anonymous_31)
FN:752,(anonymous_32)
FN:812,(anonymous_33)
FN:864,(anonymous_34)
FN:876,(anonymous_35)
FN:877,(anonymous_36)
FN:887,(anonymous_37)
FN:888,(anonymous_38)
FN:893,(anonymous_39)
FN:1031,(anonymous_40)
FN:1126,(anonymous_41)
FN:1185,(anonymous_42)
FN:1203,(anonymous_43)
FN:1208,(anonymous_44)
FN:1210,(anonymous_45)
FN:1213,(anonymous_46)
FN:1245,(anonymous_47)
FN:1347,(anonymous_48)
FN:1360,(anonymous_49)
FN:1415,(anonymous_50)
FNF:51
FNH:7
FNDA:14,Register
FNDA:7,(anonymous_1)
FNDA:7,load
FNDA:5,(anonymous_3)
FNDA:0,setField
FNDA:0,(anonymous_5)
FNDA:2,validate
FNDA:2,handleSubmit
FNDA:0,(anonymous_8)
FNDA:0,(anonymous_9)
FNDA:0,(anonymous_10)
FNDA:0,(anonymous_11)
FNDA:12,(anonymous_12)
FNDA:0,(anonymous_13)
FNDA:0,(anonymous_14)
FNDA:0,(anonymous_15)
FNDA:0,(anonymous_16)
FNDA:0,(anonymous_17)
FNDA:0,(anonymous_18)
FNDA:0,(anonymous_19)
FNDA:0,(anonymous_20)
FNDA:0,(anonymous_21)
FNDA:0,(anonymous_22)
FNDA:0,(anonymous_23)
FNDA:0,(anonymous_24)
FNDA:0,(anonymous_25)
FNDA:0,(anonymous_26)
FNDA:0,(anonymous_27)
FNDA:0,(anonymous_28)
FNDA:0,(anonymous_29)
FNDA:0,(anonymous_30)
FNDA:0,(anonymous_31)
FNDA:0,(anonymous_32)
FNDA:0,(anonymous_33)
FNDA:0,(anonymous_34)
FNDA:0,(anonymous_35)
FNDA:0,(anonymous_36)
FNDA:0,(anonymous_37)
FNDA:0,(anonymous_38)
FNDA:0,(anonymous_39)
FNDA:0,(anonymous_40)
FNDA:0,(anonymous_41)
FNDA:0,(anonymous_42)
FNDA:0,(anonymous_43)
FNDA:0,(anonymous_44)
FNDA:0,(anonymous_45)
FNDA:0,(anonymous_46)
FNDA:0,(anonymous_47)
FNDA:0,(anonymous_48)
FNDA:0,(anonymous_49)
FNDA:0,(anonymous_50)
DA:26,1
DA:40,14
DA:41,14
DA:42,14
DA:44,14
DA:45,14
DA:46,14
DA:47,14
DA:48,14
DA:49,14
DA:50,14
DA:51,14
DA:52,14
DA:53,14
DA:54,14
DA:55,14
DA:56,14
DA:57,14
DA:58,14
DA:59,14
DA:60,14
DA:61,14
DA:63,14
DA:65,7
DA:66,7
DA:67,1
DA:68,1
DA:72,6
DA:77,6
DA:78,6
DA:79,1
DA:80,1
DA:83,5
DA:84,5
DA:88,5
DA:90,7
DA:94,0
DA:98,2
DA:99,2
DA:101,2
DA:102,2
DA:103,2
DA:104,2
DA:105,2
DA:106,2
DA:107,0
DA:109,2
DA:110,0
DA:112,2
DA:113,2
DA:114,2
DA:115,0
DA:116,0
DA:120,2
DA:121,0
DA:123,2
DA:124,0
DA:127,2
DA:131,2
DA:132,2
DA:133,2
DA:135,2
DA:136,2
DA:137,2
DA:138,2
DA:139,2
DA:142,0
DA:143,0
DA:144,0
DA:145,0
DA:146,0
DA:147,0
DA:148,0
DA:149,0
DA:150,0
DA:152,0
DA:156,0
DA:157,0
DA:158,0
DA:161,0
DA:163,0
DA:164,0
DA:165,0
DA:169,0
DA:170,0
DA:171,0
DA:173,0
DA:174,0
DA:175,0
DA:179,0
DA:180,0
DA:181,0
DA:184,0
DA:185,0
DA:186,0
DA:187,0
DA:196,0
DA:199,0
DA:200,0
DA:236,0
DA:237,0
DA:238,0
DA:245,0
DA:246,0
DA:252,0
DA:264,2
DA:265,0
DA:266,0
DA:268,0
DA:269,0
DA:270,0
DA:280,0
DA:284,14
DA:285,7
DA:287,7
DA:288,0
DA:372,7
DA:377,0
DA:406,0
DA:432,12
DA:451,0
DA:463,0
DA:472,0
DA:483,0
DA:492,0
DA:516,0
DA:534,0
DA:552,0
DA:564,0
DA:575,0
DA:593,0
DA:630,0
DA:663,0
DA:702,0
DA:723,0
DA:736,0
DA:738,0
DA:739,0
DA:740,0
DA:743,0
DA:744,0
DA:745,0
DA:747,0
DA:748,0
DA:749,0
DA:751,0
DA:753,0
DA:754,0
DA:755,0
DA:757,0
DA:760,0
DA:813,0
DA:865,0
DA:866,0
DA:877,0
DA:888,0
DA:893,0
DA:1031,0
DA:1126,0
DA:1185,0
DA:1204,0
DA:1205,0
DA:1206,0
DA:1207,0
DA:1210,0
DA:1211,0
DA:1212,0
DA:1213,0
DA:1214,0
DA:1219,0
DA:1221,0
DA:1246,0
DA:1347,0
DA:1360,0
DA:1415,0
LF:175
LH:65
BRDA:66,0,0,1
BRDA:66,0,1,6
BRDA:66,1,0,7
BRDA:66,1,1,7
BRDA:78,2,0,1
BRDA:78,2,1,5
BRDA:78,3,0,6
BRDA:78,3,1,1
BRDA:86,4,0,5
BRDA:86,4,1,0
BRDA:86,4,2,0
BRDA:101,5,0,0
BRDA:101,5,1,2
BRDA:102,6,0,2
BRDA:102,6,1,0
BRDA:103,7,0,2
BRDA:103,7,1,0
BRDA:104,8,0,2
BRDA:104,8,1,0
BRDA:105,9,0,2
BRDA:105,9,1,0
BRDA:106,10,0,0
BRDA:106,10,1,2
BRDA:106,11,0,2
BRDA:106,11,1,0
BRDA:109,12,0,0
BRDA:109,12,1,2
BRDA:109,13,0,2
BRDA:109,13,1,0
BRDA:112,14,0,2
BRDA:112,14,1,0
BRDA:113,15,0,2
BRDA:113,15,1,0
BRDA:115,16,0,0
BRDA:115,16,1,0
BRDA:120,17,0,0
BRDA:120,17,1,2
BRDA:120,18,0,2
BRDA:120,18,1,0
BRDA:120,18,2,0
BRDA:120,18,3,0
BRDA:123,19,0,0
BRDA:123,19,1,2
BRDA:123,20,0,2
BRDA:123,20,1,0
BRDA:123,20,2,0
BRDA:123,20,3,0
BRDA:136,21,0,2
BRDA:136,21,1,0
BRDA:147,22,0,0
BRDA:147,22,1,0
BRDA:163,23,0,0
BRDA:163,23,1,0
BRDA:173,24,0,0
BRDA:173,24,1,0
BRDA:193,25,0,0
BRDA:193,25,1,0
BRDA:203,26,0,0
BRDA:203,26,1,0
BRDA:204,27,0,2
BRDA:204,27,1,0
BRDA:228,28,0,0
BRDA:228,28,1,0
BRDA:229,29,0,0
BRDA:229,29,1,0
BRDA:231,30,0,0
BRDA:231,30,1,0
BRDA:235,31,0,2
BRDA:235,31,1,0
BRDA:237,32,0,0
BRDA:237,32,1,0
BRDA:245,33,0,0
BRDA:245,33,1,0
BRDA:276,34,0,0
BRDA:276,34,1,0
BRDA:284,35,0,7
BRDA:284,35,1,7
BRDA:285,36,0,0
BRDA:285,36,1,7
BRDA:287,37,0,0
BRDA:287,37,1,7
BRDA:332,38,0,0
BRDA:332,38,1,0
BRDA:394,39,0,7
BRDA:394,39,1,0
BRDA:425,40,0,14
BRDA:425,40,1,2
BRDA:429,41,0,2
BRDA:429,41,1,2
BRDA:603,42,0,14
BRDA:603,42,1,7
BRDA:603,42,2,0
BRDA:607,43,0,0
BRDA:607,43,1,0
BRDA:612,44,0,0
BRDA:612,44,1,0
BRDA:630,45,0,0
BRDA:630,45,1,0
BRDA:640,46,0,0
BRDA:640,46,1,0
BRDA:645,47,0,0
BRDA:645,47,1,0
BRDA:663,48,0,0
BRDA:663,48,1,0
BRDA:734,49,0,14
BRDA:734,49,1,0
BRDA:739,50,0,0
BRDA:739,50,1,0
BRDA:744,51,0,0
BRDA:744,51,1,0
BRDA:754,52,0,0
BRDA:754,52,1,0
BRDA:757,53,0,0
BRDA:757,53,1,0
BRDA:830,54,0,0
BRDA:830,54,1,0
BRDA:860,55,0,0
BRDA:860,55,1,0
BRDA:871,56,0,0
BRDA:871,56,1,0
BRDA:903,57,0,0
BRDA:903,57,1,0
BRDA:931,58,0,0
BRDA:931,58,1,0
BRDA:936,59,0,0
BRDA:936,59,1,0
BRDA:1007,60,0,0
BRDA:1007,60,1,7
BRDA:1007,61,0,14
BRDA:1007,61,1,7
BRDA:1007,61,2,7
BRDA:1019,62,0,0
BRDA:1019,62,1,0
BRDA:1040,63,0,0
BRDA:1040,63,1,0
BRDA:1046,64,0,0
BRDA:1046,64,1,0
BRDA:1065,65,0,0
BRDA:1065,65,1,0
BRDA:1205,66,0,0
BRDA:1205,66,1,0
BRDA:1211,67,0,0
BRDA:1211,67,1,0
BRDA:1236,68,0,14
BRDA:1236,68,1,0
BRDA:1256,69,0,0
BRDA:1256,69,1,0
BRDA:1310,70,0,14
BRDA:1310,70,1,0
BRDA:1319,71,0,0
BRDA:1319,71,1,0
BRDA:1328,72,0,14
BRDA:1328,72,1,7
BRDA:1330,73,0,0
BRDA:1330,73,1,7
BRDA:1333,74,0,0
BRDA:1333,74,1,0
BRDA:1345,75,0,14
BRDA:1345,75,1,0
BRDA:1374,76,0,0
BRDA:1374,76,1,0
BRDA:1383,77,0,0
BRDA:1383,77,1,0
BRDA:1386,78,0,0
BRDA:1386,78,1,0
BRF:165
BRH:49
end_of_record
TN:
SF:src\pages\ReleaseNotes.jsx
FN:14,ReleaseNotes
FN:18,(anonymous_1)
FN:24,(anonymous_2)
FN:25,(anonymous_3)
FN:45,(anonymous_4)
FNF:5
FNH:5
FNDA:4,ReleaseNotes
FNDA:2,(anonymous_1)
FNDA:2,(anonymous_2)
FNDA:1,(anonymous_3)
FNDA:1,(anonymous_4)
DA:15,4
DA:16,4
DA:18,4
DA:19,2
DA:24,2
DA:25,2
DA:26,2
DA:28,2
DA:31,4
DA:46,1
LF:10
LH:10
BRDA:40,0,0,2
BRDA:40,0,1,2
BRDA:42,1,0,1
BRDA:42,1,1,1
BRDA:51,2,0,1
BRDA:51,2,1,0
BRF:6
BRH:5
end_of_record
TN:
SF:src\pages\Schedule.jsx
FN:39,Schedule
FN:45,(anonymous_1)
FN:50,dismissBanner
FN:55,(anonymous_3)
FN:61,(anonymous_4)
FN:62,(anonymous_5)
FN:68,(anonymous_6)
FN:69,(anonymous_7)
FN:71,(anonymous_8)
FN:74,(anonymous_9)
FN:79,(anonymous_10)
FN:81,(anonymous_11)
FN:90,(anonymous_12)
FN:94,(anonymous_13)
FN:98,(anonymous_14)
FN:107,(anonymous_15)
FN:109,(anonymous_16)
FN:110,(anonymous_17)
FN:117,(anonymous_18)
FN:125,(anonymous_19)
FN:126,(anonymous_20)
FN:127,(anonymous_21)
FN:325,(anonymous_22)
FN:329,(anonymous_23)
FN:387,(anonymous_24)
FN:394,(anonymous_25)
FN:411,(anonymous_26)
FNF:27
FNH:20
FNDA:18,Schedule
FNDA:7,(anonymous_1)
FNDA:0,dismissBanner
FNDA:7,(anonymous_3)
FNDA:7,(anonymous_4)
FNDA:12,(anonymous_5)
FNDA:7,(anonymous_6)
FNDA:0,(anonymous_7)
FNDA:7,(anonymous_8)
FNDA:18,(anonymous_9)
FNDA:0,(anonymous_10)
FNDA:0,(anonymous_11)
FNDA:34,(anonymous_12)
FNDA:10,(anonymous_13)
FNDA:20,(anonymous_14)
FNDA:108,(anonymous_15)
FNDA:102,(anonymous_16)
FNDA:0,(anonymous_17)
FNDA:17,(anonymous_18)
FNDA:20,(anonymous_19)
FNDA:20,(anonymous_20)
FNDA:20,(anonymous_21)
FNDA:180,(anonymous_22)
FNDA:4,(anonymous_23)
FNDA:0,(anonymous_24)
FNDA:34,(anonymous_25)
FNDA:0,(anonymous_26)
DA:17,1
DA:18,1
DA:26,1
DA:40,18
DA:41,18
DA:42,18
DA:43,18
DA:44,18
DA:45,18
DA:46,7
DA:48,18
DA:51,0
DA:52,0
DA:55,18
DA:56,7
DA:61,7
DA:62,12
DA:63,7
DA:65,7
DA:68,18
DA:69,7
DA:70,7
DA:71,7
DA:74,18
DA:75,18
DA:76,10
DA:79,10
DA:81,0
DA:82,0
DA:83,0
DA:84,0
DA:90,10
DA:91,34
DA:92,34
DA:94,10
DA:98,18
DA:99,20
DA:100,6
DA:101,6
DA:102,0
DA:106,18
DA:107,18
DA:108,108
DA:109,102
DA:111,0
DA:112,0
DA:113,0
DA:115,108
DA:116,17
DA:117,17
DA:118,17
DA:123,18
DA:125,20
DA:126,20
DA:127,20
DA:130,18
DA:326,180
DA:329,4
DA:387,0
DA:395,34
DA:411,0
LF:61
LH:49
BRDA:75,0,0,8
BRDA:75,0,1,10
BRDA:82,1,0,0
BRDA:82,1,1,0
BRDA:99,2,0,14
BRDA:99,2,1,6
BRDA:100,3,0,6
BRDA:100,3,1,0
BRDA:111,4,0,0
BRDA:111,4,1,0
BRDA:111,5,0,0
BRDA:111,5,1,0
BRDA:112,6,0,0
BRDA:112,6,1,0
BRDA:112,7,0,0
BRDA:112,7,1,0
BRDA:115,8,0,17
BRDA:115,8,1,91
BRDA:277,9,0,18
BRDA:277,9,1,18
BRDA:277,9,2,18
BRDA:328,10,0,18
BRDA:328,10,1,162
BRDA:337,11,0,7
BRDA:337,11,1,11
BRDA:339,12,0,1
BRDA:339,12,1,10
BRDA:395,13,0,17
BRDA:395,13,1,17
BRDA:409,14,0,0
BRDA:409,14,1,18
BRF:31
BRH:19
end_of_record
TN:
SF:src\pages\Signup.jsx
FN:7,Signup
FN:17,handleSubmit
FN:33,handleGoogle
FN:82,(anonymous_3)
FN:82,(anonymous_4)
FN:90,(anonymous_5)
FN:90,(anonymous_6)
FN:100,(anonymous_7)
FN:100,(anonymous_8)
FN:108,(anonymous_9)
FN:108,(anonymous_10)
FN:139,friendlyError
FNF:12
FNH:11
FNDA:28,Signup
FNDA:4,handleSubmit
FNDA:0,handleGoogle
FNDA:4,(anonymous_3)
FNDA:4,(anonymous_4)
FNDA:4,(anonymous_5)
FNDA:4,(anonymous_6)
FNDA:4,(anonymous_7)
FNDA:4,(anonymous_8)
FNDA:4,(anonymous_9)
FNDA:4,(anonymous_10)
FNDA:1,friendlyError
DA:8,28
DA:9,28
DA:10,28
DA:11,28
DA:13,28
DA:14,28
DA:15,28
DA:18,4
DA:19,4
DA:20,4
DA:21,3
DA:22,2
DA:23,2
DA:24,2
DA:25,1
DA:27,1
DA:29,2
DA:34,0
DA:35,0
DA:36,0
DA:37,0
DA:38,0
DA:40,0
DA:42,0
DA:46,28
DA:82,4
DA:90,4
DA:100,4
DA:108,4
DA:140,1
DA:141,1
DA:142,0
DA:143,0
DA:144,0
LF:34
LH:24
BRDA:11,0,0,28
BRDA:11,0,1,28
BRDA:20,1,0,1
BRDA:20,1,1,3
BRDA:21,2,0,1
BRDA:21,2,1,2
BRDA:74,3,0,28
BRDA:74,3,1,3
BRDA:113,4,0,2
BRDA:113,4,1,26
BRDA:140,5,0,1
BRDA:140,5,1,0
BRDA:140,5,2,0
BRDA:140,5,3,0
BRF:14
BRH:11
end_of_record
TN:
SF:src\pages\WaiverPrint.jsx
FN:9,WaiverPrint
FN:17,(anonymous_1)
FN:18,load
FN:41,(anonymous_3)
FN:45,(anonymous_4)
FNF:5
FNH:3
FNDA:12,WaiverPrint
FNDA:6,(anonymous_1)
FNDA:6,load
FNDA:0,(anonymous_3)
FNDA:0,(anonymous_4)
DA:10,12
DA:11,12
DA:12,12
DA:14,12
DA:15,12
DA:17,12
DA:19,6
DA:20,6
DA:21,6
DA:23,6
DA:24,6
DA:25,6
DA:27,6
DA:30,12
DA:31,6
DA:33,6
DA:37,12
DA:41,0
DA:45,0
LF:19
LH:17
BRDA:20,0,0,0
BRDA:20,0,1,6
BRDA:23,1,0,0
BRDA:23,1,1,6
BRDA:23,2,0,6
BRDA:23,2,1,1
BRDA:30,3,0,6
BRDA:30,3,1,6
BRDA:31,4,0,0
BRDA:31,4,1,6
BRDA:33,5,0,0
BRDA:33,5,1,6
BRDA:68,6,0,12
BRDA:68,6,1,6
BRDA:69,7,0,12
BRDA:69,7,1,6
BRDA:70,8,0,12
BRDA:70,8,1,6
BRDA:75,9,0,12
BRDA:75,9,1,0
BRF:20
BRH:15
end_of_record
TN:
SF:src\pages\admin\AllRegistrations.jsx
FN:41,AllRegistrations
FN:52,(anonymous_1)
FN:63,(anonymous_2)
FN:66,(anonymous_3)
FN:68,(anonymous_4)
FN:77,(anonymous_5)
FN:85,(anonymous_6)
FN:86,(anonymous_7)
FN:92,changeStatus
FN:98,(anonymous_9)
FN:109,changePaymentStatus
FN:114,(anonymous_11)
FN:125,deleteRegistration
FN:150,toggleTransportation
FN:151,(anonymous_14)
FN:154,(anonymous_15)
FN:170,saveRegistrationEdit
FN:175,(anonymous_17)
FN:187,(anonymous_18)
FN:192,(anonymous_19)
FN:198,(anonymous_20)
FN:200,(anonymous_21)
FN:201,(anonymous_22)
FN:205,(anonymous_23)
FN:206,(anonymous_24)
FN:221,(anonymous_25)
FN:224,(anonymous_26)
FN:225,(anonymous_27)
FN:226,(anonymous_28)
FN:233,(anonymous_29)
FN:234,(anonymous_30)
FN:237,(anonymous_31)
FN:238,(anonymous_32)
FN:242,exportCSV
FN:258,(anonymous_34)
FN:274,(anonymous_35)
FN:275,(anonymous_36)
FN:326,(anonymous_37)
FN:332,(anonymous_38)
FN:372,(anonymous_39)
FN:378,(anonymous_40)
FN:382,(anonymous_41)
FN:392,(anonymous_42)
FN:396,(anonymous_43)
FN:405,(anonymous_44)
FN:457,(anonymous_45)
FN:461,(anonymous_46)
FN:462,(anonymous_47)
FN:515,(anonymous_48)
FN:525,(anonymous_49)
FN:560,(anonymous_50)
FN:569,(anonymous_51)
FN:573,(anonymous_52)
FN:590,(anonymous_53)
FN:615,(anonymous_54)
FN:706,(anonymous_55)
FN:717,(anonymous_56)
FN:720,(anonymous_57)
FN:753,(anonymous_58)
FN:761,(anonymous_59)
FN:853,(anonymous_60)
FN:932,(anonymous_61)
FN:943,(anonymous_62)
FN:964,(anonymous_63)
FN:985,(anonymous_64)
FN:995,InfoCell
FNF:66
FNH:41
FNDA:33,AllRegistrations
FNDA:9,(anonymous_1)
FNDA:9,(anonymous_2)
FNDA:9,(anonymous_3)
FNDA:9,(anonymous_4)
FNDA:0,(anonymous_5)
FNDA:9,(anonymous_6)
FNDA:14,(anonymous_7)
FNDA:0,changeStatus
FNDA:0,(anonymous_9)
FNDA:0,changePaymentStatus
FNDA:0,(anonymous_11)
FNDA:0,deleteRegistration
FNDA:1,toggleTransportation
FNDA:1,(anonymous_14)
FNDA:1,(anonymous_15)
FNDA:1,saveRegistrationEdit
FNDA:1,(anonymous_17)
FNDA:18,(anonymous_18)
FNDA:18,(anonymous_19)
FNDA:84,(anonymous_20)
FNDA:27,(anonymous_21)
FNDA:28,(anonymous_22)
FNDA:28,(anonymous_23)
FNDA:30,(anonymous_24)
FNDA:27,(anonymous_25)
FNDA:28,(anonymous_26)
FNDA:28,(anonymous_27)
FNDA:28,(anonymous_28)
FNDA:27,(anonymous_29)
FNDA:28,(anonymous_30)
FNDA:27,(anonymous_31)
FNDA:28,(anonymous_32)
FNDA:0,exportCSV
FNDA:0,(anonymous_34)
FNDA:0,(anonymous_35)
FNDA:0,(anonymous_36)
FNDA:0,(anonymous_37)
FNDA:0,(anonymous_38)
FNDA:1,(anonymous_39)
FNDA:0,(anonymous_40)
FNDA:15,(anonymous_41)
FNDA:0,(anonymous_42)
FNDA:96,(anonymous_43)
FNDA:0,(anonymous_44)
FNDA:36,(anonymous_45)
FNDA:3,(anonymous_46)
FNDA:3,(anonymous_47)
FNDA:0,(anonymous_48)
FNDA:0,(anonymous_49)
FNDA:0,(anonymous_50)
FNDA:0,(anonymous_51)
FNDA:144,(anonymous_52)
FNDA:1,(anonymous_53)
FNDA:1,(anonymous_54)
FNDA:3,(anonymous_55)
FNDA:2,(anonymous_56)
FNDA:0,(anonymous_57)
FNDA:1,(anonymous_58)
FNDA:3,(anonymous_59)
FNDA:0,(anonymous_60)
FNDA:0,(anonymous_61)
FNDA:0,(anonymous_62)
FNDA:0,(anonymous_63)
FNDA:0,(anonymous_64)
FNDA:27,InfoCell
DA:27,1
DA:28,1
DA:34,1
DA:42,33
DA:43,33
DA:44,33
DA:45,33
DA:46,33
DA:47,33
DA:48,33
DA:51,33
DA:52,33
DA:53,9
DA:54,9
DA:55,9
DA:56,9
DA:58,33
DA:59,33
DA:61,33
DA:63,33
DA:66,9
DA:67,9
DA:68,9
DA:77,0
DA:78,9
DA:81,9
DA:85,9
DA:86,14
DA:87,9
DA:89,9
DA:93,0
DA:98,0
DA:99,0
DA:110,0
DA:114,0
DA:115,0
DA:126,0
DA:131,0
DA:132,0
DA:133,0
DA:134,0
DA:151,1
DA:152,1
DA:153,1
DA:154,1
DA:155,1
DA:159,1
DA:171,1
DA:175,1
DA:176,1
DA:184,1
DA:187,33
DA:188,18
DA:189,18
DA:190,18
DA:192,33
DA:193,18
DA:194,18
DA:195,18
DA:198,84
DA:200,33
DA:201,28
DA:205,33
DA:206,28
DA:207,30
DA:209,30
DA:213,30
DA:214,30
DA:216,30
DA:217,30
DA:221,33
DA:222,27
DA:224,28
DA:225,28
DA:227,28
DA:233,33
DA:234,28
DA:237,33
DA:238,28
DA:243,0
DA:258,0
DA:273,0
DA:275,0
DA:278,0
DA:279,0
DA:280,0
DA:281,0
DA:282,0
DA:283,0
DA:284,0
DA:287,33
DA:326,0
DA:332,0
DA:372,1
DA:378,0
DA:383,15
DA:392,0
DA:397,96
DA:405,0
DA:458,36
DA:462,3
DA:515,0
DA:526,0
DA:560,0
DA:570,0
DA:574,144
DA:590,1
DA:615,1
DA:715,3
DA:717,2
DA:718,3
DA:720,0
DA:721,3
DA:722,2
DA:724,1
DA:727,3
DA:753,1
DA:764,3
DA:765,3
DA:769,2
DA:770,1
DA:854,0
DA:933,0
DA:944,0
DA:964,0
DA:985,0
DA:996,27
DA:997,6
LF:128
LH:90
BRDA:49,0,0,33
BRDA:49,0,1,33
BRDA:54,1,0,0
BRDA:54,1,1,9
BRDA:55,2,0,0
BRDA:55,2,1,9
BRDA:73,3,0,9
BRDA:73,3,1,8
BRDA:96,4,0,0
BRDA:96,4,1,0
BRDA:101,5,0,0
BRDA:101,5,1,0
BRDA:105,6,0,0
BRDA:105,6,1,0
BRDA:117,7,0,0
BRDA:117,7,1,0
BRDA:121,8,0,0
BRDA:121,8,1,0
BRDA:126,9,0,0
BRDA:126,9,1,0
BRDA:128,10,0,0
BRDA:128,10,1,0
BRDA:133,11,0,0
BRDA:133,11,1,0
BRDA:136,12,0,0
BRDA:136,12,1,0
BRDA:140,13,0,0
BRDA:140,13,1,0
BRDA:153,14,0,0
BRDA:153,14,1,1
BRDA:161,15,0,1
BRDA:161,15,1,0
BRDA:165,16,0,1
BRDA:165,16,1,0
BRDA:166,17,0,1
BRDA:166,17,1,0
BRDA:178,18,0,1
BRDA:178,18,1,0
BRDA:182,19,0,1
BRDA:182,19,1,0
BRDA:201,20,0,0
BRDA:201,20,1,28
BRDA:209,21,0,30
BRDA:209,21,1,2
BRDA:209,21,2,1
BRDA:209,21,3,1
BRDA:213,22,0,30
BRDA:213,22,1,0
BRDA:214,23,0,30
BRDA:214,23,1,0
BRDA:216,24,0,30
BRDA:216,24,1,0
BRDA:217,25,0,30
BRDA:217,25,1,29
BRDA:217,25,2,29
BRDA:217,25,3,29
BRDA:227,26,0,28
BRDA:227,26,1,0
BRDA:262,27,0,0
BRDA:262,27,1,0
BRDA:263,28,0,0
BRDA:263,28,1,0
BRDA:264,29,0,0
BRDA:264,29,1,0
BRDA:265,30,0,0
BRDA:265,30,1,0
BRDA:266,31,0,0
BRDA:266,31,1,0
BRDA:268,32,0,0
BRDA:268,32,1,0
BRDA:269,33,0,0
BRDA:269,33,1,0
BRDA:270,34,0,0
BRDA:270,34,1,0
BRDA:271,35,0,0
BRDA:271,35,1,0
BRDA:275,36,0,0
BRDA:275,36,1,0
BRDA:318,37,0,9
BRDA:318,37,1,24
BRDA:325,38,0,24
BRDA:325,38,1,0
BRDA:331,39,0,0
BRDA:331,39,1,24
BRDA:385,40,0,15
BRDA:385,40,1,0
BRDA:424,41,0,0
BRDA:424,41,1,24
BRDA:443,42,0,0
BRDA:443,42,1,24
BRDA:462,43,0,0
BRDA:462,43,1,3
BRDA:483,44,0,36
BRDA:483,44,1,0
BRDA:492,45,0,0
BRDA:492,45,1,0
BRDA:502,46,0,36
BRDA:502,46,1,0
BRDA:504,47,0,36
BRDA:504,47,1,0
BRDA:516,48,0,36
BRDA:516,48,1,0
BRDA:550,49,0,32
BRDA:550,49,1,4
BRDA:556,50,0,32
BRDA:556,50,1,4
BRDA:586,51,0,36
BRDA:586,51,1,0
BRDA:625,52,0,36
BRDA:625,52,1,3
BRDA:641,53,0,0
BRDA:641,53,1,3
BRDA:650,54,0,0
BRDA:650,54,1,3
BRDA:668,55,0,0
BRDA:668,55,1,3
BRDA:676,56,0,3
BRDA:676,56,1,3
BRDA:689,57,0,3
BRDA:689,57,1,0
BRDA:716,58,0,3
BRDA:716,58,1,1
BRDA:719,59,0,3
BRDA:719,59,1,0
BRDA:721,60,0,2
BRDA:721,60,1,1
BRDA:721,61,0,3
BRDA:721,61,1,2
BRDA:724,62,0,1
BRDA:724,62,1,0
BRDA:755,63,0,0
BRDA:755,63,1,1
BRDA:765,64,0,2
BRDA:765,64,1,1
BRDA:766,65,0,3
BRDA:766,65,1,3
BRDA:791,66,0,1
BRDA:791,66,1,0
BRDA:792,67,0,0
BRDA:792,67,1,0
BRDA:807,68,0,3
BRDA:807,68,1,1
BRDA:808,69,0,0
BRDA:808,69,1,1
BRDA:830,70,0,3
BRDA:830,70,1,0
BRDA:844,71,0,0
BRDA:844,71,1,0
BRDA:867,72,0,0
BRDA:867,72,1,0
BRDA:917,73,0,0
BRDA:917,73,1,0
BRDA:982,74,0,33
BRDA:982,74,1,1
BRDA:996,75,0,21
BRDA:996,75,1,6
BRDA:1014,76,0,0
BRDA:1014,76,1,6
BRF:158
BRH:73
end_of_record
TN:
SF:src\pages\admin\Analytics.jsx
FN:34,daysAgoTimestamp
FN:41,startOfDayTimestamp
FN:47,endOfDayTimestamp
FN:53,formatDate
FN:58,StatCard
FN:106,Analytics
FN:113,(anonymous_6)
FN:114,load
FN:123,(anonymous_8)
FN:133,(anonymous_9)
FN:139,(anonymous_10)
FN:145,(anonymous_11)
FN:154,(anonymous_12)
FN:160,(anonymous_13)
FN:187,(anonymous_14)
FN:190,(anonymous_15)
FN:191,(anonymous_16)
FN:192,(anonymous_17)
FN:194,(anonymous_18)
FN:195,(anonymous_19)
FN:196,(anonymous_20)
FN:199,(anonymous_21)
FN:203,(anonymous_22)
FN:204,(anonymous_23)
FN:209,(anonymous_24)
FN:211,(anonymous_25)
FN:218,(anonymous_26)
FN:219,(anonymous_27)
FN:228,(anonymous_28)
FN:233,(anonymous_29)
FN:235,(anonymous_30)
FN:240,(anonymous_31)
FN:245,(anonymous_32)
FN:247,(anonymous_33)
FN:258,(anonymous_34)
FN:264,(anonymous_35)
FN:268,(anonymous_36)
FN:272,(anonymous_37)
FN:275,(anonymous_38)
FN:277,(anonymous_39)
FN:287,(anonymous_40)
FN:289,(anonymous_41)
FN:290,(anonymous_42)
FN:293,(anonymous_43)
FN:449,(anonymous_44)
FN:692,(anonymous_45)
FN:825,(anonymous_46)
FN:918,(anonymous_47)
FN:1083,(anonymous_48)
FN:1341,(anonymous_49)
FNF:50
FNH:0
FNDA:0,daysAgoTimestamp
FNDA:0,startOfDayTimestamp
FNDA:0,endOfDayTimestamp
FNDA:0,formatDate
FNDA:0,StatCard
FNDA:0,Analytics
FNDA:0,(anonymous_6)
FNDA:0,load
FNDA:0,(anonymous_8)
FNDA:0,(anonymous_9)
FNDA:0,(anonymous_10)
FNDA:0,(anonymous_11)
FNDA:0,(anonymous_12)
FNDA:0,(anonymous_13)
FNDA:0,(anonymous_14)
FNDA:0,(anonymous_15)
FNDA:0,(anonymous_16)
FNDA:0,(anonymous_17)
FNDA:0,(anonymous_18)
FNDA:0,(anonymous_19)
FNDA:0,(anonymous_20)
FNDA:0,(anonymous_21)
FNDA:0,(anonymous_22)
FNDA:0,(anonymous_23)
FNDA:0,(anonymous_24)
FNDA:0,(anonymous_25)
FNDA:0,(anonymous_26)
FNDA:0,(anonymous_27)
FNDA:0,(anonymous_28)
FNDA:0,(anonymous_29)
FNDA:0,(anonymous_30)
FNDA:0,(anonymous_31)
FNDA:0,(anonymous_32)
FNDA:0,(anonymous_33)
FNDA:0,(anonymous_34)
FNDA:0,(anonymous_35)
FNDA:0,(anonymous_36)
FNDA:0,(anonymous_37)
FNDA:0,(anonymous_38)
FNDA:0,(anonymous_39)
FNDA:0,(anonymous_40)
FNDA:0,(anonymous_41)
FNDA:0,(anonymous_42)
FNDA:0,(anonymous_43)
FNDA:0,(anonymous_44)
FNDA:0,(anonymous_45)
FNDA:0,(anonymous_46)
FNDA:0,(anonymous_47)
FNDA:0,(anonymous_48)
FNDA:0,(anonymous_49)
DA:17,0
DA:18,0
DA:19,0
DA:21,0
DA:27,0
DA:35,0
DA:36,0
DA:37,0
DA:38,0
DA:42,0
DA:43,0
DA:44,0
DA:48,0
DA:49,0
DA:50,0
DA:54,0
DA:55,0
DA:59,0
DA:107,0
DA:108,0
DA:109,0
DA:110,0
DA:111,0
DA:113,0
DA:115,0
DA:117,0
DA:122,0
DA:123,0
DA:124,0
DA:127,0
DA:132,0
DA:133,0
DA:134,0
DA:137,0
DA:139,0
DA:142,0
DA:143,0
DA:144,0
DA:145,0
DA:146,0
DA:148,0
DA:152,0
DA:154,0
DA:157,0
DA:158,0
DA:159,0
DA:160,0
DA:161,0
DA:163,0
DA:166,0
DA:168,0
DA:171,0
DA:174,0
DA:177,0
DA:178,0
DA:179,0
DA:180,0
DA:181,0
DA:182,0
DA:183,0
DA:184,0
DA:185,0
DA:187,0
DA:189,0
DA:190,0
DA:191,0
DA:192,0
DA:194,0
DA:195,0
DA:196,0
DA:199,0
DA:201,0
DA:203,0
DA:204,0
DA:209,0
DA:210,0
DA:211,0
DA:212,0
DA:213,0
DA:214,0
DA:215,0
DA:217,0
DA:218,0
DA:219,0
DA:227,0
DA:228,0
DA:229,0
DA:230,0
DA:232,0
DA:233,0
DA:235,0
DA:236,0
DA:239,0
DA:240,0
DA:241,0
DA:242,0
DA:244,0
DA:245,0
DA:247,0
DA:248,0
DA:251,0
DA:252,0
DA:253,0
DA:254,0
DA:255,0
DA:256,0
DA:258,0
DA:259,0
DA:260,0
DA:261,0
DA:262,0
DA:264,0
DA:268,0
DA:271,0
DA:272,0
DA:274,0
DA:275,0
DA:277,0
DA:278,0
DA:279,0
DA:280,0
DA:281,0
DA:282,0
DA:283,0
DA:287,0
DA:288,0
DA:289,0
DA:290,0
DA:292,0
DA:293,0
DA:294,0
DA:298,0
DA:299,0
DA:302,0
DA:304,0
DA:450,0
DA:451,0
DA:693,0
DA:694,0
DA:695,0
DA:697,0
DA:698,0
DA:699,0
DA:700,0
DA:826,0
DA:919,0
DA:1084,0
DA:1086,0
DA:1095,0
DA:1100,0
DA:1342,0
DA:1344,0
DA:1352,0
DA:1353,0
LF:154
LH:0
BRDA:85,0,0,0
BRDA:85,0,1,0
BRDA:91,1,0,0
BRDA:91,1,1,0
BRDA:142,2,0,0
BRDA:142,2,1,0
BRDA:146,3,0,0
BRDA:146,3,1,0
BRDA:157,4,0,0
BRDA:157,4,1,0
BRDA:161,5,0,0
BRDA:161,5,1,0
BRDA:161,5,2,0
BRDA:174,6,0,0
BRDA:174,6,1,0
BRDA:187,7,0,0
BRDA:187,7,1,0
BRDA:212,8,0,0
BRDA:212,8,1,0
BRDA:213,9,0,0
BRDA:213,9,1,0
BRDA:223,10,0,0
BRDA:223,10,1,0
BRDA:229,11,0,0
BRDA:229,11,1,0
BRDA:230,12,0,0
BRDA:230,12,1,0
BRDA:235,13,0,0
BRDA:235,13,1,0
BRDA:236,14,0,0
BRDA:236,14,1,0
BRDA:241,15,0,0
BRDA:241,15,1,0
BRDA:242,16,0,0
BRDA:242,16,1,0
BRDA:248,17,0,0
BRDA:248,17,1,0
BRDA:260,18,0,0
BRDA:260,18,1,0
BRDA:262,19,0,0
BRDA:262,19,1,0
BRDA:279,20,0,0
BRDA:279,20,1,0
BRDA:281,21,0,0
BRDA:281,21,1,0
BRDA:282,22,0,0
BRDA:282,22,1,0
BRDA:287,23,0,0
BRDA:287,23,1,0
BRDA:294,24,0,0
BRDA:294,24,1,0
BRDA:298,25,0,0
BRDA:298,25,1,0
BRDA:299,26,0,0
BRDA:299,26,1,0
BRDA:302,27,0,0
BRDA:302,27,1,0
BRDA:370,28,0,0
BRDA:370,28,1,0
BRDA:450,29,0,0
BRDA:450,29,1,0
BRDA:456,30,0,0
BRDA:456,30,1,0
BRDA:460,31,0,0
BRDA:460,31,1,0
BRDA:546,32,0,0
BRDA:546,32,1,0
BRDA:556,33,0,0
BRDA:556,33,1,0
BRDA:570,34,0,0
BRDA:570,34,1,0
BRDA:573,35,0,0
BRDA:573,35,1,0
BRDA:587,36,0,0
BRDA:587,36,1,0
BRDA:590,37,0,0
BRDA:590,37,1,0
BRDA:604,38,0,0
BRDA:604,38,1,0
BRDA:693,39,0,0
BRDA:693,39,1,0
BRDA:694,40,0,0
BRDA:694,40,1,0
BRDA:697,41,0,0
BRDA:697,41,1,0
BRDA:724,42,0,0
BRDA:724,42,1,0
BRDA:744,43,0,0
BRDA:744,43,1,0
BRDA:751,44,0,0
BRDA:751,44,1,0
BRDA:758,45,0,0
BRDA:758,45,1,0
BRDA:758,45,2,0
BRDA:767,46,0,0
BRDA:767,46,1,0
BRDA:770,47,0,0
BRDA:770,47,1,0
BRDA:814,48,0,0
BRDA:814,48,1,0
BRDA:828,49,0,0
BRDA:828,49,1,0
BRDA:907,50,0,0
BRDA:907,50,1,0
BRDA:921,51,0,0
BRDA:921,51,1,0
BRDA:1086,52,0,0
BRDA:1086,52,1,0
BRDA:1095,53,0,0
BRDA:1095,53,1,0
BRDA:1097,54,0,0
BRDA:1097,54,1,0
BRDA:1105,55,0,0
BRDA:1105,55,1,0
BRDA:1107,56,0,0
BRDA:1107,56,1,0
BRDA:1130,57,0,0
BRDA:1130,57,1,0
BRDA:1143,58,0,0
BRDA:1143,58,1,0
BRDA:1150,59,0,0
BRDA:1150,59,1,0
BRDA:1151,60,0,0
BRDA:1151,60,1,0
BRDA:1154,61,0,0
BRDA:1154,61,1,0
BRDA:1154,62,0,0
BRDA:1154,62,1,0
BRDA:1164,63,0,0
BRDA:1164,63,1,0
BRDA:1171,64,0,0
BRDA:1171,64,1,0
BRDA:1344,65,0,0
BRDA:1344,65,1,0
BRDA:1352,66,0,0
BRDA:1352,66,1,0
BRDA:1358,67,0,0
BRDA:1358,67,1,0
BRDA:1362,68,0,0
BRDA:1362,68,1,0
BRDA:1385,69,0,0
BRDA:1385,69,1,0
BRDA:1400,70,0,0
BRDA:1400,70,1,0
BRDA:1413,71,0,0
BRDA:1413,71,1,0
BRDA:1419,72,0,0
BRDA:1419,72,1,0
BRDA:1420,73,0,0
BRDA:1420,73,1,0
BRDA:1423,74,0,0
BRDA:1423,74,1,0
BRDA:1423,75,0,0
BRDA:1423,75,1,0
BRDA:1436,76,0,0
BRDA:1436,76,1,0
BRDA:1443,77,0,0
BRDA:1443,77,1,0
BRF:158
BRH:0
end_of_record
TN:
SF:src\pages\admin\AppInsights.jsx
FN:10,toDate
FN:17,formatBytes
FN:29,Card
FN:50,BarRow
FN:86,StatTile
FN:97,AppInsights
FN:117,(anonymous_6)
FN:118,load
FN:128,(anonymous_8)
FN:129,(anonymous_9)
FN:130,(anonymous_10)
FN:131,(anonymous_11)
FN:132,(anonymous_12)
FN:133,(anonymous_13)
FN:139,loadEmailStats
FN:153,loadStorageStats
FN:167,loadFunctionHealth
FN:180,(anonymous_17)
FN:189,(anonymous_18)
FN:190,(anonymous_19)
FN:194,(anonymous_20)
FN:196,(anonymous_21)
FN:200,(anonymous_22)
FN:201,(anonymous_23)
FN:221,(anonymous_24)
FN:231,(anonymous_25)
FN:235,(anonymous_26)
FN:240,(anonymous_27)
FN:243,(anonymous_28)
FN:246,(anonymous_29)
FN:247,(anonymous_30)
FN:253,(anonymous_31)
FN:254,(anonymous_32)
FN:258,(anonymous_33)
FN:275,(anonymous_34)
FN:283,(anonymous_35)
FN:284,(anonymous_36)
FN:288,(anonymous_37)
FN:291,(anonymous_38)
FN:292,(anonymous_39)
FN:298,(anonymous_40)
FN:299,(anonymous_41)
FN:302,(anonymous_42)
FN:303,(anonymous_43)
FN:305,(anonymous_44)
FN:310,(anonymous_45)
FN:330,(anonymous_46)
FN:335,(anonymous_47)
FN:336,(anonymous_48)
FN:337,(anonymous_49)
FN:373,(anonymous_50)
FN:411,(anonymous_51)
FN:417,(anonymous_52)
FN:436,(anonymous_53)
FN:514,(anonymous_54)
FN:594,(anonymous_55)
FN:617,(anonymous_56)
FN:674,(anonymous_57)
FNF:58
FNH:41
FNDA:11,toDate
FNDA:0,formatBytes
FNDA:26,Card
FNDA:54,BarRow
FNDA:10,StatTile
FNDA:4,AppInsights
FNDA:2,(anonymous_6)
FNDA:2,load
FNDA:2,(anonymous_8)
FNDA:2,(anonymous_9)
FNDA:2,(anonymous_10)
FNDA:2,(anonymous_11)
FNDA:2,(anonymous_12)
FNDA:2,(anonymous_13)
FNDA:0,loadEmailStats
FNDA:0,loadStorageStats
FNDA:0,loadFunctionHealth
FNDA:4,(anonymous_17)
FNDA:4,(anonymous_18)
FNDA:2,(anonymous_19)
FNDA:4,(anonymous_20)
FNDA:2,(anonymous_21)
FNDA:4,(anonymous_22)
FNDA:2,(anonymous_23)
FNDA:4,(anonymous_24)
FNDA:0,(anonymous_25)
FNDA:4,(anonymous_26)
FNDA:1,(anonymous_27)
FNDA:4,(anonymous_28)
FNDA:2,(anonymous_29)
FNDA:0,(anonymous_30)
FNDA:0,(anonymous_31)
FNDA:0,(anonymous_32)
FNDA:4,(anonymous_33)
FNDA:4,(anonymous_34)
FNDA:1,(anonymous_35)
FNDA:0,(anonymous_36)
FNDA:4,(anonymous_37)
FNDA:2,(anonymous_38)
FNDA:0,(anonymous_39)
FNDA:0,(anonymous_40)
FNDA:0,(anonymous_41)
FNDA:4,(anonymous_42)
FNDA:2,(anonymous_43)
FNDA:0,(anonymous_44)
FNDA:4,(anonymous_45)
FNDA:32,(anonymous_46)
FNDA:16,(anonymous_47)
FNDA:28,(anonymous_48)
FNDA:2,(anonymous_49)
FNDA:16,(anonymous_50)
FNDA:2,(anonymous_51)
FNDA:28,(anonymous_52)
FNDA:0,(anonymous_53)
FNDA:0,(anonymous_54)
FNDA:0,(anonymous_55)
FNDA:0,(anonymous_56)
FNDA:2,(anonymous_57)
DA:11,11
DA:12,4
DA:13,0
DA:14,0
DA:18,0
DA:19,0
DA:20,0
DA:21,0
DA:22,0
DA:23,0
DA:24,0
DA:26,0
DA:30,26
DA:51,54
DA:52,54
DA:87,10
DA:98,4
DA:99,4
DA:100,4
DA:101,4
DA:102,4
DA:103,4
DA:104,4
DA:106,4
DA:107,4
DA:108,4
DA:110,4
DA:111,4
DA:112,4
DA:114,4
DA:115,4
DA:117,4
DA:120,2
DA:128,2
DA:129,2
DA:130,2
DA:131,2
DA:132,2
DA:133,2
DA:134,2
DA:136,2
DA:140,0
DA:141,0
DA:142,0
DA:143,0
DA:144,0
DA:145,0
DA:147,0
DA:149,0
DA:154,0
DA:155,0
DA:156,0
DA:157,0
DA:158,0
DA:159,0
DA:161,0
DA:163,0
DA:168,0
DA:169,0
DA:170,0
DA:171,0
DA:172,0
DA:174,0
DA:176,0
DA:180,4
DA:181,4
DA:182,4
DA:183,2
DA:184,2
DA:186,4
DA:189,4
DA:190,4
DA:194,4
DA:195,4
DA:196,2
DA:197,1
DA:200,4
DA:201,4
DA:202,4
DA:203,4
DA:204,4
DA:205,4
DA:206,4
DA:207,2
DA:208,2
DA:209,1
DA:210,0
DA:211,0
DA:213,1
DA:214,0
DA:215,0
DA:218,4
DA:221,4
DA:222,4
DA:223,4
DA:224,2
DA:225,2
DA:226,2
DA:227,0
DA:230,4
DA:231,0
DA:232,0
DA:235,4
DA:236,4
DA:237,4
DA:238,2
DA:240,4
DA:243,4
DA:244,4
DA:245,4
DA:246,2
DA:247,0
DA:253,0
DA:254,0
DA:258,4
DA:259,4
DA:260,4
DA:261,4
DA:262,56
DA:263,56
DA:264,56
DA:266,4
DA:267,2
DA:268,2
DA:269,1
DA:270,1
DA:272,4
DA:275,4
DA:276,4
DA:277,4
DA:278,2
DA:279,2
DA:280,2
DA:282,4
DA:283,1
DA:284,0
DA:288,4
DA:289,4
DA:290,4
DA:291,2
DA:292,0
DA:298,0
DA:299,0
DA:302,4
DA:303,4
DA:304,4
DA:305,1
DA:306,0
DA:310,4
DA:311,4
DA:312,4
DA:313,4
DA:314,32
DA:315,32
DA:316,32
DA:317,32
DA:319,4
DA:320,4
DA:321,2
DA:322,2
DA:323,1
DA:324,8
DA:325,0
DA:326,0
DA:330,32
DA:333,4
DA:335,16
DA:336,28
DA:337,2
DA:339,2
DA:374,16
DA:412,2
DA:418,28
DA:437,0
DA:515,0
DA:595,0
DA:618,0
DA:675,2
LF:178
LH:124
BRDA:11,0,0,7
BRDA:11,0,1,4
BRDA:12,1,0,4
BRDA:12,1,1,0
BRDA:14,2,0,0
BRDA:14,2,1,0
BRDA:18,3,0,0
BRDA:18,3,1,0
BRDA:22,4,0,0
BRDA:22,4,1,0
BRDA:26,5,0,0
BRDA:26,5,1,0
BRDA:51,6,0,50
BRDA:51,6,1,4
BRDA:51,7,0,3
BRDA:51,7,1,47
BRDA:77,8,0,54
BRDA:77,8,1,16
BRDA:89,9,0,0
BRDA:89,9,1,10
BRDA:147,10,0,0
BRDA:147,10,1,0
BRDA:161,11,0,0
BRDA:161,11,1,0
BRDA:183,12,0,0
BRDA:183,12,1,2
BRDA:184,13,0,2
BRDA:184,13,1,1
BRDA:184,14,0,2
BRDA:184,14,1,2
BRDA:184,15,0,2
BRDA:184,15,1,1
BRDA:195,16,0,3
BRDA:195,16,1,1
BRDA:208,17,0,1
BRDA:208,17,1,1
BRDA:209,18,0,0
BRDA:209,18,1,1
BRDA:211,19,0,0
BRDA:211,19,1,0
BRDA:213,20,0,0
BRDA:213,20,1,1
BRDA:215,21,0,0
BRDA:215,21,1,0
BRDA:226,22,0,0
BRDA:226,22,1,2
BRDA:226,23,0,2
BRDA:226,23,1,0
BRDA:226,23,2,0
BRDA:230,24,0,4
BRDA:230,24,1,0
BRDA:238,25,0,2
BRDA:238,25,1,1
BRDA:238,26,0,2
BRDA:238,26,1,2
BRDA:238,27,0,2
BRDA:238,27,1,1
BRDA:246,28,0,2
BRDA:246,28,1,2
BRDA:249,29,0,0
BRDA:249,29,1,0
BRDA:268,30,0,1
BRDA:268,30,1,1
BRDA:270,31,0,0
BRDA:270,31,1,1
BRDA:278,32,0,2
BRDA:278,32,1,2
BRDA:278,33,0,2
BRDA:278,33,1,2
BRDA:279,34,0,2
BRDA:279,34,1,1
BRDA:294,35,0,0
BRDA:294,35,1,0
BRDA:298,36,0,0
BRDA:298,36,1,0
BRDA:303,37,0,2
BRDA:303,37,1,1
BRDA:304,38,0,3
BRDA:304,38,1,1
BRDA:306,39,0,0
BRDA:306,39,1,0
BRDA:322,40,0,1
BRDA:322,40,1,1
BRDA:324,41,0,0
BRDA:324,41,1,8
BRDA:324,42,0,8
BRDA:324,42,1,4
BRDA:333,43,0,2
BRDA:333,43,1,2
BRDA:359,44,0,0
BRDA:359,44,1,2
BRDA:386,45,0,2
BRDA:386,45,1,0
BRDA:386,46,0,4
BRDA:386,46,1,2
BRDA:392,47,0,0
BRDA:392,47,1,0
BRDA:399,48,0,0
BRDA:399,48,1,0
BRDA:429,49,0,2
BRDA:429,49,1,0
BRDA:470,50,0,0
BRDA:470,50,1,2
BRDA:470,51,0,0
BRDA:470,51,1,2
BRDA:474,52,0,4
BRDA:474,52,1,0
BRDA:475,53,0,4
BRDA:475,53,1,2
BRDA:475,53,2,2
BRDA:480,54,0,4
BRDA:480,54,1,0
BRDA:498,55,0,0
BRDA:498,55,1,2
BRDA:498,56,0,0
BRDA:498,56,1,2
BRDA:502,57,0,4
BRDA:502,57,1,0
BRDA:503,58,0,4
BRDA:503,58,1,2
BRDA:503,58,2,2
BRDA:508,59,0,4
BRDA:508,59,1,0
BRDA:519,60,0,0
BRDA:519,60,1,0
BRDA:535,61,0,0
BRDA:535,61,1,2
BRDA:535,62,0,0
BRDA:535,62,1,2
BRDA:539,63,0,4
BRDA:539,63,1,2
BRDA:544,64,0,4
BRDA:544,64,1,0
BRDA:544,64,2,0
BRDA:547,65,0,4
BRDA:547,65,1,0
BRDA:553,66,0,0
BRDA:553,66,1,0
BRDA:587,67,0,2
BRDA:587,67,1,0
BRDA:610,68,0,2
BRDA:610,68,1,0
BRDA:643,69,0,1
BRDA:643,69,1,1
BRDA:659,70,0,1
BRDA:659,70,1,1
BRDA:677,71,0,2
BRDA:677,71,1,1
BRF:148
BRH:87
end_of_record
TN:
SF:src\pages\admin\ClimbDetail.jsx
FN:34,AdminClimbDetail
FN:51,(anonymous_1)
FN:52,(anonymous_2)
FN:61,(anonymous_3)
FN:62,(anonymous_4)
FN:68,changeStatus
FN:74,(anonymous_6)
FN:86,changePaymentStatus
FN:91,(anonymous_8)
FN:109,toggleTransportation
FN:112,(anonymous_10)
FN:128,saveRegistrationEdit
FN:133,(anonymous_12)
FN:146,deleteRegistration
FN:166,toggleExpand
FN:167,(anonymous_15)
FN:170,startNoteEdit
FN:171,(anonymous_17)
FN:177,saveNote
FN:184,(anonymous_19)
FN:194,exportCSV
FN:221,(anonymous_21)
FN:250,(anonymous_22)
FN:251,(anonymous_23)
FN:263,(anonymous_24)
FN:265,(anonymous_25)
FN:282,(anonymous_26)
FN:283,(anonymous_27)
FN:285,(anonymous_28)
FN:288,(anonymous_29)
FN:289,(anonymous_30)
FN:290,(anonymous_31)
FN:291,(anonymous_32)
FN:292,(anonymous_33)
FN:295,(anonymous_34)
FN:296,(anonymous_35)
FN:298,(anonymous_36)
FN:299,(anonymous_37)
FN:311,(anonymous_38)
FN:332,(anonymous_39)
FN:335,(anonymous_40)
FN:391,(anonymous_41)
FN:410,(anonymous_42)
FN:411,(anonymous_43)
FN:522,(anonymous_44)
FN:598,(anonymous_45)
FN:604,(anonymous_46)
FN:608,(anonymous_47)
FN:617,(anonymous_48)
FN:680,(anonymous_49)
FN:713,(anonymous_50)
FNF:51
FNH:29
FNDA:45,AdminClimbDetail
FNDA:12,(anonymous_1)
FNDA:12,(anonymous_2)
FNDA:12,(anonymous_3)
FNDA:14,(anonymous_4)
FNDA:0,changeStatus
FNDA:0,(anonymous_6)
FNDA:0,changePaymentStatus
FNDA:0,(anonymous_8)
FNDA:1,toggleTransportation
FNDA:1,(anonymous_10)
FNDA:1,saveRegistrationEdit
FNDA:1,(anonymous_12)
FNDA:0,deleteRegistration
FNDA:3,toggleExpand
FNDA:3,(anonymous_15)
FNDA:0,startNoteEdit
FNDA:0,(anonymous_17)
FNDA:0,saveNote
FNDA:0,(anonymous_19)
FNDA:0,exportCSV
FNDA:0,(anonymous_21)
FNDA:0,(anonymous_22)
FNDA:0,(anonymous_23)
FNDA:25,(anonymous_24)
FNDA:16,(anonymous_25)
FNDA:0,(anonymous_26)
FNDA:109,(anonymous_27)
FNDA:36,(anonymous_28)
FNDA:28,(anonymous_29)
FNDA:28,(anonymous_30)
FNDA:28,(anonymous_31)
FNDA:28,(anonymous_32)
FNDA:28,(anonymous_33)
FNDA:28,(anonymous_34)
FNDA:4,(anonymous_35)
FNDA:28,(anonymous_36)
FNDA:28,(anonymous_37)
FNDA:0,(anonymous_38)
FNDA:0,(anonymous_39)
FNDA:0,(anonymous_40)
FNDA:1,(anonymous_41)
FNDA:0,(anonymous_42)
FNDA:1,(anonymous_43)
FNDA:0,(anonymous_44)
FNDA:0,(anonymous_45)
FNDA:0,(anonymous_46)
FNDA:128,(anonymous_47)
FNDA:1,(anonymous_48)
FNDA:36,(anonymous_49)
FNDA:0,(anonymous_50)
DA:35,45
DA:36,45
DA:38,45
DA:39,45
DA:40,45
DA:41,45
DA:42,45
DA:43,45
DA:44,45
DA:45,45
DA:46,45
DA:47,45
DA:48,45
DA:49,45
DA:51,45
DA:52,12
DA:53,12
DA:56,12
DA:61,12
DA:62,14
DA:63,12
DA:65,12
DA:69,0
DA:74,0
DA:75,0
DA:87,0
DA:91,0
DA:92,0
DA:110,1
DA:111,1
DA:112,1
DA:113,1
DA:117,1
DA:129,1
DA:133,1
DA:134,1
DA:143,1
DA:147,0
DA:152,0
DA:153,0
DA:154,0
DA:155,0
DA:167,3
DA:171,0
DA:178,0
DA:179,0
DA:180,0
DA:184,0
DA:185,0
DA:186,0
DA:187,0
DA:190,0
DA:195,0
DA:221,0
DA:249,0
DA:251,0
DA:254,0
DA:255,0
DA:256,0
DA:257,0
DA:258,0
DA:259,0
DA:260,0
DA:263,45
DA:265,25
DA:266,16
DA:268,16
DA:271,16
DA:273,16
DA:277,16
DA:282,45
DA:283,109
DA:285,45
DA:286,36
DA:288,28
DA:289,28
DA:290,28
DA:291,28
DA:292,28
DA:295,28
DA:296,4
DA:298,28
DA:299,28
DA:304,45
DA:311,0
DA:332,0
DA:335,0
DA:391,1
DA:410,0
DA:411,1
DA:523,0
DA:598,0
DA:604,0
DA:609,128
DA:617,1
DA:681,36
DA:713,0
LF:97
LH:58
BRDA:53,0,0,12
BRDA:53,0,1,0
BRDA:72,1,0,0
BRDA:72,1,1,0
BRDA:77,2,0,0
BRDA:77,2,1,0
BRDA:81,3,0,0
BRDA:81,3,1,0
BRDA:82,4,0,0
BRDA:82,4,1,0
BRDA:94,5,0,0
BRDA:94,5,1,0
BRDA:98,6,0,0
BRDA:98,6,1,0
BRDA:99,7,0,0
BRDA:99,7,1,0
BRDA:111,8,0,0
BRDA:111,8,1,1
BRDA:119,9,0,1
BRDA:119,9,1,0
BRDA:123,10,0,1
BRDA:123,10,1,0
BRDA:124,11,0,1
BRDA:124,11,1,0
BRDA:124,12,0,1
BRDA:124,12,1,0
BRDA:136,13,0,1
BRDA:136,13,1,0
BRDA:140,14,0,1
BRDA:140,14,1,0
BRDA:141,15,0,1
BRDA:141,15,1,0
BRDA:147,16,0,0
BRDA:147,16,1,0
BRDA:154,17,0,0
BRDA:154,17,1,0
BRDA:157,18,0,0
BRDA:157,18,1,0
BRDA:161,19,0,0
BRDA:161,19,1,0
BRDA:162,20,0,0
BRDA:162,20,1,0
BRDA:167,21,0,0
BRDA:167,21,1,3
BRDA:173,22,0,0
BRDA:173,22,1,0
BRDA:173,22,2,0
BRDA:226,23,0,0
BRDA:226,23,1,0
BRDA:227,24,0,0
BRDA:227,24,1,0
BRDA:229,25,0,0
BRDA:229,25,1,0
BRDA:230,26,0,0
BRDA:230,26,1,0
BRDA:231,27,0,0
BRDA:231,27,1,0
BRDA:232,28,0,0
BRDA:232,28,1,0
BRDA:233,29,0,0
BRDA:233,29,1,0
BRDA:235,30,0,0
BRDA:235,30,1,0
BRDA:236,31,0,0
BRDA:236,31,1,0
BRDA:237,32,0,0
BRDA:237,32,1,0
BRDA:238,33,0,0
BRDA:238,33,1,0
BRDA:239,34,0,0
BRDA:239,34,1,0
BRDA:241,35,0,0
BRDA:241,35,1,0
BRDA:241,36,0,0
BRDA:241,36,1,0
BRDA:242,37,0,0
BRDA:242,37,1,0
BRDA:243,38,0,0
BRDA:243,38,1,0
BRDA:244,39,0,0
BRDA:244,39,1,0
BRDA:245,40,0,0
BRDA:245,40,1,0
BRDA:246,41,0,0
BRDA:246,41,1,0
BRDA:247,42,0,0
BRDA:247,42,1,0
BRDA:251,43,0,0
BRDA:251,43,1,0
BRDA:258,44,0,0
BRDA:258,44,1,0
BRDA:268,45,0,16
BRDA:268,45,1,0
BRDA:268,45,2,0
BRDA:271,46,0,16
BRDA:271,46,1,0
BRDA:273,47,0,16
BRDA:273,47,1,2
BRDA:274,48,0,2
BRDA:274,48,1,0
BRDA:275,49,0,2
BRDA:275,49,1,2
BRDA:277,50,0,16
BRDA:277,50,1,16
BRDA:277,50,2,16
BRDA:296,51,0,4
BRDA:296,51,1,2
BRDA:309,52,0,45
BRDA:309,52,1,0
BRDA:360,53,0,45
BRDA:360,53,1,24
BRDA:365,54,0,45
[...]
BRDA:154,11,0,0
BRDA:154,11,1,6
BRDA:166,12,0,11
BRDA:166,12,1,0
BRDA:184,13,0,0
BRDA:184,13,1,11
BRDA:195,14,0,0
BRDA:195,14,1,11
BRDA:223,15,0,11
BRDA:223,15,1,11
BRDA:247,16,0,11
BRDA:247,16,1,0
BRDA:256,17,0,11
BRDA:256,17,1,0
BRDA:261,18,0,0
BRDA:261,18,1,11
BRDA:264,19,0,0
BRDA:264,19,1,0
BRDA:282,20,0,11
BRDA:282,20,1,0
BRDA:288,21,0,11
BRDA:288,21,1,0
BRDA:292,22,0,11
BRDA:292,22,1,0
BRDA:294,23,0,11
BRDA:294,23,1,0
BRDA:294,23,2,0
BRDA:324,24,0,0
BRDA:324,24,1,11
BRDA:345,25,0,0
BRDA:345,25,1,0
BRDA:403,26,0,11
BRDA:403,26,1,0
BRDA:440,27,0,0
BRDA:440,27,1,0
BRDA:443,28,0,0
BRDA:443,28,1,0
BRDA:452,29,0,0
BRDA:452,29,1,0
BRDA:464,30,0,0
BRDA:464,30,1,0
BRDA:472,31,0,0
BRDA:472,31,1,0
BRDA:472,32,0,0
BRDA:472,32,1,0
BRDA:472,32,2,0
BRDA:475,33,0,0
BRDA:475,33,1,0
BRDA:496,34,0,0
BRDA:496,34,1,0
BRF:72
BRH:25
end_of_record
TN:
SF:src\pages\admin\Dashboard.jsx
FN:24,NavIcon
FN:106,AdminDashboard
FN:121,(anonymous_2)
FN:123,toggleExpanded
FN:124,(anonymous_4)
FN:132,handleSeed
FN:168,(anonymous_6)
FN:169,loadAll
FN:175,(anonymous_8)
FN:176,(anonymous_9)
FN:185,(anonymous_10)
FN:251,(anonymous_11)
FN:253,(anonymous_12)
FN:255,(anonymous_13)
FN:355,(anonymous_14)
FN:372,(anonymous_15)
FN:376,(anonymous_16)
FN:463,(anonymous_17)
FN:464,(anonymous_18)
FN:467,(anonymous_19)
FN:505,(anonymous_20)
FN:528,(anonymous_21)
FN:725,(anonymous_22)
FN:803,(anonymous_23)
FN:863,(anonymous_24)
FNF:25
FNH:13
FNDA:84,NavIcon
FNDA:12,AdminDashboard
FNDA:4,(anonymous_2)
FNDA:0,toggleExpanded
FNDA:0,(anonymous_4)
FNDA:0,handleSeed
FNDA:4,(anonymous_6)
FNDA:4,loadAll
FNDA:3,(anonymous_8)
FNDA:0,(anonymous_9)
FNDA:3,(anonymous_10)
FNDA:4,(anonymous_11)
FNDA:4,(anonymous_12)
FNDA:4,(anonymous_13)
FNDA:84,(anonymous_14)
FNDA:0,(anonymous_15)
FNDA:0,(anonymous_16)
FNDA:0,(anonymous_17)
FNDA:0,(anonymous_18)
FNDA:0,(anonymous_19)
FNDA:3,(anonymous_20)
FNDA:0,(anonymous_21)
FNDA:0,(anonymous_22)
FNDA:0,(anonymous_23)
FNDA:4,(anonymous_24)
DA:25,84
DA:41,1
DA:93,1
DA:99,1
DA:107,12
DA:115,12
DA:116,12
DA:117,12
DA:118,12
DA:119,12
DA:120,12
DA:121,12
DA:124,0
DA:125,0
DA:126,0
DA:127,0
DA:128,0
DA:133,0
DA:138,0
DA:139,0
DA:140,0
DA:141,0
DA:142,0
DA:143,0
DA:144,0
DA:145,0
DA:150,0
DA:152,0
DA:153,0
DA:162,0
DA:163,0
DA:168,12
DA:171,4
DA:174,4
DA:175,3
DA:177,0
DA:178,0
DA:179,0
DA:181,4
DA:184,4
DA:185,4
DA:188,4
DA:189,4
DA:190,3
DA:191,0
DA:192,0
DA:202,0
DA:203,0
DA:204,0
DA:206,0
DA:207,0
DA:208,0
DA:209,0
DA:211,4
DA:215,4
DA:237,4
DA:247,4
DA:251,4
DA:252,4
DA:253,4
DA:255,4
DA:257,4
DA:260,12
DA:267,12
DA:356,84
DA:373,0
DA:377,0
DA:464,0
DA:465,0
DA:467,0
DA:506,3
DA:507,3
DA:508,3
DA:510,3
DA:511,3
DA:512,3
DA:513,3
DA:514,3
DA:528,0
DA:726,0
DA:804,0
DA:864,4
LF:82
LH:43
BRDA:126,0,0,0
BRDA:126,0,1,0
BRDA:133,1,0,0
BRDA:133,1,1,0
BRDA:164,2,0,0
BRDA:164,2,1,0
BRDA:177,3,0,0
BRDA:177,3,1,0
BRDA:177,4,0,0
BRDA:177,4,1,0
BRDA:178,5,0,0
BRDA:178,5,1,0
BRDA:178,6,0,0
BRDA:178,6,1,0
BRDA:190,7,0,3
BRDA:190,7,1,0
BRDA:191,8,0,0
BRDA:191,8,1,0
BRDA:203,9,0,0
BRDA:203,9,1,0
BRDA:205,10,0,0
BRDA:205,10,1,0
BRDA:206,11,0,0
BRDA:206,11,1,0
BRDA:208,12,0,0
BRDA:208,12,1,0
BRDA:208,13,0,0
BRDA:208,13,1,0
BRDA:279,14,0,12
BRDA:279,14,1,4
BRDA:279,14,2,1
BRDA:286,15,0,0
BRDA:286,15,1,1
BRDA:289,16,0,12
BRDA:289,16,1,0
BRDA:412,17,0,8
BRDA:412,17,1,4
BRDA:465,18,0,0
BRDA:465,18,1,0
BRDA:471,19,0,0
BRDA:471,19,1,4
BRDA:471,20,0,4
BRDA:471,20,1,1
BRDA:498,21,0,1
BRDA:498,21,1,3
BRDA:506,22,0,3
BRDA:506,22,1,3
BRDA:507,23,0,3
BRDA:507,23,1,3
BRDA:508,24,0,3
BRDA:508,24,1,0
BRDA:510,25,0,3
BRDA:510,25,1,0
BRDA:510,26,0,3
BRDA:510,26,1,3
BRDA:511,27,0,3
BRDA:511,27,1,3
BRDA:530,28,0,0
BRDA:530,28,1,3
BRDA:540,29,0,0
BRDA:540,29,1,3
BRDA:551,30,0,3
BRDA:551,30,1,3
BRDA:575,31,0,3
BRDA:575,31,1,3
BRDA:591,32,0,3
BRDA:591,32,1,0
BRDA:603,33,0,3
BRDA:603,33,1,0
BRDA:607,34,0,3
BRDA:607,34,1,0
BRDA:609,35,0,3
BRDA:609,35,1,0
BRDA:612,36,0,3
BRDA:612,36,1,0
BRDA:617,37,0,3
BRDA:617,37,1,3
BRDA:628,38,0,3
BRDA:628,38,1,0
BRDA:645,39,0,3
BRDA:645,39,1,3
BRDA:654,40,0,3
BRDA:654,40,1,3
BRDA:663,41,0,3
BRDA:663,41,1,3
BRDA:686,42,0,3
BRDA:686,42,1,0
BRDA:723,43,0,0
BRDA:723,43,1,0
BRDA:726,44,0,0
BRDA:726,44,1,0
BRDA:737,45,0,0
BRDA:737,45,1,0
BRDA:749,46,0,0
BRDA:749,46,1,0
BRDA:757,47,0,0
BRDA:757,47,1,0
BRDA:757,48,0,0
BRDA:757,48,1,0
BRDA:757,48,2,0
BRDA:760,49,0,0
BRDA:760,49,1,0
BRDA:780,50,0,0
BRDA:780,50,1,0
BRDA:856,51,0,0
BRDA:856,51,1,4
BRDA:871,52,0,0
BRDA:871,52,1,4
BRDA:890,53,0,4
BRDA:890,53,1,0
BRDA:896,54,0,4
BRDA:896,54,1,0
BRF:112
BRH:48
end_of_record
TN:
SF:src\pages\admin\ManagePayments.jsx
FN:59,PayBadge
FN:81,ManagePayments
FN:94,(anonymous_2)
FN:95,(anonymous_3)
FN:98,(anonymous_4)
FN:99,(anonymous_5)
FN:110,(anonymous_6)
FN:112,(anonymous_7)
FN:114,(anonymous_8)
FN:122,updateClimbLocally
FN:123,(anonymous_10)
FN:124,(anonymous_11)
FN:128,handleQrUpload
FN:131,(anonymous_13)
FN:142,(anonymous_14)
FN:148,changePaymentStatus
FN:158,(anonymous_16)
FN:170,(anonymous_17)
FN:183,toggleTransportation
FN:187,(anonymous_19)
FN:206,(anonymous_20)
FN:208,(anonymous_21)
FN:212,(anonymous_22)
FN:236,(anonymous_23)
FN:250,(anonymous_24)
FN:267,fmt
FN:291,(anonymous_26)
FN:307,(anonymous_27)
FN:310,(anonymous_28)
FN:387,(anonymous_29)
FNF:30
FNH:16
FNDA:0,PayBadge
FNDA:28,ManagePayments
FNDA:8,(anonymous_2)
FNDA:8,(anonymous_3)
FNDA:4,(anonymous_4)
FNDA:0,(anonymous_5)
FNDA:8,(anonymous_6)
FNDA:8,(anonymous_7)
FNDA:8,(anonymous_8)
FNDA:0,updateClimbLocally
FNDA:0,(anonymous_10)
FNDA:0,(anonymous_11)
FNDA:0,handleQrUpload
FNDA:0,(anonymous_13)
FNDA:0,(anonymous_14)
FNDA:0,changePaymentStatus
FNDA:0,(anonymous_16)
FNDA:16,(anonymous_17)
FNDA:2,toggleTransportation
FNDA:2,(anonymous_19)
FNDA:0,(anonymous_20)
FNDA:36,(anonymous_21)
FNDA:24,(anonymous_22)
FNDA:4,(anonymous_23)
FNDA:24,(anonymous_24)
FNDA:84,fmt
FNDA:0,(anonymous_26)
FNDA:0,(anonymous_27)
FNDA:0,(anonymous_28)
FNDA:8,(anonymous_29)
DA:32,1
DA:60,0
DA:61,0
DA:62,0
DA:82,28
DA:83,28
DA:84,28
DA:85,28
DA:86,28
DA:87,28
DA:88,28
DA:89,28
DA:90,28
DA:91,28
DA:94,28
DA:95,8
DA:97,8
DA:98,4
DA:100,0
DA:101,0
DA:102,0
DA:104,8
DA:110,28
DA:111,8
DA:114,8
DA:115,8
DA:118,8
DA:123,0
DA:124,0
DA:129,0
DA:130,0
DA:131,0
DA:132,0
DA:133,0
DA:137,0
DA:138,0
DA:139,0
DA:140,0
DA:142,0
DA:144,0
DA:149,0
DA:150,0
DA:151,0
DA:152,0
DA:157,0
DA:158,0
DA:159,0
DA:170,28
DA:171,16
DA:172,16
DA:173,16
DA:184,2
DA:185,2
DA:186,2
DA:187,2
DA:188,2
DA:192,2
DA:206,28
DA:208,36
DA:212,28
DA:213,24
DA:214,24
DA:215,16
DA:216,16
DA:217,16
DA:226,16
DA:227,16
DA:230,16
DA:231,16
DA:232,16
DA:233,16
DA:236,16
DA:237,4
DA:239,16
DA:240,2
DA:241,2
DA:244,14
DA:247,24
DA:250,28
DA:251,24
DA:252,24
DA:253,24
DA:254,24
DA:255,24
DA:256,16
DA:258,16
DA:259,16
DA:260,16
DA:261,16
DA:262,16
DA:264,24
DA:268,84
DA:273,28
DA:274,8
DA:284,20
DA:291,0
DA:307,0
DA:310,0
DA:388,8
DA:395,8
LF:100
LH:71
BRDA:61,0,0,0
BRDA:61,0,1,0
BRDA:100,1,0,0
BRDA:100,1,1,0
BRDA:100,2,0,0
BRDA:100,2,1,0
BRDA:101,3,0,0
BRDA:101,3,1,0
BRDA:101,4,0,0
BRDA:101,4,1,0
BRDA:124,5,0,0
BRDA:124,5,1,0
BRDA:129,6,0,0
BRDA:129,6,1,0
BRDA:150,7,0,0
BRDA:150,7,1,0
BRDA:153,8,0,0
BRDA:153,8,1,0
BRDA:154,9,0,0
BRDA:154,9,1,0
BRDA:154,9,2,0
BRDA:161,10,0,0
BRDA:161,10,1,0
BRDA:165,11,0,0
BRDA:165,11,1,0
BRDA:165,11,2,0
BRDA:186,12,0,0
BRDA:186,12,1,2
BRDA:194,13,0,2
BRDA:194,13,1,0
BRDA:198,14,0,2
BRDA:198,14,1,0
BRDA:199,15,0,2
BRDA:199,15,1,0
BRDA:215,16,0,0
BRDA:215,16,1,16
BRDA:215,17,0,16
BRDA:215,17,1,16
BRDA:216,18,0,16
BRDA:216,18,1,0
BRDA:230,19,0,16
BRDA:230,19,1,2
BRDA:230,20,0,16
BRDA:230,20,1,2
BRDA:232,21,0,0
BRDA:232,21,1,16
BRDA:236,22,0,16
BRDA:236,22,1,10
BRDA:239,23,0,2
BRDA:239,23,1,14
BRDA:240,24,0,0
BRDA:240,24,1,2
BRDA:256,25,0,0
BRDA:256,25,1,16
BRDA:258,26,0,16
BRDA:258,26,1,2
BRDA:258,27,0,16
BRDA:258,27,1,2
BRDA:260,28,0,0
BRDA:260,28,1,16
BRDA:262,29,0,14
BRDA:262,29,1,2
BRDA:273,30,0,8
BRDA:273,30,1,20
BRDA:289,31,0,20
BRDA:289,31,1,0
BRDA:384,32,0,12
BRDA:384,32,1,8
BRDA:388,33,0,8
BRDA:388,33,1,0
BRF:70
BRH:32
end_of_record
TN:
SF:src\pages\admin\ReleaseNoteForm.jsx
FN:35,AdminReleaseNoteForm
FN:59,(anonymous_1)
FN:61,(anonymous_2)
FN:71,set
FN:72,(anonymous_4)
FN:75,openPicker
FN:93,handleGenerate
FN:104,(anonymous_7)
FN:114,handleSubmit
FN:155,handleSendEmail
FN:234,(anonymous_10)
FN:252,(anonymous_11)
FN:286,(anonymous_12)
FN:317,(anonymous_13)
FN:328,(anonymous_14)
FN:338,(anonymous_15)
FN:369,(anonymous_16)
FNF:17
FNH:10
FNDA:17,AdminReleaseNoteForm
FNDA:6,(anonymous_1)
FNDA:4,(anonymous_2)
FNDA:3,set
FNDA:3,(anonymous_4)
FNDA:0,openPicker
FNDA:0,handleGenerate
FNDA:0,(anonymous_7)
FNDA:2,handleSubmit
FNDA:1,handleSendEmail
FNDA:0,(anonymous_10)
FNDA:0,(anonymous_11)
FNDA:0,(anonymous_12)
FNDA:1,(anonymous_13)
FNDA:1,(anonymous_14)
FNDA:1,(anonymous_15)
FNDA:0,(anonymous_16)
DA:19,1
DA:20,1
DA:24,1
DA:29,1
DA:36,17
DA:37,17
DA:38,17
DA:39,17
DA:41,17
DA:42,17
DA:43,17
DA:44,17
DA:45,17
DA:46,17
DA:47,17
DA:48,17
DA:50,17
DA:51,17
DA:52,17
DA:53,17
DA:54,17
DA:55,17
DA:56,17
DA:57,17
DA:59,17
DA:60,6
DA:61,4
DA:62,4
DA:63,4
DA:64,4
DA:65,4
DA:67,4
DA:72,3
DA:76,0
DA:77,0
DA:78,0
DA:79,0
DA:80,0
DA:81,0
DA:82,0
DA:83,0
DA:84,0
DA:85,0
DA:87,0
DA:89,0
DA:94,0
DA:95,0
DA:96,0
DA:97,0
DA:98,0
DA:99,0
DA:100,0
DA:101,0
DA:102,0
DA:104,0
DA:105,0
DA:106,0
DA:108,0
DA:110,0
DA:115,2
DA:116,2
DA:117,2
DA:118,2
DA:119,2
DA:120,2
DA:126,2
DA:127,1
DA:129,2
DA:130,0
DA:132,2
DA:133,1
DA:135,1
DA:136,1
DA:137,1
DA:139,2
DA:141,0
DA:142,0
DA:151,2
DA:156,1
DA:161,0
DA:162,1
DA:163,1
DA:164,1
DA:165,1
DA:166,1
DA:167,1
DA:171,0
DA:173,1
DA:177,17
DA:179,13
DA:235,0
DA:252,0
DA:286,0
DA:317,1
DA:328,1
DA:338,1
DA:369,0
LF:97
LH:62
BRDA:60,0,0,2
BRDA:60,0,1,4
BRDA:62,1,0,4
BRDA:62,1,1,0
BRDA:79,2,0,0
BRDA:79,2,1,0
BRDA:83,3,0,0
BRDA:83,3,1,0
BRDA:84,4,0,0
BRDA:84,4,1,0
BRDA:85,5,0,0
BRDA:85,5,1,0
BRDA:87,6,0,0
BRDA:87,6,1,0
BRDA:94,7,0,0
BRDA:94,7,1,0
BRDA:99,8,0,0
BRDA:99,8,1,0
BRDA:100,9,0,0
BRDA:100,9,1,0
BRDA:104,10,0,0
BRDA:104,10,1,0
BRDA:104,11,0,0
BRDA:104,11,1,0
BRDA:105,12,0,0
BRDA:105,12,1,0
BRDA:108,13,0,0
BRDA:108,13,1,0
BRDA:126,14,0,1
BRDA:126,14,1,1
BRDA:126,15,0,2
BRDA:126,15,1,1
BRDA:129,16,0,0
BRDA:129,16,1,2
BRDA:129,17,0,2
BRDA:129,17,1,1
BRDA:132,18,0,1
BRDA:132,18,1,1
BRDA:156,19,0,0
BRDA:156,19,1,1
BRDA:168,20,0,1
BRDA:168,20,1,0
BRDA:168,21,0,1
BRDA:168,21,1,0
BRDA:171,22,0,0
BRDA:171,22,1,0
BRDA:177,23,0,4
BRDA:177,23,1,13
BRDA:188,24,0,7
BRDA:188,24,1,6
BRDA:192,25,0,7
BRDA:192,25,1,6
BRDA:199,26,0,17
BRDA:199,26,1,0
BRDA:201,27,0,17
BRDA:201,27,1,6
BRDA:204,28,0,6
BRDA:204,28,1,0
BRDA:214,29,0,0
BRDA:214,29,1,0
BRDA:216,30,0,0
BRDA:216,30,1,0
BRDA:221,31,0,0
BRDA:221,31,1,0
BRDA:234,32,0,0
BRDA:234,32,1,0
BRDA:264,33,0,0
BRDA:264,33,1,0
BRDA:265,34,0,0
BRDA:265,34,1,0
BRDA:271,35,0,0
BRDA:271,35,1,0
BRDA:278,36,0,0
BRDA:278,36,1,0
BRDA:281,37,0,0
BRDA:281,37,1,0
BRDA:295,38,0,6
BRDA:295,38,1,0
BRDA:295,38,2,0
BRDA:356,39,0,2
BRDA:356,39,1,11
BRDA:360,40,0,6
BRDA:360,40,1,5
BRDA:376,41,0,17
BRDA:376,41,1,7
BRDA:379,42,0,7
BRDA:379,42,1,0
BRDA:380,43,0,7
BRDA:380,43,1,1
BRDA:381,44,0,7
BRDA:381,44,1,0
BRDA:383,45,0,0
BRDA:383,45,1,0
BRDA:384,46,0,0
BRDA:384,46,1,0
BRDA:390,47,0,7
BRDA:390,47,1,3
BRDA:392,48,0,4
BRDA:392,48,1,3
BRDA:398,49,0,1
BRDA:398,49,1,6
BRDA:400,50,0,0
BRDA:400,50,1,6
BRF:103
BRH:43
end_of_record
TN:
SF:src\pages\admin\ReleaseNotesManage.jsx
FN:14,AdminReleaseNotesManage
FN:18,(anonymous_1)
FN:20,(anonymous_2)
FN:21,(anonymous_3)
FN:80,(anonymous_4)
FNF:5
FNH:5
FNDA:6,AdminReleaseNotesManage
FNDA:3,(anonymous_1)
FNDA:3,(anonymous_2)
FNDA:3,(anonymous_3)
FNDA:3,(anonymous_4)
DA:9,1
DA:15,6
DA:16,6
DA:18,6
DA:19,3
DA:20,3
DA:21,3
DA:22,3
DA:24,3
DA:27,6
DA:81,3
LF:11
LH:11
BRDA:40,0,0,5
BRDA:40,0,1,1
BRDA:53,1,0,3
BRDA:53,1,1,3
BRDA:70,2,0,1
BRDA:70,2,1,2
BRDA:92,3,0,3
BRDA:92,3,1,0
BRDA:99,4,0,2
BRDA:99,4,1,1
BRDA:101,5,0,2
BRDA:101,5,1,0
BRDA:108,6,0,3
BRDA:108,6,1,0
BRF:14
BRH:11
end_of_record
TN:
SF:src\pages\admin\UsersManage.jsx
FN:63,describeCreateUserError
FN:89,RoleBadge
FN:108,AdminUsersManage
FN:134,(anonymous_3)
FN:136,(anonymous_4)
FN:138,(anonymous_5)
FN:139,(anonymous_6)
FN:149,changeRole
FN:162,(anonymous_8)
FN:170,openUser
FN:181,closeUserModal
FN:192,saveRole
FN:197,saveProfile
FN:212,(anonymous_13)
FN:225,deleteUser
FN:244,handleCreateUser
FN:265,(anonymous_16)
FN:294,(anonymous_17)
FN:354,(anonymous_18)
FN:355,(anonymous_19)
FN:366,(anonymous_20)
FN:367,(anonymous_21)
FN:377,(anonymous_22)
FN:378,(anonymous_23)
FN:402,(anonymous_24)
FN:425,(anonymous_25)
FN:436,(anonymous_26)
FN:494,(anonymous_27)
FN:526,(anonymous_28)
FN:691,(anonymous_29)
FN:700,(anonymous_30)
FN:764,(anonymous_31)
FN:768,(anonymous_32)
FN:873,(anonymous_33)
FN:902,(anonymous_34)
FN:908,(anonymous_35)
FNF:36
FNH:20
FNDA:0,describeCreateUserError
FNDA:66,RoleBadge
FNDA:38,AdminUsersManage
FNDA:11,(anonymous_3)
FNDA:11,(anonymous_4)
FNDA:22,(anonymous_5)
FNDA:11,(anonymous_6)
FNDA:0,changeRole
FNDA:0,(anonymous_8)
FNDA:6,openUser
FNDA:1,closeUserModal
FNDA:0,saveRole
FNDA:2,saveProfile
FNDA:1,(anonymous_13)
FNDA:2,deleteUser
FNDA:0,handleCreateUser
FNDA:54,(anonymous_16)
FNDA:1,(anonymous_17)
FNDA:0,(anonymous_18)
FNDA:0,(anonymous_19)
FNDA:0,(anonymous_20)
FNDA:0,(anonymous_21)
FNDA:0,(anonymous_22)
FNDA:0,(anonymous_23)
FNDA:0,(anonymous_24)
FNDA:0,(anonymous_25)
FNDA:0,(anonymous_26)
FNDA:0,(anonymous_27)
FNDA:4,(anonymous_28)
FNDA:1,(anonymous_29)
FNDA:1,(anonymous_30)
FNDA:24,(anonymous_31)
FNDA:0,(anonymous_32)
FNDA:1,(anonymous_33)
FNDA:53,(anonymous_34)
FNDA:6,(anonymous_35)
DA:18,1
DA:19,1
DA:20,1
DA:22,1
DA:64,0
DA:65,0
DA:66,0
DA:67,0
DA:76,1
DA:90,66
DA:91,66
DA:109,38
DA:110,38
DA:111,38
DA:112,38
DA:113,38
DA:114,38
DA:115,38
DA:116,38
DA:117,38
DA:118,38
DA:119,38
DA:120,38
DA:121,38
DA:122,38
DA:123,38
DA:124,38
DA:125,38
DA:130,38
DA:131,38
DA:132,38
DA:134,38
DA:135,11
DA:136,11
DA:137,11
DA:138,22
DA:140,11
DA:143,11
DA:144,11
DA:146,11
DA:150,0
DA:151,0
DA:152,0
DA:154,0
DA:155,0
DA:156,0
DA:157,0
DA:158,0
DA:162,0
DA:164,0
DA:166,0
DA:171,6
DA:172,6
DA:173,6
DA:174,6
DA:175,6
DA:176,6
DA:177,6
DA:178,6
DA:182,1
DA:183,1
DA:184,1
DA:185,1
DA:186,1
DA:187,1
DA:188,1
DA:189,1
DA:193,0
DA:194,0
DA:198,2
DA:199,2
DA:200,2
DA:201,2
DA:203,2
DA:204,2
DA:205,2
DA:206,2
DA:207,2
DA:212,1
DA:217,1
DA:219,1
DA:221,2
DA:226,2
DA:227,2
DA:232,1
DA:233,1
DA:234,1
DA:235,1
DA:236,1
DA:237,1
DA:239,0
DA:240,0
DA:245,0
DA:246,0
DA:247,0
DA:248,0
DA:249,0
DA:250,0
DA:251,0
DA:252,0
DA:257,0
DA:259,0
DA:261,0
DA:265,38
DA:267,54
DA:272,38
DA:295,1
DA:296,1
DA:297,1
DA:355,0
DA:367,0
DA:378,0
DA:402,0
DA:425,0
DA:436,0
DA:494,0
DA:526,4
DA:691,1
DA:700,1
DA:765,24
DA:768,0
DA:873,1
DA:903,53
DA:904,53
DA:908,6
LF:125
LH:87
BRDA:64,0,0,0
BRDA:64,0,1,0
BRDA:66,1,0,0
BRDA:66,1,1,0
BRDA:69,2,0,0
BRDA:69,2,1,0
BRDA:90,3,0,66
BRDA:90,3,1,0
BRDA:141,4,0,11
BRDA:141,4,1,11
BRDA:141,5,0,11
BRDA:141,5,1,11
BRDA:150,6,0,0
BRDA:150,6,1,0
BRDA:154,7,0,0
BRDA:154,7,1,0
BRDA:174,8,0,6
BRDA:174,8,1,0
BRDA:175,9,0,6
BRDA:175,9,1,0
BRDA:193,10,0,0
BRDA:193,10,1,0
BRDA:198,11,0,0
BRDA:198,11,1,2
BRDA:199,12,0,2
BRDA:199,12,1,2
BRDA:200,13,0,2
BRDA:200,13,1,2
BRDA:201,14,0,0
BRDA:201,14,1,2
BRDA:201,15,0,2
BRDA:201,15,1,1
BRDA:209,16,0,1
BRDA:209,16,1,1
BRDA:210,17,0,1
BRDA:210,17,1,1
BRDA:214,18,0,1
BRDA:214,18,1,0
BRDA:215,19,0,0
BRDA:215,19,1,1
BRDA:219,20,0,1
BRDA:219,20,1,0
BRDA:226,21,0,0
BRDA:226,21,1,2
BRDA:227,22,0,1
BRDA:227,22,1,1
BRDA:229,23,0,2
BRDA:229,23,1,0
BRDA:239,24,0,0
BRDA:239,24,1,0
BRDA:253,25,0,0
BRDA:253,25,1,0
BRDA:267,26,0,54
BRDA:267,26,1,2
BRDA:267,26,2,1
BRDA:285,27,0,38
BRDA:285,27,1,0
BRDA:307,28,0,38
BRDA:307,28,1,1
BRDA:343,29,0,1
BRDA:343,29,1,0
BRDA:396,30,0,0
BRDA:396,30,1,1
BRDA:413,31,0,38
BRDA:413,31,1,0
BRDA:478,32,0,0
BRDA:478,32,1,0
BRDA:503,33,0,38
BRDA:503,33,1,13
BRDA:553,34,0,13
BRDA:553,34,1,0
BRDA:553,34,2,0
BRDA:560,35,0,13
BRDA:560,35,1,1
BRDA:635,36,0,0
BRDA:635,36,1,13
BRDA:654,37,0,13
BRDA:654,37,1,13
BRDA:675,38,0,13
BRDA:675,38,1,1
BRDA:680,39,0,13
BRDA:680,39,1,1
BRDA:709,40,0,13
BRDA:709,40,1,11
BRDA:709,40,2,10
BRDA:716,41,0,2
BRDA:716,41,1,11
BRDA:721,42,0,1
BRDA:721,42,1,12
BRDA:748,43,0,12
BRDA:748,43,1,0
BRDA:776,44,0,12
BRDA:776,44,1,12
BRDA:778,45,0,12
BRDA:778,45,1,0
BRDA:779,46,0,0
BRDA:779,46,1,12
BRDA:793,47,0,12
BRDA:793,47,1,0
BRDA:798,48,0,0
BRDA:798,48,1,12
BRDA:801,49,0,12
BRDA:801,49,1,0
BRDA:810,50,0,0
BRDA:810,50,1,0
BRDA:838,51,0,13
BRDA:838,51,1,0
BRDA:843,52,0,1
BRDA:843,52,1,12
BRDA:859,53,0,1
BRDA:859,53,1,11
BRDA:878,54,0,11
BRDA:878,54,1,27
BRDA:892,55,0,0
BRDA:892,55,1,27
BRDA:913,56,0,53
BRDA:913,56,1,2
BRDA:949,57,0,0
BRDA:949,57,1,53
BRDA:956,58,0,53
BRDA:956,58,1,53
BRF:121
BRH:75
end_of_record
TN:
SF:src\utils\auditLog.js
FN:6,logAuditEvent
FNF:1
FNH:1
FNDA:10,logAuditEvent
DA:15,10
DA:16,10
LF:2
LH:2
BRDA:17,0,0,10
BRDA:17,0,1,0
BRDA:18,1,0,10
BRDA:18,1,1,0
BRDA:20,2,0,10
BRDA:20,2,1,0
BRDA:21,3,0,10
BRDA:21,3,1,0
BRDA:22,4,0,10
BRDA:22,4,1,0
BRDA:23,5,0,10
BRDA:23,5,1,5
BRF:12
BRH:7
end_of_record
TN:
SF:src\utils\climbCompleteness.js
FN:2,(anonymous_0)
FN:3,(anonymous_1)
FN:4,(anonymous_2)
FN:5,(anonymous_3)
FN:6,(anonymous_4)
FN:7,(anonymous_5)
FN:8,(anonymous_6)
FN:11,(anonymous_7)
FN:12,(anonymous_8)
FN:18,(anonymous_9)
FN:19,(anonymous_10)
FN:25,(anonymous_11)
FN:25,(anonymous_12)
FN:27,(anonymous_13)
FN:28,(anonymous_14)
FN:29,(anonymous_15)
FN:32,(anonymous_16)
FN:34,(anonymous_17)
FN:37,getMissingFields
FN:38,(anonymous_19)
FN:39,(anonymous_20)
FNF:21
FNH:18
FNDA:14,(anonymous_0)
FNDA:14,(anonymous_1)
FNDA:14,(anonymous_2)
FNDA:14,(anonymous_3)
FNDA:14,(anonymous_4)
FNDA:14,(anonymous_5)
FNDA:14,(anonymous_6)
FNDA:14,(anonymous_7)
FNDA:0,(anonymous_8)
FNDA:14,(anonymous_9)
FNDA:0,(anonymous_10)
FNDA:14,(anonymous_11)
FNDA:0,(anonymous_12)
FNDA:14,(anonymous_13)
FNDA:14,(anonymous_14)
FNDA:14,(anonymous_15)
FNDA:14,(anonymous_16)
FNDA:14,(anonymous_17)
FNDA:14,getMissingFields
FNDA:210,(anonymous_19)
FNDA:140,(anonymous_20)
DA:1,2
DA:2,14
DA:3,14
DA:4,14
DA:5,14
DA:6,14
DA:7,14
DA:8,14
DA:12,14
DA:13,0
DA:19,14
DA:20,0
DA:25,14
DA:27,14
DA:28,14
DA:29,14
DA:32,14
DA:34,14
DA:38,210
DA:39,140
LF:20
LH:18
BRDA:13,0,0,0
BRDA:13,0,1,0
BRDA:20,1,0,0
BRDA:20,1,1,0
BRDA:25,2,0,0
BRDA:25,2,1,0
BRDA:32,3,0,14
BRDA:32,3,1,14
BRDA:32,4,0,14
BRDA:32,4,1,0
BRF:10
BRH:3
end_of_record
TN:
SF:src\utils\feeSummary.js
FN:1,getFeeSummary
FN:5,(anonymous_1)
FN:7,(anonymous_2)
FN:8,(anonymous_3)
FN:13,(anonymous_4)
FN:16,(anonymous_5)
FNF:6
FNH:0
FNDA:0,getFeeSummary
FNDA:0,(anonymous_1)
FNDA:0,(anonymous_2)
FNDA:0,(anonymous_3)
FNDA:0,(anonymous_4)
FNDA:0,(anonymous_5)
DA:2,0
DA:3,0
DA:5,0
DA:6,0
DA:7,0
DA:8,0
DA:10,0
DA:11,0
DA:13,0
DA:14,0
DA:16,0
DA:17,0
DA:18,0
LF:13
LH:0
BRDA:3,0,0,0
BRDA:3,0,1,0
BRDA:10,1,0,0
BRDA:10,1,1,0
BRDA:11,2,0,0
BRDA:11,2,1,0
BRDA:17,3,0,0
BRDA:17,3,1,0
BRF:8
BRH:0
end_of_record
TN:
SF:src\utils\logFailedRequest.js
FN:5,logFailedRequest
FN:25,(anonymous_1)
FNF:2
FNH:0
FNDA:0,logFailedRequest
FNDA:0,(anonymous_1)
DA:15,0
LF:1
LH:0
BRDA:9,0,0,0
BRDA:10,1,0,0
BRDA:11,2,0,0
BRDA:12,3,0,0
BRDA:13,4,0,0
BRDA:18,5,0,0
BRDA:18,5,1,0
BRF:7
BRH:0
end_of_record
TN:
SF:src\utils\registrationFees.js
FN:9,parseAmount
FN:17,getExpectedTotal
FN:19,(anonymous_2)
FN:20,(anonymous_3)
FN:21,(anonymous_4)
FN:27,getOutstanding
FN:37,toggleTransportationEntry
FN:39,(anonymous_7)
FN:41,(anonymous_8)
FN:53,(anonymous_9)
FNF:10
FNH:10
FNDA:82,parseAmount
FNDA:230,getExpectedTotal
FNDA:92,(anonymous_2)
FNDA:18,(anonymous_3)
FNDA:82,(anonymous_4)
FNDA:225,getOutstanding
FNDA:7,toggleTransportationEntry
FNDA:4,(anonymous_7)
FNDA:4,(anonymous_8)
FNDA:6,(anonymous_9)
DA:10,82
DA:11,82
DA:18,230
DA:19,92
DA:20,18
DA:21,230
DA:29,225
DA:30,225
DA:38,7
DA:39,7
DA:40,7
DA:41,3
DA:42,4
DA:44,3
DA:45,2
DA:51,2
DA:53,6
LF:17
LH:17
BRDA:11,0,0,0
BRDA:11,0,1,82
BRDA:18,1,0,79
BRDA:18,1,1,151
BRDA:20,2,0,151
BRDA:20,2,1,104
BRDA:29,3,0,1
BRDA:29,3,1,224
BRDA:29,4,0,224
BRDA:29,4,1,176
BRDA:38,5,0,6
BRDA:38,5,1,1
BRDA:40,6,0,3
BRDA:40,6,1,4
BRDA:41,7,0,3
BRDA:41,7,1,0
BRDA:44,8,0,1
BRDA:44,8,1,2
BRDA:53,9,0,6
BRDA:53,9,1,0
BRF:20
BRH:17
end_of_record
