TN:
SF:src\App.jsx
FN:35,App
FNF:1
FNH:0
FNDA:0,App
DA:36,0
DA:37,0
LF:2
LH:0
BRF:0
BRH:0
end_of_record
TN:
SF:src\components\AdminRoute.jsx
FN:4,AdminRoute
FNF:1
FNH:1
FNDA:3,AdminRoute
DA:5,3
DA:7,3
DA:8,2
DA:10,1
LF:4
LH:4
BRDA:7,0,0,2
BRDA:7,0,1,1
BRDA:7,1,0,3
BRDA:7,1,1,2
BRF:4
BRH:4
end_of_record
TN:
SF:src\components\ClimbCard.jsx
FN:24,toDate
FN:29,getExperienceLevel
FN:45,getLeadOfficers
FN:48,(anonymous_3)
FN:49,(anonymous_4)
FN:50,(anonymous_5)
FN:56,isClimbOngoing
FN:67,ClimbCard
FN:127,(anonymous_8)
FNF:9
FNH:9
FNDA:74,toDate
FNDA:37,getExperienceLevel
FNDA:37,getLeadOfficers
FNDA:6,(anonymous_3)
FNDA:2,(anonymous_4)
FNDA:8,(anonymous_5)
FNDA:37,isClimbOngoing
FNDA:37,ClimbCard
FNDA:5,(anonymous_8)
DA:4,2
DA:9,2
DA:11,2
DA:17,2
DA:25,74
DA:26,37
DA:30,37
DA:31,37
DA:32,37
DA:33,37
DA:35,37
DA:36,0
DA:37,0
DA:38,0
DA:41,2
DA:42,2
DA:43,2
DA:46,37
DA:48,6
DA:49,2
DA:50,37
DA:51,8
DA:53,37
DA:57,37
DA:58,37
DA:59,37
DA:60,37
DA:61,37
DA:62,37
DA:63,37
DA:64,37
DA:68,37
DA:69,37
DA:70,37
DA:71,37
DA:72,37
DA:73,37
DA:74,37
DA:75,37
DA:77,37
DA:128,5
LF:41
LH:38
BRDA:25,0,0,37
BRDA:25,0,1,37
BRDA:26,1,0,37
BRDA:26,1,1,0
BRDA:31,2,0,37
BRDA:31,2,1,0
BRDA:31,3,0,37
BRDA:31,3,1,37
BRDA:33,4,0,0
BRDA:33,4,1,37
BRDA:35,5,0,37
BRDA:35,5,1,0
BRDA:36,6,0,0
BRDA:36,6,1,0
BRDA:37,7,0,0
BRDA:37,7,1,0
BRDA:46,8,0,32
BRDA:46,8,1,5
BRDA:48,9,0,5
BRDA:48,9,1,2
BRDA:48,10,0,6
BRDA:48,10,1,0
BRDA:49,11,0,2
BRDA:49,11,1,0
BRDA:51,12,0,8
BRDA:51,12,1,0
BRDA:58,13,0,0
BRDA:58,13,1,37
BRDA:59,14,0,37
BRDA:59,14,1,37
BRDA:64,15,0,37
BRDA:64,15,1,0
BRDA:69,16,0,37
BRDA:69,16,1,0
BRDA:71,17,0,37
BRDA:71,17,1,37
BRDA:72,18,0,37
BRDA:72,18,1,37
BRDA:72,18,2,36
BRDA:73,19,0,37
BRDA:73,19,1,37
BRDA:80,20,0,1
BRDA:80,20,1,36
BRDA:82,21,0,37
BRDA:82,21,1,0
BRDA:84,22,0,37
BRDA:84,22,1,0
BRDA:85,23,0,37
BRDA:85,23,1,0
BRDA:87,24,0,37
BRDA:87,24,1,0
BRDA:103,25,0,37
BRDA:103,25,1,0
BRDA:103,25,2,0
BRDA:103,25,3,37
BRDA:105,26,0,37
BRDA:105,26,1,37
BRDA:111,27,0,37
BRDA:111,27,1,37
BRDA:117,28,0,37
BRDA:117,28,1,37
BRDA:126,29,0,4
BRDA:126,29,1,33
BRDA:131,30,0,5
BRDA:131,30,1,0
BRDA:142,31,0,37
BRDA:142,31,1,37
BRDA:148,32,0,37
BRDA:148,32,1,1
BRDA:151,33,0,37
BRDA:151,33,1,2
BRDA:151,33,2,2
BRDA:153,34,0,1
BRDA:153,34,1,1
BRDA:162,35,0,36
BRDA:162,35,1,1
BRDA:173,36,0,37
BRDA:173,36,1,0
BRDA:193,37,0,37
BRDA:193,37,1,0
BRDA:195,38,0,37
BRDA:195,38,1,0
BRDA:198,39,0,37
BRDA:198,39,1,0
BRDA:200,40,0,37
BRDA:200,40,1,0
BRF:86
BRH:60
end_of_record
TN:
SF:src\components\DetailCell.jsx
FN:1,DetailCell
FNF:1
FNH:0
FNDA:0,DetailCell
DA:2,0
LF:1
LH:0
BRDA:17,0,0,0
BRDA:17,0,1,0
BRF:2
BRH:0
end_of_record
TN:
SF:src\components\Footer.jsx
FN:1,Footer
FNF:1
FNH:1
FNDA:316,Footer
DA:2,316
LF:1
LH:1
BRF:0
BRH:0
end_of_record
TN:
SF:src\components\Header.jsx
FN:7,Header
FN:15,(anonymous_1)
FN:20,(anonymous_2)
FN:22,(anonymous_3)
FN:27,handleLogout
FN:33,(anonymous_5)
FN:35,(anonymous_6)
FN:68,(anonymous_7)
FN:104,(anonymous_8)
FN:117,(anonymous_9)
FN:117,(anonymous_10)
FN:157,(anonymous_11)
FN:203,(anonymous_12)
FNF:13
FNH:11
FNDA:343,Header
FNDA:112,(anonymous_1)
FNDA:114,(anonymous_2)
FNDA:114,(anonymous_3)
FNDA:1,handleLogout
FNDA:761,(anonymous_5)
FNDA:761,(anonymous_6)
FNDA:164,(anonymous_7)
FNDA:0,(anonymous_8)
FNDA:2,(anonymous_9)
FNDA:2,(anonymous_10)
FNDA:164,(anonymous_11)
FNDA:0,(anonymous_12)
DA:8,343
DA:9,343
DA:10,343
DA:11,343
DA:12,343
DA:15,343
DA:16,112
DA:20,343
DA:21,114
DA:22,114
DA:23,114
DA:28,1
DA:29,1
DA:30,1
DA:33,343
DA:34,761
DA:35,343
DA:36,761
DA:38,343
DA:69,164
DA:104,0
DA:117,2
DA:158,164
DA:203,0
LF:24
LH:22
BRDA:21,0,0,1
BRDA:21,0,1,113
BRDA:34,1,0,216
BRDA:34,1,1,545
BRDA:36,2,0,216
BRDA:36,2,1,545
BRDA:55,3,0,343
BRDA:55,3,1,226
BRDA:60,4,0,343
BRDA:60,4,1,226
BRDA:65,5,0,343
BRDA:65,5,1,170
BRDA:69,6,0,71
BRDA:69,6,1,93
BRDA:75,7,0,226
BRDA:75,7,1,117
BRDA:79,8,0,226
BRDA:79,8,1,0
BRDA:99,9,0,343
BRDA:99,9,1,226
BRDA:113,10,0,2
BRDA:113,10,1,341
BRDA:114,11,0,2
BRDA:114,11,1,341
BRDA:128,12,0,2
BRDA:128,12,1,341
BRDA:138,13,0,343
BRDA:138,13,1,226
BRDA:146,14,0,343
BRDA:146,14,1,226
BRDA:154,15,0,343
BRDA:154,15,1,170
BRDA:158,16,0,71
BRDA:158,16,1,93
BRDA:170,17,0,226
BRDA:170,17,1,117
BRDA:174,18,0,226
BRDA:174,18,1,0
BRDA:174,18,2,0
BRDA:179,19,0,226
BRDA:179,19,1,0
BRDA:202,20,0,2
BRDA:202,20,1,341
BRF:43
BRH:39
end_of_record
TN:
SF:src\components\Icon.jsx
FN:140,Icon
FNF:1
FNH:1
FNDA:717,Icon
DA:1,3
DA:141,717
DA:142,717
DA:143,717
LF:4
LH:4
BRDA:140,0,0,717
BRDA:140,1,0,717
BRDA:142,2,0,0
BRDA:142,2,1,717
BRF:4
BRH:3
end_of_record
TN:
SF:src\components\LoadingSpinner.jsx
FN:1,LoadingSpinner
FNF:1
FNH:1
FNDA:103,LoadingSpinner
DA:3,103
DA:31,103
DA:32,32
DA:34,71
LF:4
LH:4
BRDA:1,0,0,103
BRDA:31,1,0,32
BRDA:31,1,1,71
BRF:3
BRH:3
end_of_record
TN:
SF:src\components\NotificationBell.jsx
FN:16,timeAgo
FN:29,NotificationBell
FN:36,(anonymous_2)
FN:44,(anonymous_3)
FN:45,(anonymous_4)
FN:50,(anonymous_5)
FN:51,handleClickOutside
FN:57,(anonymous_7)
FN:62,(anonymous_8)
FN:64,markRead
FN:70,markAllRead
FN:73,(anonymous_11)
FN:74,(anonymous_12)
FN:78,handleClick
FN:90,(anonymous_14)
FN:90,(anonymous_15)
FN:114,(anonymous_16)
FN:118,(anonymous_17)
FNF:18
FNH:18
FNDA:4,timeAgo
FNDA:503,NotificationBell
FNDA:149,(anonymous_2)
FNDA:148,(anonymous_3)
FNDA:141,(anonymous_4)
FNDA:157,(anonymous_5)
FNDA:1,handleClickOutside
FNDA:157,(anonymous_7)
FNDA:287,(anonymous_8)
FNDA:2,markRead
FNDA:1,markAllRead
FNDA:2,(anonymous_11)
FNDA:2,(anonymous_12)
FNDA:2,handleClick
FNDA:5,(anonymous_14)
FNDA:5,(anonymous_15)
FNDA:4,(anonymous_16)
FNDA:2,(anonymous_17)
DA:17,4
DA:18,4
DA:19,4
DA:20,4
DA:21,4
DA:22,0
DA:23,0
DA:24,0
DA:25,0
DA:26,0
DA:30,503
DA:31,503
DA:32,503
DA:33,503
DA:34,503
DA:36,503
DA:37,149
DA:38,148
DA:44,148
DA:45,148
DA:47,148
DA:50,503
DA:52,1
DA:53,1
DA:56,157
DA:57,157
DA:60,503
DA:62,502
DA:65,2
DA:66,1
DA:71,1
DA:73,2
DA:74,2
DA:79,2
DA:80,2
DA:81,2
DA:84,502
DA:90,5
DA:115,4
DA:118,2
LF:40
LH:35
BRDA:17,0,0,0
BRDA:17,0,1,4
BRDA:19,1,0,0
BRDA:19,1,1,4
BRDA:21,2,0,4
BRDA:21,2,1,0
BRDA:23,3,0,0
BRDA:23,3,1,0
BRDA:25,4,0,0
BRDA:25,4,1,0
BRDA:37,5,0,1
BRDA:37,5,1,148
BRDA:52,6,0,1
BRDA:52,6,1,0
BRDA:52,7,0,1
BRDA:52,7,1,1
BRDA:56,8,0,5
BRDA:56,8,1,152
BRDA:60,9,0,1
BRDA:60,9,1,502
BRDA:65,10,0,1
BRDA:65,10,1,1
BRDA:81,11,0,2
BRDA:81,11,1,0
BRDA:93,12,0,502
BRDA:93,12,1,185
BRDA:95,13,0,1
BRDA:95,13,1,184
BRDA:100,14,0,503
BRDA:100,14,1,5
BRDA:104,15,0,5
BRDA:104,15,1,2
BRDA:110,16,0,2
BRDA:110,16,1,3
BRDA:117,17,0,1
BRDA:117,17,1,3
BRDA:121,18,0,4
BRDA:121,18,1,4
BRF:38
BRH:29
end_of_record
TN:
SF:src\components\ProtectedRoute.jsx
FN:4,ProtectedRoute
FNF:1
FNH:1
FNDA:2,ProtectedRoute
DA:5,2
DA:6,2
DA:8,2
DA:9,1
DA:11,1
LF:5
LH:5
BRDA:8,0,0,1
BRDA:8,0,1,1
BRF:2
BRH:2
end_of_record
TN:
SF:src\components\ReleaseNotesNotice.jsx
FN:16,ReleaseNotesNotice
FN:20,(anonymous_1)
FN:28,(anonymous_2)
FN:40,dismiss
FN:43,(anonymous_4)
FNF:5
FNH:4
FNDA:7,ReleaseNotesNotice
FNDA:4,(anonymous_1)
FNDA:3,(anonymous_2)
FNDA:1,dismiss
FNDA:0,(anonymous_4)
DA:17,7
DA:18,7
DA:20,7
DA:21,4
DA:22,3
DA:28,3
DA:29,3
DA:30,3
DA:31,3
DA:34,3
DA:37,7
DA:38,3
DA:41,1
DA:46,2
LF:14
LH:14
BRDA:21,0,0,1
BRDA:21,0,1,3
BRDA:29,1,0,3
BRDA:29,1,1,0
BRDA:37,2,0,4
BRDA:37,2,1,3
BRDA:37,3,0,7
BRDA:37,3,1,6
BRDA:38,4,0,1
BRDA:38,4,1,2
BRF:10
BRH:9
end_of_record
TN:
SF:src\components\WaiverText.jsx
FN:5,WaiverText
FNF:1
FNH:1
FNDA:13,WaiverText
DA:6,13
DA:8,13
LF:2
LH:2
BRDA:12,0,0,13
BRDA:12,0,1,0
BRF:2
BRH:1
end_of_record
TN:
SF:src\components\WelcomeModal.jsx
FN:6,(anonymous_0)
FN:114,WelcomeModal
FN:122,(anonymous_2)
FN:129,(anonymous_3)
FN:137,dismiss
FN:175,(anonymous_5)
FN:179,(anonymous_6)
FN:195,(anonymous_7)
FN:207,(anonymous_8)
FN:207,(anonymous_9)
FN:216,(anonymous_10)
FN:216,(anonymous_11)
FNF:12
FNH:0
FNDA:0,(anonymous_0)
FNDA:0,WelcomeModal
FNDA:0,(anonymous_2)
FNDA:0,(anonymous_3)
FNDA:0,dismiss
FNDA:0,(anonymous_5)
FNDA:0,(anonymous_6)
FNDA:0,(anonymous_7)
FNDA:0,(anonymous_8)
FNDA:0,(anonymous_9)
FNDA:0,(anonymous_10)
FNDA:0,(anonymous_11)
DA:6,0
DA:8,0
DA:61,0
DA:115,0
DA:116,0
DA:117,0
DA:118,0
DA:119,0
DA:122,0
DA:123,0
DA:124,0
DA:125,0
DA:129,0
DA:130,0
DA:131,0
DA:132,0
DA:133,0
DA:138,0
DA:139,0
DA:141,0
DA:144,0
DA:146,0
DA:147,0
DA:149,0
DA:176,0
DA:179,0
DA:196,0
DA:207,0
DA:216,0
LF:29
LH:0
BRDA:119,0,0,0
BRDA:119,0,1,0
BRDA:123,1,0,0
BRDA:123,1,1,0
BRDA:125,2,0,0
BRDA:125,2,1,0
BRDA:130,3,0,0
BRDA:130,3,1,0
BRDA:138,4,0,0
BRDA:138,4,1,0
BRDA:144,5,0,0
BRDA:144,5,1,0
BRDA:144,6,0,0
BRDA:144,6,1,0
BRDA:163,7,0,0
BRDA:163,7,1,0
BRDA:163,7,2,0
BRDA:168,8,0,0
BRDA:168,8,1,0
BRDA:178,9,0,0
BRDA:178,9,1,0
BRDA:178,10,0,0
BRDA:178,10,1,0
BRDA:188,11,0,0
BRDA:188,11,1,0
BRDA:188,11,2,0
BRDA:193,12,0,0
BRDA:193,12,1,0
BRDA:204,13,0,0
BRDA:204,13,1,0
BRDA:213,14,0,0
BRDA:213,14,1,0
BRF:32
BRH:0
end_of_record
TN:
SF:src\contexts\AuthContext.jsx
FN:17,AuthProvider
FN:22,fetchProfile
FN:27,signup
FN:40,login
FN:44,loginWithGoogle
FN:73,handleRedirectResult
FN:99,logout
FN:103,resetPassword
FN:107,(anonymous_8)
FN:111,(anonymous_9)
FN:145,useAuth
FNF:11
FNH:10
FNDA:16,AuthProvider
FNDA:2,fetchProfile
FNDA:1,signup
FNDA:1,login
FNDA:0,loginWithGoogle
FNDA:7,handleRedirectResult
FNDA:1,logout
FNDA:1,resetPassword
FNDA:7,(anonymous_8)
FNDA:7,(anonymous_9)
FNDA:1151,useAuth
DA:15,25
DA:18,16
DA:19,16
DA:20,16
DA:23,2
DA:24,2
DA:28,1
DA:29,1
DA:30,1
DA:37,1
DA:41,1
DA:45,0
DA:47,0
DA:48,0
DA:49,0
DA:50,0
DA:59,0
DA:61,0
DA:62,0
DA:63,0
DA:66,0
DA:67,0
DA:69,0
DA:74,7
DA:75,7
DA:76,7
DA:78,0
DA:79,0
DA:80,0
DA:81,0
DA:94,0
DA:95,0
DA:100,1
DA:104,1
DA:107,16
DA:109,7
DA:111,7
DA:112,7
DA:113,7
DA:114,2
DA:115,2
DA:117,5
DA:119,7
DA:121,7
DA:124,16
DA:126,16
DA:146,1151
LF:47
LH:29
BRDA:24,0,0,2
BRDA:24,0,1,0
BRDA:49,1,0,0
BRDA:49,1,1,0
BRDA:53,2,0,0
BRDA:53,2,1,0
BRDA:61,3,0,0
BRDA:61,3,1,0
BRDA:62,4,0,0
BRDA:62,4,1,0
BRDA:76,5,0,7
BRDA:76,5,1,0
BRDA:80,6,0,0
BRDA:80,6,1,0
BRDA:84,7,0,0
BRDA:84,7,1,0
BRDA:94,8,0,0
BRDA:94,8,1,0
BRDA:113,9,0,2
BRDA:113,9,1,5
BRDA:140,10,0,16
BRDA:140,10,1,7
BRF:22
BRH:6
end_of_record
TN:
SF:src\contexts\GuideContext.jsx
FN:5,GuideProvider
FN:14,useGuide
FNF:2
FNH:2
FNDA:154,GuideProvider
FNDA:343,useGuide
DA:3,24
DA:6,154
DA:7,154
DA:15,343
LF:4
LH:4
BRF:0
BRH:0
end_of_record
TN:
SF:src\data\schedule2026.js
FNF:0
FNH:0
DA:4,1
DA:20,1
LF:2
LH:2
BRF:0
BRH:0
end_of_record
TN:
SF:src\firebase\config.js
FNF:0
FNH:0
DA:8,0
DA:17,0
DA:19,0
DA:20,0
DA:21,0
DA:22,0
DA:23,0
DA:25,0
DA:26,0
DA:27,0
DA:28,0
DA:29,0
LF:12
LH:0
BRDA:25,0,0,0
BRDA:25,0,1,0
BRDA:25,1,0,0
BRDA:25,1,1,0
BRF:4
BRH:0
end_of_record
TN:
SF:src\hooks\usePageTracking.js
FN:7,getSessionId
FN:19,usePageTracking
FN:24,(anonymous_2)
FN:49,(anonymous_3)
FNF:4
FNH:0
FNDA:0,getSessionId
FNDA:0,usePageTracking
FNDA:0,(anonymous_2)
FNDA:0,(anonymous_3)
DA:8,0
DA:9,0
DA:10,0
DA:14,0
DA:16,0
DA:20,0
DA:21,0
DA:22,0
DA:24,0
DA:26,0
DA:29,0
DA:30,0
DA:31,0
DA:33,0
DA:34,0
DA:36,0
DA:37,0
DA:38,0
DA:42,0
LF:19
LH:0
BRDA:9,0,0,0
BRDA:9,0,1,0
BRDA:11,1,0,0
BRDA:11,1,1,0
BRDA:11,2,0,0
BRDA:11,2,1,0
BRDA:26,3,0,0
BRDA:26,3,1,0
BRDA:30,4,0,0
BRDA:30,4,1,0
BRDA:34,5,0,0
BRDA:34,5,1,0
BRDA:37,6,0,0
BRDA:37,6,1,0
BRDA:38,7,0,0
BRDA:38,7,1,0
BRDA:44,8,0,0
BRDA:44,8,1,0
BRDA:45,9,0,0
BRDA:45,9,1,0
BRF:20
BRH:0
end_of_record
TN:
SF:src\pages\Event.jsx
FN:55,parseGoogleMapsUrl
FN:67,parseGoogleMapsPlace
FN:74,getClimbDate
FN:81,startOfDay
FN:87,toIsoDate
FN:91,formatForecastDate
FN:100,getWeatherLabel
FN:104,getMapEmbed
FN:123,getClimbCoords
FN:138,LockedCard
FN:172,Event
FN:195,(anonymous_11)
FN:196,load
FN:213,(anonymous_13)
FN:241,(anonymous_14)
FN:244,(anonymous_15)
FN:246,(anonymous_16)
FN:255,(anonymous_17)
FN:256,(anonymous_18)
FN:259,(anonymous_19)
FN:262,loadWeather
FN:365,(anonymous_21)
FN:409,(anonymous_22)
FN:428,RegisterButton
FN:518,(anonymous_24)
FN:743,(anonymous_25)
FN:747,(anonymous_26)
FN:821,(anonymous_27)
FN:834,(anonymous_28)
FN:838,(anonymous_29)
FN:946,(anonymous_30)
FN:962,(anonymous_31)
FN:973,(anonymous_32)
FN:997,(anonymous_33)
FN:1045,(anonymous_34)
FN:1050,(anonymous_35)
FN:1079,(anonymous_36)
FN:1080,(anonymous_37)
FN:1091,(anonymous_38)
FN:1105,(anonymous_39)
FN:1131,(anonymous_40)
FN:1142,(anonymous_41)
FN:1181,(anonymous_42)
FN:1371,(anonymous_43)
FN:1487,(anonymous_44)
FN:1490,(anonymous_45)
FN:1493,(anonymous_46)
FN:1530,(anonymous_47)
FN:1606,(anonymous_48)
FN:1616,(anonymous_49)
FN:1618,(anonymous_50)
FN:1620,(anonymous_51)
FN:1621,(anonymous_52)
FN:1623,(anonymous_53)
FN:1626,(anonymous_54)
FN:1627,(anonymous_55)
FN:1697,(anonymous_56)
FN:1700,(anonymous_57)
FN:1729,(anonymous_58)
FN:1732,(anonymous_59)
FN:1733,(anonymous_60)
FN:1736,(anonymous_61)
FN:1739,(anonymous_62)
FN:1746,(anonymous_63)
FN:1776,(anonymous_64)
FN:1844,(anonymous_65)
FN:1857,(anonymous_66)
FN:1870,(anonymous_67)
FN:1929,(anonymous_68)
FN:1936,(anonymous_69)
FNF:70
FNH:32
FNDA:80,parseGoogleMapsUrl
FNDA:49,parseGoogleMapsPlace
FNDA:28,getClimbDate
FNDA:59,startOfDay
FNDA:20,toIsoDate
FNDA:10,formatForecastDate
FNDA:10,getWeatherLabel
FNDA:35,getMapEmbed
FNDA:45,getClimbCoords
FNDA:63,LockedCard
FNDA:45,Event
FNDA:14,(anonymous_11)
FNDA:14,load
FNDA:1,(anonymous_13)
FNDA:45,(anonymous_14)
FNDA:0,(anonymous_15)
FNDA:0,(anonymous_16)
FNDA:254,(anonymous_17)
FNDA:31,(anonymous_18)
FNDA:28,(anonymous_19)
FNDA:28,loadWeather
FNDA:10,(anonymous_21)
FNDA:28,(anonymous_22)
FNDA:31,RegisterButton
FNDA:0,(anonymous_24)
FNDA:2,(anonymous_25)
FNDA:4,(anonymous_26)
FNDA:0,(anonymous_27)
FNDA:8,(anonymous_28)
FNDA:1,(anonymous_29)
FNDA:0,(anonymous_30)
FNDA:0,(anonymous_31)
FNDA:0,(anonymous_32)
FNDA:0,(anonymous_33)
FNDA:0,(anonymous_34)
FNDA:0,(anonymous_35)
FNDA:0,(anonymous_36)
FNDA:0,(anonymous_37)
FNDA:0,(anonymous_38)
FNDA:0,(anonymous_39)
FNDA:0,(anonymous_40)
FNDA:0,(anonymous_41)
FNDA:0,(anonymous_42)
FNDA:2,(anonymous_43)
FNDA:0,(anonymous_44)
FNDA:10,(anonymous_45)
FNDA:0,(anonymous_46)
FNDA:0,(anonymous_47)
FNDA:0,(anonymous_48)
FNDA:0,(anonymous_49)
FNDA:0,(anonymous_50)
FNDA:0,(anonymous_51)
FNDA:0,(anonymous_52)
FNDA:0,(anonymous_53)
FNDA:0,(anonymous_54)
FNDA:0,(anonymous_55)
FNDA:0,(anonymous_56)
FNDA:0,(anonymous_57)
FNDA:0,(anonymous_58)
FNDA:10,(anonymous_59)
FNDA:2,(anonymous_60)
FNDA:2,(anonymous_61)
FNDA:20,(anonymous_62)
FNDA:0,(anonymous_63)
FNDA:0,(anonymous_64)
FNDA:0,(anonymous_65)
FNDA:0,(anonymous_66)
FNDA:0,(anonymous_67)
FNDA:0,(anonymous_68)
FNDA:0,(anonymous_69)
DA:18,1
DA:24,1
DA:56,80
DA:57,0
DA:58,0
DA:59,0
DA:60,0
DA:61,0
DA:62,0
DA:64,0
DA:68,49
DA:69,0
DA:70,0
DA:71,0
DA:75,28
DA:76,18
DA:77,0
DA:78,0
DA:82,59
DA:83,59
DA:84,59
DA:88,20
DA:92,10
DA:93,10
DA:101,10
DA:105,35
DA:106,35
DA:107,35
DA:110,35
DA:111,35
DA:120,35
DA:124,45
DA:125,0
DA:132,45
DA:133,45
DA:139,63
DA:173,45
DA:174,45
DA:175,45
DA:177,45
DA:178,45
DA:179,45
DA:180,45
DA:181,45
DA:182,45
DA:183,45
DA:184,45
DA:185,45
DA:186,45
DA:193,45
DA:195,45
DA:197,14
DA:198,14
DA:199,14
DA:200,0
DA:201,0
DA:203,14
DA:205,14
DA:206,4
DA:207,4
DA:212,4
DA:213,4
DA:215,0
DA:218,4
DA:223,4
DA:224,4
DA:225,1
DA:226,1
DA:227,1
DA:228,1
DA:233,0
DA:235,14
DA:238,14
DA:241,45
DA:242,45
DA:243,31
DA:244,31
DA:246,0
DA:247,0
DA:248,0
DA:249,0
DA:255,254
DA:256,31
DA:259,45
DA:260,28
DA:263,28
DA:265,14
DA:266,14
DA:267,28
DA:269,28
DA:271,28
DA:272,1
DA:279,1
DA:282,13
DA:283,13
DA:284,13
DA:285,13
DA:286,13
DA:287,13
DA:291,13
DA:292,1
DA:299,1
DA:302,12
DA:303,1
DA:311,1
DA:314,11
DA:322,28
DA:323,28
DA:324,28
DA:326,28
DA:327,11
DA:328,0
DA:330,11
DA:333,11
DA:334,0
DA:335,11
DA:336,11
DA:337,11
DA:338,1
DA:339,10
DA:344,10
DA:354,10
DA:357,28
DA:360,10
DA:361,10
DA:363,10
DA:364,10
DA:365,28
DA:380,28
DA:381,10
DA:394,1
DA:395,1
DA:407,28
DA:409,28
DA:410,28
DA:414,45
DA:415,31
DA:417,31
DA:418,45
DA:419,45
DA:420,45
DA:426,45
DA:429,31
DA:430,0
DA:438,31
DA:439,2
DA:448,29
DA:449,29
DA:457,29
DA:458,29
DA:476,8
DA:487,45
DA:488,45
DA:493,45
DA:504,45
DA:508,45
DA:509,45
DA:513,45
DA:518,0
DA:744,2
DA:745,0
DA:748,4
DA:821,0
DA:835,8
DA:838,1
DA:947,0
DA:948,0
DA:949,0
DA:962,0
DA:973,0
DA:997,0
DA:1046,0
DA:1050,0
DA:1079,0
DA:1081,0
DA:1082,0
DA:1083,0
DA:1087,0
DA:1088,0
DA:1091,0
DA:1106,0
DA:1107,0
DA:1131,0
DA:1143,0
DA:1144,0
DA:1181,0
DA:1372,2
DA:1487,0
DA:1491,10
DA:1494,0
DA:1531,0
DA:1607,0
DA:1618,0
DA:1619,0
DA:1620,0
DA:1621,0
DA:1622,0
DA:1623,0
DA:1624,0
DA:1626,0
DA:1627,0
DA:1628,0
DA:1697,0
DA:1701,0
DA:1729,0
DA:1733,10
DA:1734,2
DA:1736,10
DA:1737,2
DA:1739,10
DA:1740,20
DA:1747,0
DA:1753,10
DA:1777,0
DA:1844,0
DA:1857,0
DA:1870,0
DA:1929,0
DA:1936,0
LF:219
LH:147
BRDA:56,0,0,80
BRDA:56,0,1,0
BRDA:58,1,0,0
BRDA:58,1,1,0
BRDA:60,2,0,0
BRDA:60,2,1,0
BRDA:62,3,0,0
BRDA:62,3,1,0
BRDA:68,4,0,49
BRDA:68,4,1,0
BRDA:70,5,0,0
BRDA:70,5,1,0
BRDA:75,6,0,10
BRDA:75,6,1,18
BRDA:76,7,0,18
BRDA:76,7,1,0
BRDA:78,8,0,0
BRDA:78,8,1,0
BRDA:101,9,0,10
BRDA:101,9,1,0
BRDA:107,10,0,0
BRDA:107,10,1,35
BRDA:109,11,0,35
BRDA:109,11,1,35
BRDA:111,12,0,0
BRDA:111,12,1,35
BRDA:112,13,0,0
BRDA:112,13,1,0
BRDA:115,14,0,0
BRDA:115,14,1,35
BRDA:116,15,0,0
BRDA:116,15,1,0
BRDA:124,16,0,0
BRDA:124,16,1,45
BRDA:124,17,0,45
BRDA:124,17,1,0
BRDA:128,18,0,0
BRDA:128,18,1,0
BRDA:133,19,0,0
BRDA:133,19,1,45
BRDA:199,20,0,0
BRDA:199,20,1,14
BRDA:205,21,0,4
BRDA:205,21,1,10
BRDA:224,22,0,1
BRDA:224,22,1,3
BRDA:226,23,0,1
BRDA:226,23,1,0
BRDA:242,24,0,14
BRDA:242,24,1,31
BRDA:247,25,0,0
BRDA:247,25,1,0
BRDA:263,26,0,14
BRDA:263,26,1,14
BRDA:266,27,0,14
BRDA:266,27,1,9
BRDA:269,28,0,28
BRDA:269,28,1,14
BRDA:271,29,0,1
BRDA:271,29,1,27
BRDA:271,30,0,28
BRDA:271,30,1,13
BRDA:277,31,0,1
BRDA:277,31,1,0
BRDA:291,32,0,1
BRDA:291,32,1,12
BRDA:297,33,0,1
BRDA:297,33,1,0
BRDA:302,34,0,1
BRDA:302,34,1,11
BRDA:309,35,0,1
BRDA:309,35,1,0
BRDA:319,36,0,11
BRDA:319,36,1,0
BRDA:324,37,0,28
BRDA:324,37,1,0
BRDA:326,38,0,11
BRDA:326,38,1,17
BRDA:327,39,0,0
BRDA:327,39,1,11
BRDA:333,40,0,0
BRDA:333,40,1,11
BRDA:337,41,0,1
BRDA:337,41,1,10
BRDA:354,42,0,0
BRDA:354,42,1,10
BRDA:360,43,0,0
BRDA:360,43,1,10
BRDA:364,44,0,10
BRDA:364,44,1,0
BRDA:380,45,0,10
BRDA:380,45,1,18
BRDA:382,46,0,10
BRDA:382,46,1,0
BRDA:384,47,0,10
BRDA:384,47,1,0
BRDA:385,48,0,0
BRDA:385,48,1,10
BRDA:394,49,0,1
BRDA:394,49,1,0
BRDA:399,50,0,1
BRDA:399,50,1,0
BRDA:401,51,0,1
BRDA:401,51,1,0
BRDA:414,52,0,14
BRDA:414,52,1,31
BRDA:415,53,0,0
BRDA:415,53,1,31
BRDA:417,54,0,31
BRDA:417,54,1,0
BRDA:420,55,0,31
BRDA:420,55,1,0
BRDA:423,56,0,31
BRDA:423,56,1,0
BRDA:426,57,0,0
BRDA:426,57,1,31
BRDA:426,58,0,0
BRDA:426,58,1,31
BRDA:429,59,0,0
BRDA:429,59,1,31
BRDA:438,60,0,2
BRDA:438,60,1,29
BRDA:448,61,0,0
BRDA:448,61,1,29
BRDA:457,62,0,21
BRDA:457,62,1,8
BRDA:493,63,0,4
BRDA:493,63,1,27
BRDA:495,64,0,0
BRDA:495,64,1,27
BRDA:495,65,0,27
BRDA:495,65,1,27
BRDA:509,66,0,4
BRDA:509,66,1,27
BRDA:526,67,0,45
BRDA:526,67,1,0
BRDA:543,68,0,45
BRDA:543,68,1,31
BRDA:548,69,0,31
BRDA:548,69,1,0
BRDA:554,70,0,45
BRDA:554,70,1,31
BRDA:558,71,0,31
BRDA:558,71,1,0
BRDA:565,72,0,45
BRDA:565,72,1,31
BRDA:568,73,0,0
BRDA:568,73,1,31
BRDA:570,74,0,31
BRDA:570,74,1,0
BRDA:583,75,0,45
BRDA:583,75,1,21
BRDA:614,76,0,45
BRDA:614,76,1,0
BRDA:614,76,2,0
BRDA:614,76,3,0
BRDA:614,76,4,31
BRDA:626,77,0,31
BRDA:626,77,1,0
BRDA:626,77,2,0
BRDA:626,77,3,0
BRDA:626,77,4,0
BRDA:626,77,5,0
BRDA:626,77,6,31
BRDA:633,78,0,31
BRDA:633,78,1,31
BRDA:639,79,0,31
BRDA:639,79,1,31
BRDA:645,80,0,31
BRDA:645,80,1,2
BRDA:653,81,0,31
BRDA:653,81,1,0
BRDA:661,82,0,31
BRDA:661,82,1,31
BRDA:669,83,0,31
BRDA:669,83,1,0
BRDA:675,84,0,31
BRDA:675,84,1,0
BRDA:685,85,0,31
BRDA:685,85,1,31
BRDA:685,85,2,0
BRDA:691,86,0,0
BRDA:691,86,1,0
BRDA:694,87,0,0
BRDA:694,87,1,0
BRDA:698,88,0,0
BRDA:698,88,1,0
BRDA:704,89,0,0
BRDA:704,89,1,0
BRDA:712,90,0,31
BRDA:712,90,1,0
BRDA:719,91,0,0
BRDA:719,91,1,0
BRDA:719,92,0,0
BRDA:719,92,1,0
BRDA:722,93,0,0
BRDA:722,93,1,0
BRDA:722,94,0,0
BRDA:722,94,1,0
BRDA:733,95,0,45
BRDA:733,95,1,2
BRDA:744,96,0,2
BRDA:744,96,1,0
BRDA:744,97,0,2
BRDA:744,97,1,0
BRDA:745,98,0,0
BRDA:745,98,1,0
BRDA:745,99,0,2
BRDA:745,99,1,0
BRDA:755,100,0,2
BRDA:755,100,1,2
BRDA:758,101,0,4
BRDA:758,101,1,2
BRDA:787,102,0,4
BRDA:787,102,1,4
BRDA:809,103,0,45
BRDA:809,103,1,4
BRDA:818,104,0,0
BRDA:818,104,1,4
BRDA:825,105,0,4
BRDA:825,105,1,4
BRDA:840,106,0,4
BRDA:840,106,1,4
BRDA:845,107,0,8
BRDA:845,107,1,0
BRDA:850,108,0,4
BRDA:850,108,1,0
BRDA:858,109,0,0
BRDA:858,109,1,4
BRDA:890,110,0,0
BRDA:890,110,1,0
BRDA:917,111,0,0
BRDA:917,111,1,0
BRDA:937,112,0,45
BRDA:937,112,1,0
BRDA:971,113,0,0
BRDA:971,113,1,0
BRDA:995,114,0,0
BRDA:995,114,1,0
BRDA:1034,115,0,0
BRDA:1034,115,1,0
BRDA:1059,116,0,0
BRDA:1059,116,1,0
BRDA:1062,117,0,0
BRDA:1062,117,1,0
BRDA:1077,118,0,45
BRDA:1077,118,1,0
BRDA:1081,119,0,0
BRDA:1081,119,1,0
BRDA:1081,120,0,0
BRDA:1081,120,1,0
BRDA:1083,121,0,0
BRDA:1083,121,1,0
BRDA:1084,122,0,0
BRDA:1084,122,1,0
BRDA:1088,123,0,0
BRDA:1088,123,1,0
BRDA:1091,124,0,0
BRDA:1091,124,1,0
BRDA:1103,125,0,0
BRDA:1103,125,1,0
BRDA:1140,126,0,0
BRDA:1140,126,1,0
BRDA:1203,127,0,45
BRDA:1203,127,1,0
BRDA:1252,128,0,45
BRDA:1252,128,1,31
BRDA:1252,128,2,0
BRDA:1252,128,3,0
BRDA:1252,128,4,31
BRDA:1264,129,0,31
BRDA:1264,129,1,0
BRDA:1276,130,0,31
BRDA:1276,130,1,20
BRDA:1276,130,2,6
BRDA:1276,130,3,4
BRDA:1285,131,0,1
BRDA:1285,131,1,3
BRDA:1289,132,0,1
BRDA:1289,132,1,3
BRDA:1301,133,0,1
BRDA:1301,133,1,3
BRDA:1303,134,0,2
BRDA:1303,134,1,1
BRDA:1303,135,0,3
BRDA:1303,135,1,3
BRDA:1310,136,0,1
BRDA:1310,136,1,3
BRDA:1325,137,0,4
BRDA:1325,137,1,1
BRDA:1327,138,0,4
BRDA:1327,138,1,2
BRDA:1329,139,0,4
BRDA:1329,139,1,1
BRDA:1339,140,0,4
BRDA:1339,140,1,0
BRDA:1347,141,0,11
BRDA:1347,141,1,20
BRDA:1349,142,0,2
BRDA:1349,142,1,18
BRDA:1351,143,0,2
BRDA:1351,143,1,2
BRDA:1415,144,0,2
BRDA:1415,144,1,0
BRDA:1417,145,0,2
BRDA:1417,145,1,0
BRDA:1419,146,0,2
BRDA:1419,146,1,0
BRDA:1428,147,0,31
BRDA:1428,147,1,2
BRDA:1484,148,0,21
BRDA:1484,148,1,10
BRDA:1489,149,0,10
BRDA:1489,149,1,0
BRDA:1528,150,0,0
BRDA:1528,150,1,31
BRDA:1604,151,0,0
BRDA:1604,151,1,31
BRDA:1610,152,0,0
BRDA:1610,152,1,0
BRDA:1614,153,0,0
BRDA:1614,153,1,0
BRDA:1622,154,0,0
BRDA:1622,154,1,0
BRDA:1633,155,0,0
BRDA:1633,155,1,0
BRDA:1646,156,0,0
BRDA:1646,156,1,0
BRDA:1694,157,0,21
BRDA:1694,157,1,10
BRDA:1699,158,0,0
BRDA:1699,158,1,10
BRDA:1726,159,0,21
BRDA:1726,159,1,10
BRDA:1740,160,0,20
BRDA:1740,160,1,0
BRDA:1755,161,0,10
BRDA:1755,161,1,0
BRDA:1839,162,0,45
BRDA:1839,162,1,0
BRF:340
BRH:185
end_of_record
TN:
SF:src\pages\ForgotPassword.jsx
FN:7,ForgotPassword
FN:15,handleSubmit
FN:87,(anonymous_2)
FN:114,friendlyError
FNF:4
FNH:4
FNDA:14,ForgotPassword
FNDA:3,handleSubmit
FNDA:3,(anonymous_2)
FNDA:1,friendlyError
DA:8,14
DA:10,14
DA:11,14
DA:12,14
DA:13,14
DA:16,3
DA:17,3
DA:18,3
DA:19,3
DA:20,3
DA:21,3
DA:22,2
DA:24,1
DA:26,3
DA:30,14
DA:87,3
DA:115,1
DA:117,1
DA:119,0
DA:121,0
LF:20
LH:18
BRDA:76,0,0,14
BRDA:76,0,1,1
BRDA:77,1,0,14
BRDA:77,1,1,2
BRDA:96,2,0,3
BRDA:96,2,1,11
BRDA:115,3,0,1
BRDA:115,3,1,0
BRDA:115,3,2,0
BRF:9
BRH:7
end_of_record
TN:
SF:src\pages\Login.jsx
FN:7,isInAppBrowser
FN:17,Login
FN:31,handleSubmit
FN:45,handleGoogle
FN:139,(anonymous_4)
FN:140,(anonymous_5)
FN:151,(anonymous_6)
FN:152,(anonymous_7)
FN:223,friendlyError
FNF:9
FNH:8
FNDA:15,isInAppBrowser
FNDA:15,Login
FNDA:2,handleSubmit
FNDA:0,handleGoogle
FNDA:2,(anonymous_4)
FNDA:2,(anonymous_5)
FNDA:2,(anonymous_6)
FNDA:2,(anonymous_7)
FNDA:1,friendlyError
DA:8,15
DA:9,15
DA:18,15
DA:19,15
DA:20,15
DA:21,15
DA:23,15
DA:27,15
DA:28,15
DA:29,15
DA:32,2
DA:33,2
DA:34,2
DA:35,2
DA:36,2
DA:37,1
DA:39,1
DA:41,2
DA:46,0
DA:47,0
DA:48,0
DA:49,0
DA:50,0
DA:52,0
DA:53,0
DA:56,0
DA:60,15
DA:140,2
DA:152,2
DA:224,1
DA:228,1
DA:230,0
DA:232,0
DA:234,0
DA:236,0
LF:35
LH:23
BRDA:8,0,0,15
BRDA:8,0,1,0
BRDA:10,1,0,15
BRDA:10,1,1,15
BRDA:10,1,2,0
BRDA:23,2,0,15
BRDA:23,2,1,15
BRDA:23,2,2,15
BRDA:52,3,0,0
BRDA:52,3,1,0
BRDA:107,4,0,15
BRDA:107,4,1,0
BRDA:129,5,0,15
BRDA:129,5,1,1
BRDA:169,6,0,2
BRDA:169,6,1,13
BRDA:180,7,0,15
BRDA:180,7,1,13
BRDA:182,8,0,0
BRDA:182,8,1,15
BRDA:187,9,0,0
BRDA:187,9,1,15
BRDA:224,10,0,0
BRDA:224,10,1,1
BRDA:224,10,2,1
BRDA:224,10,3,0
BRDA:224,10,4,0
BRDA:224,10,5,0
BRDA:224,10,6,0
BRF:29
BRH:17
end_of_record
TN:
SF:src\pages\MyRegistrations.jsx
FN:41,PayPrompt
FN:54,(anonymous_1)
FN:57,(anonymous_2)
FN:62,(anonymous_3)
FN:71,(anonymous_4)
FN:76,(anonymous_5)
FN:79,(anonymous_6)
FN:81,(anonymous_7)
FN:93,toggleFee
FN:94,(anonymous_9)
FN:97,handleSubmit
FN:113,(anonymous_11)
FN:124,(anonymous_12)
FN:174,(anonymous_13)
FN:199,(anonymous_14)
FN:209,(anonymous_15)
FN:210,(anonymous_16)
FN:212,(anonymous_17)
FN:216,(anonymous_18)
FN:221,(anonymous_19)
FN:222,(anonymous_20)
FN:250,(anonymous_21)
FN:284,(anonymous_22)
FN:289,(anonymous_23)
FN:307,(anonymous_24)
FN:308,(anonymous_25)
FN:422,(anonymous_26)
FN:486,(anonymous_27)
FN:496,(anonymous_28)
FN:534,(anonymous_29)
FN:547,(anonymous_30)
FN:602,(anonymous_31)
FN:620,formatDateTime
FN:629,ReceiptModal
FN:630,(anonymous_34)
FN:633,(anonymous_35)
FN:658,(anonymous_36)
FN:727,(anonymous_37)
FN:808,(anonymous_38)
FN:839,DocumentPrompt
FN:848,handleSubmit
FN:915,(anonymous_41)
FN:962,(anonymous_42)
FN:992,(anonymous_43)
FN:1026,OfficerCard
FN:1027,(anonymous_45)
FN:1063,RegCard
FN:1163,MyRegistrations
FN:1173,(anonymous_48)
FN:1179,(anonymous_49)
FN:1180,(anonymous_50)
FN:1186,(anonymous_51)
FN:1187,(anonymous_52)
FN:1190,(anonymous_53)
FN:1191,(anonymous_54)
FN:1197,(anonymous_55)
FN:1200,(anonymous_56)
FN:1213,(anonymous_57)
FN:1220,(anonymous_58)
FN:1227,(anonymous_59)
FN:1233,(anonymous_60)
FN:1241,(anonymous_61)
FN:1251,(anonymous_62)
FN:1259,(anonymous_63)
FN:1267,(anonymous_64)
FN:1272,(anonymous_65)
FN:1274,(anonymous_66)
FN:1281,(anonymous_67)
FN:1283,(anonymous_68)
FN:1284,(anonymous_69)
FN:1291,(anonymous_70)
FN:1369,(anonymous_71)
FN:1374,(anonymous_72)
FN:1375,(anonymous_73)
FN:1376,(anonymous_74)
FN:1388,(anonymous_75)
FN:1393,(anonymous_76)
FN:1394,(anonymous_77)
FN:1395,(anonymous_78)
FN:1415,(anonymous_79)
FN:1431,(anonymous_80)
FN:1450,(anonymous_81)
FN:1451,(anonymous_82)
FN:1456,(anonymous_83)
FN:1464,(anonymous_84)
FN:1465,(anonymous_85)
FNF:86
FNH:50
FNDA:4,PayPrompt
FNDA:1,(anonymous_1)
FNDA:1,(anonymous_2)
FNDA:0,(anonymous_3)
FNDA:1,(anonymous_4)
FNDA:2,(anonymous_5)
FNDA:2,(anonymous_6)
FNDA:0,(anonymous_7)
FNDA:1,toggleFee
FNDA:1,(anonymous_9)
FNDA:0,handleSubmit
FNDA:0,(anonymous_11)
FNDA:0,(anonymous_12)
FNDA:0,(anonymous_13)
FNDA:3,(anonymous_14)
FNDA:6,(anonymous_15)
FNDA:0,(anonymous_16)
FNDA:6,(anonymous_17)
FNDA:4,(anonymous_18)
FNDA:3,(anonymous_19)
FNDA:3,(anonymous_20)
FNDA:3,(anonymous_21)
FNDA:3,(anonymous_22)
FNDA:0,(anonymous_23)
FNDA:1,(anonymous_24)
FNDA:1,(anonymous_25)
FNDA:0,(anonymous_26)
FNDA:0,(anonymous_27)
FNDA:0,(anonymous_28)
FNDA:0,(anonymous_29)
FNDA:0,(anonymous_30)
FNDA:0,(anonymous_31)
FNDA:2,formatDateTime
FNDA:1,ReceiptModal
FNDA:1,(anonymous_34)
FNDA:1,(anonymous_35)
FNDA:0,(anonymous_36)
FNDA:1,(anonymous_37)
FNDA:0,(anonymous_38)
FNDA:1,DocumentPrompt
FNDA:0,handleSubmit
FNDA:0,(anonymous_41)
FNDA:0,(anonymous_42)
FNDA:0,(anonymous_43)
FNDA:1,OfficerCard
FNDA:1,(anonymous_45)
FNDA:17,RegCard
FNDA:32,MyRegistrations
FNDA:9,(anonymous_48)
FNDA:9,(anonymous_49)
FNDA:6,(anonymous_50)
FNDA:18,(anonymous_51)
FNDA:6,(anonymous_52)
FNDA:6,(anonymous_53)
FNDA:6,(anonymous_54)
FNDA:6,(anonymous_55)
FNDA:0,(anonymous_56)
FNDA:18,(anonymous_57)
FNDA:18,(anonymous_58)
FNDA:0,(anonymous_59)
FNDA:17,(anonymous_60)
FNDA:0,(anonymous_61)
FNDA:1,(anonymous_62)
FNDA:0,(anonymous_63)
FNDA:17,(anonymous_64)
FNDA:17,(anonymous_65)
FNDA:9,(anonymous_66)
FNDA:9,(anonymous_67)
FNDA:1,(anonymous_68)
FNDA:0,(anonymous_69)
FNDA:0,(anonymous_70)
FNDA:17,(anonymous_71)
FNDA:1,(anonymous_72)
FNDA:1,(anonymous_73)
FNDA:1,(anonymous_74)
FNDA:0,(anonymous_75)
FNDA:0,(anonymous_76)
FNDA:0,(anonymous_77)
FNDA:0,(anonymous_78)
FNDA:1,(anonymous_79)
FNDA:0,(anonymous_80)
FNDA:0,(anonymous_81)
FNDA:0,(anonymous_82)
FNDA:0,(anonymous_83)
FNDA:0,(anonymous_84)
FNDA:0,(anonymous_85)
DA:27,1
DA:34,1
DA:42,4
DA:43,4
DA:44,4
DA:45,4
DA:46,4
DA:47,4
DA:52,4
DA:54,4
DA:55,1
DA:56,1
DA:58,1
DA:59,1
DA:63,0
DA:71,1
DA:72,1
DA:76,4
DA:77,2
DA:78,1
DA:79,1
DA:80,2
DA:81,1
DA:82,2
DA:83,0
DA:84,1
DA:85,0
DA:87,1
DA:90,1
DA:94,1
DA:98,0
DA:99,0
DA:100,0
DA:101,0
DA:102,0
DA:104,0
DA:105,0
DA:106,0
DA:107,0
DA:109,0
DA:110,0
DA:111,0
DA:112,0
DA:114,0
DA:118,0
DA:119,0
DA:120,0
DA:123,0
DA:124,0
DA:131,0
DA:142,0
DA:144,0
DA:145,0
DA:155,0
DA:159,4
DA:174,0
DA:207,3
DA:208,3
DA:209,6
DA:210,0
DA:211,3
DA:212,6
DA:214,3
DA:215,3
DA:216,3
DA:217,4
DA:218,4
DA:219,0
DA:221,3
DA:222,3
DA:223,3
DA:225,3
DA:228,3
DA:251,3
DA:285,3
DA:286,3
DA:289,0
DA:307,1
DA:308,1
DA:422,0
DA:486,0
DA:496,0
DA:534,0
DA:547,0
DA:602,0
DA:614,1
DA:621,2
DA:622,2
DA:623,2
DA:630,1
DA:631,1
DA:632,1
DA:633,1
DA:634,1
DA:635,1
DA:636,0
DA:638,1
DA:641,1
DA:643,1
DA:658,0
DA:728,1
DA:809,0
DA:840,1
DA:841,1
DA:843,1
DA:844,1
DA:845,1
DA:846,1
DA:849,0
DA:850,0
DA:851,0
DA:852,0
DA:853,0
DA:855,0
DA:856,0
DA:857,0
DA:860,0
DA:861,0
DA:862,0
DA:863,0
DA:864,0
DA:865,0
DA:869,0
DA:870,0
DA:871,0
DA:873,0
DA:874,0
DA:878,0
DA:879,0
DA:880,0
DA:882,0
DA:883,0
DA:885,0
DA:886,0
DA:896,0
DA:900,1
DA:915,0
DA:962,0
DA:992,0
DA:1027,1
DA:1028,1
DA:1030,1
DA:1064,17
DA:1065,17
DA:1066,17
DA:1164,32
DA:1165,32
DA:1166,32
DA:1167,32
DA:1168,32
DA:1169,32
DA:1170,32
DA:1171,32
DA:1173,32
DA:1174,9
DA:1179,9
DA:1180,9
DA:1181,9
DA:1183,9
DA:1186,32
DA:1187,18
DA:1188,18
DA:1189,6
DA:1190,6
DA:1191,6
DA:1198,6
DA:1201,0
DA:1213,32
DA:1214,18
DA:1215,7
DA:1216,0
DA:1217,0
DA:1220,32
DA:1221,18
DA:1222,18
DA:1223,18
DA:1224,7
DA:1225,7
DA:1227,32
DA:1229,32
DA:1231,32
DA:1232,32
DA:1233,32
DA:1234,17
DA:1235,17
DA:1236,0
DA:1238,17
DA:1241,32
DA:1242,0
DA:1243,0
DA:1244,0
DA:1246,32
DA:1247,32
DA:1249,32
DA:1250,32
DA:1251,32
DA:1252,1
DA:1253,1
DA:1254,0
DA:1256,1
DA:1259,32
DA:1260,0
DA:1261,0
DA:1262,0
DA:1264,32
DA:1265,32
DA:1267,32
DA:1269,17
DA:1272,32
DA:1274,32
DA:1275,9
DA:1282,9
DA:1283,1
DA:1285,0
DA:1286,0
DA:1287,0
DA:1289,9
DA:1292,0
DA:1293,0
DA:1303,32
DA:1370,17
DA:1374,1
DA:1375,1
DA:1376,1
DA:1389,0
DA:1393,0
DA:1394,0
DA:1395,0
DA:1416,1
DA:1432,0
DA:1450,0
DA:1451,0
DA:1456,0
DA:1464,0
DA:1465,0
LF:235
LH:139
BRDA:58,0,0,1
BRDA:58,0,1,0
BRDA:58,1,0,1
BRDA:58,1,1,1
BRDA:77,2,0,1
BRDA:77,2,1,1
BRDA:80,3,0,1
BRDA:80,3,1,1
BRDA:82,4,0,0
BRDA:82,4,1,1
BRDA:84,5,0,0
BRDA:84,5,1,1
BRDA:100,6,0,0
BRDA:100,6,1,0
BRDA:105,7,0,0
BRDA:105,7,1,0
BRDA:105,8,0,0
BRDA:105,8,1,0
BRDA:105,8,2,0
BRDA:123,9,0,0
BRDA:123,9,1,0
BRDA:128,10,0,0
BRDA:128,10,1,0
BRDA:140,11,0,0
BRDA:140,11,1,0
BRDA:197,12,0,4
BRDA:197,12,1,0
BRDA:199,13,0,4
BRDA:199,13,1,4
BRDA:199,13,2,3
BRDA:208,14,0,3
BRDA:208,14,1,0
BRDA:210,15,0,0
BRDA:210,15,1,0
BRDA:211,16,0,3
BRDA:211,16,1,0
BRDA:218,17,0,4
BRDA:218,17,1,0
BRDA:223,18,0,1
BRDA:223,18,1,2
BRDA:225,19,0,0
BRDA:225,19,1,3
BRDA:257,20,0,3
BRDA:257,20,1,0
BRDA:260,21,0,3
BRDA:260,21,1,0
BRDA:280,22,0,3
BRDA:280,22,1,0
BRDA:293,23,0,1
BRDA:293,23,1,2
BRDA:313,24,0,3
BRDA:313,24,1,0
BRDA:324,25,0,3
BRDA:324,25,1,0
BRDA:344,26,0,3
BRDA:344,26,1,0
BRDA:354,27,0,3
BRDA:354,27,1,0
BRDA:371,28,0,3
BRDA:371,28,1,3
BRDA:383,29,0,3
BRDA:383,29,1,0
BRDA:409,30,0,4
BRDA:409,30,1,4
BRDA:420,31,0,0
BRDA:420,31,1,4
BRDA:431,32,0,0
BRDA:431,32,1,4
BRDA:435,33,0,4
BRDA:435,33,1,0
BRDA:451,34,0,4
BRDA:451,34,1,0
BRDA:467,35,0,4
BRDA:467,35,1,4
BRDA:467,35,2,4
BRDA:467,35,3,4
BRDA:498,36,0,4
BRDA:498,36,1,0
BRDA:506,37,0,0
BRDA:506,37,1,0
BRDA:526,38,0,0
BRDA:526,38,1,4
BRDA:532,39,0,4
BRDA:532,39,1,0
BRDA:561,40,0,0
BRDA:561,40,1,0
BRDA:570,41,0,0
BRDA:570,41,1,0
BRDA:573,42,0,0
BRDA:573,42,1,0
BRDA:621,43,0,2
BRDA:621,43,1,0
BRDA:621,44,0,0
BRDA:621,44,1,0
BRDA:622,45,0,0
BRDA:622,45,1,2
BRDA:622,46,0,2
BRDA:622,46,1,2
BRDA:630,47,0,1
BRDA:630,47,1,0
BRDA:635,48,0,1
BRDA:635,48,1,0
BRDA:638,49,0,0
BRDA:638,49,1,1
BRDA:681,50,0,1
BRDA:681,50,1,0
BRDA:705,51,0,1
BRDA:705,51,1,1
BRDA:738,52,0,1
BRDA:738,52,1,0
BRDA:766,53,0,1
BRDA:766,53,1,0
BRDA:778,54,0,1
BRDA:778,54,1,0
BRDA:786,55,0,1
BRDA:786,55,1,0
BRDA:787,56,0,1
BRDA:787,56,1,0
BRDA:793,57,0,1
BRDA:793,57,1,0
BRDA:820,58,0,0
BRDA:820,58,1,0
BRDA:840,59,0,1
BRDA:840,59,1,1
BRDA:841,60,0,1
BRDA:841,60,1,0
BRDA:851,61,0,0
BRDA:851,61,1,0
BRDA:851,62,0,0
BRDA:851,62,1,0
BRDA:855,63,0,0
BRDA:855,63,1,0
BRDA:855,64,0,0
BRDA:855,64,1,0
BRDA:864,65,0,0
BRDA:864,65,1,0
BRDA:873,66,0,0
BRDA:873,66,1,0
BRDA:938,67,0,1
BRDA:938,67,1,0
BRDA:941,68,0,1
BRDA:941,68,1,1
BRDA:946,69,0,1
BRDA:946,69,1,1
BRDA:962,70,0,0
BRDA:962,70,1,0
BRDA:971,71,0,1
BRDA:971,71,1,0
BRDA:976,72,0,0
BRDA:976,72,1,0
BRDA:992,73,0,0
BRDA:992,73,1,0
BRDA:1017,74,0,0
BRDA:1017,74,1,1
BRDA:1027,75,0,1
BRDA:1027,75,1,0
BRDA:1048,76,0,1
BRDA:1048,76,1,0
BRDA:1064,77,0,17
BRDA:1064,77,1,2
BRDA:1065,78,0,17
BRDA:1065,78,1,0
BRDA:1084,79,0,17
BRDA:1084,79,1,0
BRDA:1086,80,0,17
BRDA:1086,80,1,17
BRDA:1086,80,2,11
BRDA:1112,81,0,17
BRDA:1112,81,1,0
BRDA:1116,82,0,17
BRDA:1116,82,1,0
BRDA:1128,83,0,17
BRDA:1128,83,1,0
BRDA:1133,84,0,17
BRDA:1133,84,1,17
BRDA:1133,84,2,14
BRDA:1133,84,3,3
BRDA:1139,85,0,17
BRDA:1139,85,1,17
BRDA:1139,85,2,9
BRDA:1139,85,3,8
BRDA:1149,86,0,17
BRDA:1149,86,1,17
BRDA:1149,86,2,15
BRDA:1149,86,3,2
BRDA:1151,87,0,0
BRDA:1151,87,1,2
BRDA:1151,88,0,2
BRDA:1151,88,1,2
BRDA:1153,89,0,2
BRDA:1153,89,1,0
BRDA:1188,90,0,12
BRDA:1188,90,1,6
BRDA:1193,91,0,6
BRDA:1193,91,1,0
BRDA:1214,92,0,11
BRDA:1214,92,1,7
BRDA:1215,93,0,7
BRDA:1215,93,1,0
BRDA:1217,94,0,0
BRDA:1217,94,1,0
BRDA:1221,95,0,18
BRDA:1221,95,1,18
BRDA:1223,96,0,11
BRDA:1223,96,1,7
BRDA:1235,97,0,0
BRDA:1235,97,1,17
BRDA:1235,98,0,17
BRDA:1235,98,1,6
BRDA:1242,99,0,0
BRDA:1242,99,1,0
BRDA:1243,100,0,0
BRDA:1243,100,1,0
BRDA:1253,101,0,0
BRDA:1253,101,1,1
BRDA:1253,102,0,1
BRDA:1253,102,1,1
BRDA:1260,103,0,0
BRDA:1260,103,1,0
BRDA:1261,104,0,0
BRDA:1261,104,1,0
BRDA:1269,105,0,17
BRDA:1269,105,1,17
BRDA:1269,105,2,14
BRDA:1285,106,0,0
BRDA:1285,106,1,0
BRDA:1285,107,0,0
BRDA:1285,107,1,0
BRDA:1286,108,0,0
BRDA:1286,108,1,0
BRDA:1286,109,0,0
BRDA:1286,109,1,0
BRDA:1312,110,0,9
BRDA:1312,110,1,23
BRDA:1343,111,0,6
BRDA:1343,111,1,17
BRDA:1363,112,0,0
BRDA:1363,112,1,17
BRDA:1382,113,0,17
BRDA:1382,113,1,0
BRDA:1404,114,0,23
BRDA:1404,114,1,1
BRDA:1409,115,0,0
BRDA:1409,115,1,1
BRDA:1425,116,0,1
BRDA:1425,116,1,0
BRDA:1447,117,0,32
BRDA:1447,117,1,1
BRDA:1455,118,0,32
BRDA:1455,118,1,1
BRDA:1459,119,0,32
BRDA:1459,119,1,1
BRF:252
BRH:133
end_of_record
TN:
SF:src\pages\NotFound.jsx
FN:5,NotFound
FNF:1
FNH:1
FNDA:2,NotFound
DA:6,2
LF:1
LH:1
BRF:0
BRH:0
end_of_record
TN:
SF:src\pages\Register.jsx
FN:39,Register
FN:63,(anonymous_1)
FN:64,load
FN:84,(anonymous_3)
FN:93,setField
FN:94,(anonymous_5)
FN:97,validate
FN:130,handleSubmit
FN:151,(anonymous_8)
FN:235,(anonymous_9)
FN:377,(anonymous_10)
FN:405,(anonymous_11)
FN:431,(anonymous_12)
FN:451,(anonymous_13)
FN:463,(anonymous_14)
FN:472,(anonymous_15)
FN:483,(anonymous_16)
FN:492,(anonymous_17)
FN:516,(anonymous_18)
FN:534,(anonymous_19)
FN:552,(anonymous_20)
FN:564,(anonymous_21)
FN:575,(anonymous_22)
FN:593,(anonymous_23)
FN:629,(anonymous_24)
FN:662,(anonymous_25)
FN:702,(anonymous_26)
FN:723,(anonymous_27)
FN:734,(anonymous_28)
FN:738,(anonymous_29)
FN:743,(anonymous_30)
FN:751,(anonymous_31)
FN:752,(anonymous_32)
FN:812,(anonymous_33)
FN:864,(anonymous_34)
FN:876,(anonymous_35)
FN:877,(anonymous_36)
FN:887,(anonymous_37)
FN:888,(anonymous_38)
FN:893,(anonymous_39)
FN:1031,(anonymous_40)
FN:1126,(anonymous_41)
FN:1185,(anonymous_42)
FN:1203,(anonymous_43)
FN:1208,(anonymous_44)
FN:1210,(anonymous_45)
FN:1213,(anonymous_46)
FN:1245,(anonymous_47)
FN:1347,(anonymous_48)
FN:1360,(anonymous_49)
FN:1415,(anonymous_50)
FNF:51
FNH:7
FNDA:14,Register
FNDA:7,(anonymous_1)
FNDA:7,load
FNDA:5,(anonymous_3)
FNDA:0,setField
FNDA:0,(anonymous_5)
FNDA:2,validate
FNDA:2,handleSubmit
FNDA:0,(anonymous_8)
FNDA:0,(anonymous_9)
FNDA:0,(anonymous_10)
FNDA:0,(anonymous_11)
FNDA:12,(anonymous_12)
FNDA:0,(anonymous_13)
FNDA:0,(anonymous_14)
FNDA:0,(anonymous_15)
FNDA:0,(anonymous_16)
FNDA:0,(anonymous_17)
FNDA:0,(anonymous_18)
FNDA:0,(anonymous_19)
FNDA:0,(anonymous_20)
FNDA:0,(anonymous_21)
FNDA:0,(anonymous_22)
FNDA:0,(anonymous_23)
FNDA:0,(anonymous_24)
FNDA:0,(anonymous_25)
FNDA:0,(anonymous_26)
FNDA:0,(anonymous_27)
FNDA:0,(anonymous_28)
FNDA:0,(anonymous_29)
FNDA:0,(anonymous_30)
FNDA:0,(anonymous_31)
FNDA:0,(anonymous_32)
FNDA:0,(anonymous_33)
FNDA:0,(anonymous_34)
FNDA:0,(anonymous_35)
FNDA:0,(anonymous_36)
FNDA:0,(anonymous_37)
FNDA:0,(anonymous_38)
FNDA:0,(anonymous_39)
FNDA:0,(anonymous_40)
FNDA:0,(anonymous_41)
FNDA:0,(anonymous_42)
FNDA:0,(anonymous_43)
FNDA:0,(anonymous_44)
FNDA:0,(anonymous_45)
FNDA:0,(anonymous_46)
FNDA:0,(anonymous_47)
FNDA:0,(anonymous_48)
FNDA:0,(anonymous_49)
FNDA:0,(anonymous_50)
DA:26,1
DA:40,14
DA:41,14
DA:42,14
DA:44,14
DA:45,14
DA:46,14
DA:47,14
DA:48,14
DA:49,14
DA:50,14
DA:51,14
DA:52,14
DA:53,14
DA:54,14
DA:55,14
DA:56,14
DA:57,14
DA:58,14
DA:59,14
DA:60,14
DA:61,14
DA:63,14
DA:65,7
DA:66,7
DA:67,1
DA:68,1
DA:72,6
DA:77,6
DA:78,6
DA:79,1
DA:80,1
DA:83,5
DA:84,5
DA:88,5
DA:90,7
DA:94,0
DA:98,2
DA:99,2
DA:101,2
DA:102,2
DA:103,2
DA:104,2
DA:105,2
DA:106,2
DA:107,0
DA:109,2
DA:110,0
DA:112,2
DA:113,2
DA:114,2
DA:115,0
DA:116,0
DA:120,2
DA:121,0
DA:123,2
DA:124,0
DA:127,2
DA:131,2
DA:132,2
DA:133,2
DA:135,2
DA:136,2
DA:137,2
DA:138,2
DA:139,2
DA:142,0
DA:143,0
DA:144,0
DA:145,0
DA:146,0
DA:147,0
DA:148,0
DA:149,0
DA:150,0
DA:152,0
DA:156,0
DA:157,0
DA:158,0
DA:161,0
DA:163,0
DA:164,0
DA:165,0
DA:169,0
DA:170,0
DA:171,0
DA:173,0
DA:174,0
DA:175,0
DA:179,0
DA:180,0
DA:181,0
DA:184,0
DA:185,0
DA:186,0
DA:187,0
DA:196,0
DA:199,0
DA:200,0
DA:236,0
DA:237,0
DA:238,0
DA:245,0
DA:246,0
DA:252,0
DA:264,2
DA:265,0
DA:266,0
DA:268,0
DA:269,0
DA:270,0
DA:280,0
DA:284,14
DA:285,7
DA:287,7
DA:288,0
DA:372,7
DA:377,0
DA:406,0
DA:432,12
DA:451,0
DA:463,0
DA:472,0
DA:483,0
DA:492,0
DA:516,0
DA:534,0
DA:552,0
DA:564,0
DA:575,0
DA:593,0
DA:630,0
DA:663,0
DA:702,0
DA:723,0
DA:736,0
DA:738,0
DA:739,0
DA:740,0
DA:743,0
DA:744,0
DA:745,0
DA:747,0
DA:748,0
DA:749,0
DA:751,0
DA:753,0
DA:754,0
DA:755,0
DA:757,0
DA:760,0
DA:813,0
DA:865,0
DA:866,0
DA:877,0
DA:888,0
DA:893,0
DA:1031,0
DA:1126,0
DA:1185,0
DA:1204,0
DA:1205,0
DA:1206,0
DA:1207,0
DA:1210,0
DA:1211,0
DA:1212,0
DA:1213,0
DA:1214,0
DA:1219,0
DA:1221,0
DA:1246,0
DA:1347,0
DA:1360,0
DA:1415,0
LF:175
LH:65
BRDA:66,0,0,1
BRDA:66,0,1,6
BRDA:66,1,0,7
BRDA:66,1,1,7
BRDA:78,2,0,1
BRDA:78,2,1,5
BRDA:78,3,0,6
BRDA:78,3,1,1
BRDA:86,4,0,5
BRDA:86,4,1,0
BRDA:86,4,2,0
BRDA:101,5,0,0
BRDA:101,5,1,2
BRDA:102,6,0,2
BRDA:102,6,1,0
BRDA:103,7,0,2
BRDA:103,7,1,0
BRDA:104,8,0,2
BRDA:104,8,1,0
BRDA:105,9,0,2
BRDA:105,9,1,0
BRDA:106,10,0,0
BRDA:106,10,1,2
BRDA:106,11,0,2
BRDA:106,11,1,0
BRDA:109,12,0,0
BRDA:109,12,1,2
BRDA:109,13,0,2
BRDA:109,13,1,0
BRDA:112,14,0,2
BRDA:112,14,1,0
BRDA:113,15,0,2
BRDA:113,15,1,0
BRDA:115,16,0,0
BRDA:115,16,1,0
BRDA:120,17,0,0
BRDA:120,17,1,2
BRDA:120,18,0,2
BRDA:120,18,1,0
BRDA:120,18,2,0
BRDA:120,18,3,0
BRDA:123,19,0,0
BRDA:123,19,1,2
BRDA:123,20,0,2
BRDA:123,20,1,0
BRDA:123,20,2,0
BRDA:123,20,3,0
BRDA:136,21,0,2
BRDA:136,21,1,0
BRDA:147,22,0,0
BRDA:147,22,1,0
BRDA:163,23,0,0
BRDA:163,23,1,0
BRDA:173,24,0,0
BRDA:173,24,1,0
BRDA:193,25,0,0
BRDA:193,25,1,0
BRDA:203,26,0,0
BRDA:203,26,1,0
BRDA:204,27,0,2
BRDA:204,27,1,0
BRDA:228,28,0,0
BRDA:228,28,1,0
BRDA:229,29,0,0
BRDA:229,29,1,0
BRDA:231,30,0,0
BRDA:231,30,1,0
BRDA:235,31,0,2
BRDA:235,31,1,0
BRDA:237,32,0,0
BRDA:237,32,1,0
BRDA:245,33,0,0
BRDA:245,33,1,0
BRDA:276,34,0,0
BRDA:276,34,1,0
BRDA:284,35,0,7
BRDA:284,35,1,7
BRDA:285,36,0,0
BRDA:285,36,1,7
BRDA:287,37,0,0
BRDA:287,37,1,7
BRDA:332,38,0,0
BRDA:332,38,1,0
BRDA:394,39,0,7
BRDA:394,39,1,0
BRDA:425,40,0,14
BRDA:425,40,1,2
BRDA:429,41,0,2
BRDA:429,41,1,2
BRDA:603,42,0,14
BRDA:603,42,1,7
BRDA:603,42,2,0
BRDA:607,43,0,0
BRDA:607,43,1,0
BRDA:612,44,0,0
BRDA:612,44,1,0
BRDA:630,45,0,0
BRDA:630,45,1,0
BRDA:640,46,0,0
BRDA:640,46,1,0
BRDA:645,47,0,0
BRDA:645,47,1,0
BRDA:663,48,0,0
BRDA:663,48,1,0
BRDA:734,49,0,14
BRDA:734,49,1,0
BRDA:739,50,0,0
BRDA:739,50,1,0
BRDA:744,51,0,0
BRDA:744,51,1,0
BRDA:754,52,0,0
BRDA:754,52,1,0
BRDA:757,53,0,0
BRDA:757,53,1,0
BRDA:830,54,0,0
BRDA:830,54,1,0
BRDA:860,55,0,0
BRDA:860,55,1,0
BRDA:871,56,0,0
BRDA:871,56,1,0
BRDA:903,57,0,0
BRDA:903,57,1,0
BRDA:931,58,0,0
BRDA:931,58,1,0
BRDA:936,59,0,0
BRDA:936,59,1,0
BRDA:1007,60,0,0
BRDA:1007,60,1,7
BRDA:1007,61,0,14
BRDA:1007,61,1,7
BRDA:1007,61,2,7
BRDA:1019,62,0,0
BRDA:1019,62,1,0
BRDA:1040,63,0,0
BRDA:1040,63,1,0
BRDA:1046,64,0,0
BRDA:1046,64,1,0
BRDA:1065,65,0,0
BRDA:1065,65,1,0
BRDA:1205,66,0,0
BRDA:1205,66,1,0
BRDA:1211,67,0,0
BRDA:1211,67,1,0
BRDA:1236,68,0,14
BRDA:1236,68,1,0
BRDA:1256,69,0,0
BRDA:1256,69,1,0
BRDA:1310,70,0,14
BRDA:1310,70,1,0
BRDA:1319,71,0,0
BRDA:1319,71,1,0
BRDA:1328,72,0,14
BRDA:1328,72,1,7
BRDA:1330,73,0,0
BRDA:1330,73,1,7
BRDA:1333,74,0,0
BRDA:1333,74,1,0
BRDA:1345,75,0,14
BRDA:1345,75,1,0
BRDA:1374,76,0,0
BRDA:1374,76,1,0
BRDA:1383,77,0,0
BRDA:1383,77,1,0
BRDA:1386,78,0,0
BRDA:1386,78,1,0
BRF:165
BRH:49
end_of_record
TN:
SF:src\pages\ReleaseNotes.jsx
FN:14,ReleaseNotes
FN:18,(anonymous_1)
FN:24,(anonymous_2)
FN:25,(anonymous_3)
FN:45,(anonymous_4)
FNF:5
FNH:5
FNDA:4,ReleaseNotes
FNDA:2,(anonymous_1)
FNDA:2,(anonymous_2)
FNDA:1,(anonymous_3)
FNDA:1,(anonymous_4)
DA:15,4
DA:16,4
DA:18,4
DA:19,2
DA:24,2
DA:25,2
DA:26,2
DA:28,2
DA:31,4
DA:46,1
LF:10
LH:10
BRDA:40,0,0,2
BRDA:40,0,1,2
BRDA:42,1,0,1
BRDA:42,1,1,1
BRDA:51,2,0,1
BRDA:51,2,1,0
BRF:6
BRH:5
end_of_record
TN:
SF:src\pages\Schedule.jsx
FN:39,Schedule
FN:45,(anonymous_1)
FN:50,dismissBanner
FN:55,(anonymous_3)
FN:61,(anonymous_4)
FN:62,(anonymous_5)
FN:68,(anonymous_6)
FN:69,(anonymous_7)
FN:71,(anonymous_8)
FN:74,(anonymous_9)
FN:79,(anonymous_10)
FN:81,(anonymous_11)
FN:90,(anonymous_12)
FN:94,(anonymous_13)
FN:98,(anonymous_14)
FN:107,(anonymous_15)
FN:109,(anonymous_16)
FN:110,(anonymous_17)
FN:117,(anonymous_18)
FN:125,(anonymous_19)
FN:126,(anonymous_20)
FN:127,(anonymous_21)
FN:325,(anonymous_22)
FN:329,(anonymous_23)
FN:387,(anonymous_24)
FN:394,(anonymous_25)
FN:411,(anonymous_26)
FNF:27
FNH:20
FNDA:18,Schedule
FNDA:7,(anonymous_1)
FNDA:0,dismissBanner
FNDA:7,(anonymous_3)
FNDA:7,(anonymous_4)
FNDA:12,(anonymous_5)
FNDA:7,(anonymous_6)
FNDA:0,(anonymous_7)
FNDA:7,(anonymous_8)
FNDA:18,(anonymous_9)
FNDA:0,(anonymous_10)
FNDA:0,(anonymous_11)
FNDA:34,(anonymous_12)
FNDA:10,(anonymous_13)
FNDA:20,(anonymous_14)
FNDA:108,(anonymous_15)
FNDA:102,(anonymous_16)
FNDA:0,(anonymous_17)
FNDA:17,(anonymous_18)
FNDA:20,(anonymous_19)
FNDA:20,(anonymous_20)
FNDA:20,(anonymous_21)
FNDA:180,(anonymous_22)
FNDA:4,(anonymous_23)
FNDA:0,(anonymous_24)
FNDA:34,(anonymous_25)
FNDA:0,(anonymous_26)
DA:17,1
DA:18,1
DA:26,1
DA:40,18
DA:41,18
DA:42,18
DA:43,18
DA:44,18
DA:45,18
DA:46,7
DA:48,18
DA:51,0
DA:52,0
DA:55,18
DA:56,7
DA:61,7
DA:62,12
DA:63,7
DA:65,7
DA:68,18
DA:69,7
DA:70,7
DA:71,7
DA:74,18
DA:75,18
DA:76,10
DA:79,10
DA:81,0
DA:82,0
DA:83,0
DA:84,0
DA:90,10
DA:91,34
DA:92,34
DA:94,10
DA:98,18
DA:99,20
DA:100,6
DA:101,6
DA:102,0
DA:106,18
DA:107,18
DA:108,108
DA:109,102
DA:111,0
DA:112,0
DA:113,0
DA:115,108
DA:116,17
DA:117,17
DA:118,17
DA:123,18
DA:125,20
DA:126,20
DA:127,20
DA:130,18
DA:326,180
DA:329,4
DA:387,0
DA:395,34
DA:411,0
LF:61
LH:49
BRDA:75,0,0,8
BRDA:75,0,1,10
BRDA:82,1,0,0
BRDA:82,1,1,0
BRDA:99,2,0,14
BRDA:99,2,1,6
BRDA:100,3,0,6
BRDA:100,3,1,0
BRDA:111,4,0,0
BRDA:111,4,1,0
BRDA:111,5,0,0
BRDA:111,5,1,0
BRDA:112,6,0,0
BRDA:112,6,1,0
BRDA:112,7,0,0
BRDA:112,7,1,0
BRDA:115,8,0,17
BRDA:115,8,1,91
BRDA:277,9,0,18
BRDA:277,9,1,18
BRDA:277,9,2,18
BRDA:328,10,0,18
BRDA:328,10,1,162
BRDA:337,11,0,7
BRDA:337,11,1,11
BRDA:339,12,0,1
BRDA:339,12,1,10
BRDA:395,13,0,17
BRDA:395,13,1,17
BRDA:409,14,0,0
BRDA:409,14,1,18
BRF:31
BRH:19
end_of_record
TN:
SF:src\pages\Signup.jsx
FN:7,Signup
FN:17,handleSubmit
FN:33,handleGoogle
FN:82,(anonymous_3)
FN:82,(anonymous_4)
FN:90,(anonymous_5)
FN:90,(anonymous_6)
FN:100,(anonymous_7)
FN:100,(anonymous_8)
FN:108,(anonymous_9)
FN:108,(anonymous_10)
FN:139,friendlyError
FNF:12
FNH:11
FNDA:28,Signup
FNDA:4,handleSubmit
FNDA:0,handleGoogle
FNDA:4,(anonymous_3)
FNDA:4,(anonymous_4)
FNDA:4,(anonymous_5)
FNDA:4,(anonymous_6)
FNDA:4,(anonymous_7)
FNDA:4,(anonymous_8)
FNDA:4,(anonymous_9)
FNDA:4,(anonymous_10)
FNDA:1,friendlyError
DA:8,28
DA:9,28
DA:10,28
DA:11,28
DA:13,28
DA:14,28
DA:15,28
DA:18,4
DA:19,4
DA:20,4
DA:21,3
DA:22,2
DA:23,2
DA:24,2
DA:25,1
DA:27,1
DA:29,2
DA:34,0
DA:35,0
DA:36,0
DA:37,0
DA:38,0
DA:40,0
DA:42,0
DA:46,28
DA:82,4
DA:90,4
DA:100,4
DA:108,4
DA:140,1
DA:141,1
DA:142,0
DA:143,0
DA:144,0
LF:34
LH:24
BRDA:11,0,0,28
BRDA:11,0,1,28
BRDA:20,1,0,1
BRDA:20,1,1,3
BRDA:21,2,0,1
BRDA:21,2,1,2
BRDA:74,3,0,28
BRDA:74,3,1,3
BRDA:113,4,0,2
BRDA:113,4,1,26
BRDA:140,5,0,1
BRDA:140,5,1,0
BRDA:140,5,2,0
BRDA:140,5,3,0
BRF:14
BRH:11
end_of_record
TN:
SF:src\pages\WaiverPrint.jsx
FN:9,WaiverPrint
FN:17,(anonymous_1)
FN:18,load
FN:41,(anonymous_3)
FN:45,(anonymous_4)
FNF:5
FNH:3
FNDA:12,WaiverPrint
FNDA:6,(anonymous_1)
FNDA:6,load
FNDA:0,(anonymous_3)
FNDA:0,(anonymous_4)
DA:10,12
DA:11,12
DA:12,12
DA:14,12
DA:15,12
DA:17,12
DA:19,6
DA:20,6
DA:21,6
DA:23,6
DA:24,6
DA:25,6
DA:27,6
DA:30,12
DA:31,6
DA:33,6
DA:37,12
DA:41,0
DA:45,0
LF:19
LH:17
BRDA:20,0,0,0
BRDA:20,0,1,6
BRDA:23,1,0,0
BRDA:23,1,1,6
BRDA:23,2,0,6
BRDA:23,2,1,1
BRDA:30,3,0,6
BRDA:30,3,1,6
BRDA:31,4,0,0
BRDA:31,4,1,6
BRDA:33,5,0,0
BRDA:33,5,1,6
BRDA:68,6,0,12
BRDA:68,6,1,6
BRDA:69,7,0,12
BRDA:69,7,1,6
BRDA:70,8,0,12
BRDA:70,8,1,6
BRDA:75,9,0,12
BRDA:75,9,1,0
BRF:20
BRH:15
end_of_record
TN:
SF:src\pages\admin\AllRegistrations.jsx
FN:33,AllRegistrations
FN:43,(anonymous_1)
FN:53,(anonymous_2)
FN:55,(anonymous_3)
FN:57,(anonymous_4)
FN:63,(anonymous_5)
FN:71,(anonymous_6)
FN:72,(anonymous_7)
FN:78,changeStatus
FN:86,changePaymentStatus
FN:93,deleteRegistration
FN:104,(anonymous_11)
FN:110,(anonymous_12)
FN:112,(anonymous_13)
FN:113,(anonymous_14)
FN:117,(anonymous_15)
FN:118,(anonymous_16)
FN:133,(anonymous_17)
FN:136,(anonymous_18)
FN:137,(anonymous_19)
FN:138,(anonymous_20)
FN:145,(anonymous_21)
FN:146,(anonymous_22)
FN:149,(anonymous_23)
FN:150,(anonymous_24)
FN:154,exportCSV
FN:170,(anonymous_26)
FN:186,(anonymous_27)
FN:187,(anonymous_28)
FN:238,(anonymous_29)
FN:244,(anonymous_30)
FN:284,(anonymous_31)
FN:290,(anonymous_32)
FN:294,(anonymous_33)
FN:304,(anonymous_34)
FN:308,(anonymous_35)
FN:317,(anonymous_36)
FN:368,(anonymous_37)
FN:372,(anonymous_38)
FN:373,(anonymous_39)
FN:426,(anonymous_40)
FN:436,(anonymous_41)
FN:456,(anonymous_42)
FN:465,(anonymous_43)
FN:469,(anonymous_44)
FN:486,(anonymous_45)
FN:602,(anonymous_46)
FN:681,(anonymous_47)
FN:692,(anonymous_48)
FN:713,(anonymous_49)
FN:735,InfoCell
FNF:51
FNH:26
FNDA:13,AllRegistrations
FNDA:4,(anonymous_1)
FNDA:4,(anonymous_2)
FNDA:4,(anonymous_3)
FNDA:4,(anonymous_4)
FNDA:0,(anonymous_5)
FNDA:4,(anonymous_6)
FNDA:8,(anonymous_7)
FNDA:0,changeStatus
FNDA:0,changePaymentStatus
FNDA:0,deleteRegistration
FNDA:8,(anonymous_11)
FNDA:48,(anonymous_12)
FNDA:12,(anonymous_13)
FNDA:16,(anonymous_14)
FNDA:13,(anonymous_15)
FNDA:18,(anonymous_16)
FNDA:12,(anonymous_17)
FNDA:16,(anonymous_18)
FNDA:16,(anonymous_19)
FNDA:16,(anonymous_20)
FNDA:12,(anonymous_21)
FNDA:16,(anonymous_22)
FNDA:12,(anonymous_23)
FNDA:16,(anonymous_24)
FNDA:0,exportCSV
FNDA:0,(anonymous_26)
FNDA:0,(anonymous_27)
FNDA:0,(anonymous_28)
FNDA:0,(anonymous_29)
FNDA:0,(anonymous_30)
FNDA:1,(anonymous_31)
FNDA:0,(anonymous_32)
FNDA:5,(anonymous_33)
FNDA:0,(anonymous_34)
FNDA:36,(anonymous_35)
FNDA:0,(anonymous_36)
FNDA:17,(anonymous_37)
FNDA:0,(anonymous_38)
FNDA:0,(anonymous_39)
FNDA:0,(anonymous_40)
FNDA:0,(anonymous_41)
FNDA:0,(anonymous_42)
FNDA:0,(anonymous_43)
FNDA:68,(anonymous_44)
FNDA:0,(anonymous_45)
FNDA:0,(anonymous_46)
FNDA:0,(anonymous_47)
FNDA:0,(anonymous_48)
FNDA:0,(anonymous_49)
FNDA:0,InfoCell
DA:19,1
DA:20,1
DA:26,1
DA:34,13
DA:35,13
DA:36,13
DA:37,13
DA:38,13
DA:39,13
DA:42,13
DA:43,13
DA:44,4
DA:45,4
DA:46,4
DA:47,4
DA:49,13
DA:51,13
DA:53,13
DA:55,4
DA:56,4
DA:57,4
DA:63,0
DA:64,4
DA:67,4
DA:71,4
DA:72,8
DA:73,4
DA:75,4
DA:79,0
DA:87,0
DA:94,0
DA:99,0
DA:100,0
DA:101,0
DA:104,13
DA:105,8
DA:106,8
DA:107,8
DA:110,48
DA:112,13
DA:113,16
DA:117,13
DA:118,13
DA:119,18
DA:121,18
DA:125,18
DA:126,18
DA:128,18
DA:129,18
DA:133,13
DA:134,12
DA:136,16
DA:137,16
DA:139,16
DA:145,13
DA:146,16
DA:149,13
DA:150,16
DA:155,0
DA:170,0
DA:185,0
DA:187,0
DA:190,0
DA:191,0
DA:192,0
DA:193,0
DA:194,0
DA:195,0
DA:196,0
DA:199,13
DA:238,0
DA:244,0
DA:284,1
DA:290,0
DA:295,5
DA:304,0
DA:309,36
DA:317,0
DA:369,17
DA:373,0
DA:426,0
DA:437,0
DA:456,0
DA:466,0
DA:470,68
DA:486,0
DA:603,0
DA:682,0
DA:693,0
DA:713,0
DA:736,0
DA:737,0
LF:92
LH:57
BRDA:40,0,0,13
BRDA:40,0,1,13
BRDA:45,1,0,0
BRDA:45,1,1,4
BRDA:46,2,0,0
BRDA:46,2,1,4
BRDA:82,3,0,0
BRDA:82,3,1,0
BRDA:94,4,0,0
BRDA:94,4,1,0
BRDA:96,5,0,0
BRDA:96,5,1,0
BRDA:101,6,0,0
BRDA:101,6,1,0
BRDA:113,7,0,0
BRDA:113,7,1,16
BRDA:121,8,0,18
BRDA:121,8,1,2
BRDA:121,8,2,1
BRDA:121,8,3,1
BRDA:125,9,0,18
BRDA:125,9,1,0
BRDA:126,10,0,18
BRDA:126,10,1,0
BRDA:128,11,0,18
BRDA:128,11,1,0
BRDA:129,12,0,18
BRDA:129,12,1,17
BRDA:129,12,2,17
BRDA:129,12,3,17
BRDA:139,13,0,16
BRDA:139,13,1,0
BRDA:174,14,0,0
BRDA:174,14,1,0
BRDA:175,15,0,0
BRDA:175,15,1,0
BRDA:176,16,0,0
BRDA:176,16,1,0
BRDA:177,17,0,0
BRDA:177,17,1,0
BRDA:178,18,0,0
BRDA:178,18,1,0
BRDA:180,19,0,0
BRDA:180,19,1,0
BRDA:181,20,0,0
BRDA:181,20,1,0
BRDA:182,21,0,0
BRDA:182,21,1,0
BRDA:183,22,0,0
BRDA:183,22,1,0
BRDA:187,23,0,0
BRDA:187,23,1,0
BRDA:230,24,0,4
BRDA:230,24,1,9
BRDA:237,25,0,9
BRDA:237,25,1,0
BRDA:243,26,0,0
BRDA:243,26,1,9
BRDA:297,27,0,5
BRDA:297,27,1,0
BRDA:336,28,0,0
BRDA:336,28,1,9
BRDA:354,29,0,0
BRDA:354,29,1,9
BRDA:373,30,0,0
BRDA:373,30,1,0
BRDA:394,31,0,17
BRDA:394,31,1,0
BRDA:403,32,0,0
BRDA:403,32,1,0
BRDA:413,33,0,17
BRDA:413,33,1,0
BRDA:415,34,0,17
BRDA:415,34,1,0
BRDA:427,35,0,17
BRDA:427,35,1,0
BRDA:482,36,0,17
BRDA:482,36,1,0
BRDA:514,37,0,17
BRDA:514,37,1,0
BRDA:530,38,0,0
BRDA:530,38,1,0
BRDA:549,39,0,0
BRDA:549,39,1,0
BRDA:557,40,0,0
BRDA:557,40,1,0
BRDA:570,41,0,0
BRDA:570,41,1,0
BRDA:579,42,0,0
BRDA:579,42,1,0
BRDA:593,43,0,0
BRDA:593,43,1,0
BRDA:616,44,0,0
BRDA:616,44,1,0
BRDA:666,45,0,0
BRDA:666,45,1,0
BRDA:736,46,0,0
BRDA:736,46,1,0
BRDA:754,47,0,0
BRDA:754,47,1,0
BRF:100
BRH:30
end_of_record
TN:
SF:src\pages\admin\Analytics.jsx
FN:34,daysAgoTimestamp
FN:41,startOfDayTimestamp
FN:47,endOfDayTimestamp
FN:53,formatDate
FN:58,StatCard
FN:106,Analytics
FN:113,(anonymous_6)
FN:114,load
FN:123,(anonymous_8)
FN:133,(anonymous_9)
FN:139,(anonymous_10)
FN:145,(anonymous_11)
FN:154,(anonymous_12)
FN:160,(anonymous_13)
FN:187,(anonymous_14)
FN:190,(anonymous_15)
FN:191,(anonymous_16)
FN:192,(anonymous_17)
FN:194,(anonymous_18)
FN:195,(anonymous_19)
FN:196,(anonymous_20)
FN:199,(anonymous_21)
FN:203,(anonymous_22)
FN:204,(anonymous_23)
FN:209,(anonymous_24)
FN:211,(anonymous_25)
FN:218,(anonymous_26)
FN:219,(anonymous_27)
FN:228,(anonymous_28)
FN:233,(anonymous_29)
FN:235,(anonymous_30)
FN:240,(anonymous_31)
FN:245,(anonymous_32)
FN:247,(anonymous_33)
FN:258,(anonymous_34)
FN:264,(anonymous_35)
FN:268,(anonymous_36)
FN:272,(anonymous_37)
FN:275,(anonymous_38)
FN:277,(anonymous_39)
FN:287,(anonymous_40)
FN:289,(anonymous_41)
FN:290,(anonymous_42)
FN:293,(anonymous_43)
FN:449,(anonymous_44)
FN:692,(anonymous_45)
FN:825,(anonymous_46)
FN:918,(anonymous_47)
FN:1083,(anonymous_48)
FN:1341,(anonymous_49)
FNF:50
FNH:0
FNDA:0,daysAgoTimestamp
FNDA:0,startOfDayTimestamp
FNDA:0,endOfDayTimestamp
FNDA:0,formatDate
FNDA:0,StatCard
FNDA:0,Analytics
FNDA:0,(anonymous_6)
FNDA:0,load
FNDA:0,(anonymous_8)
FNDA:0,(anonymous_9)
FNDA:0,(anonymous_10)
FNDA:0,(anonymous_11)
FNDA:0,(anonymous_12)
FNDA:0,(anonymous_13)
FNDA:0,(anonymous_14)
FNDA:0,(anonymous_15)
FNDA:0,(anonymous_16)
FNDA:0,(anonymous_17)
FNDA:0,(anonymous_18)
FNDA:0,(anonymous_19)
FNDA:0,(anonymous_20)
FNDA:0,(anonymous_21)
FNDA:0,(anonymous_22)
FNDA:0,(anonymous_23)
FNDA:0,(anonymous_24)
FNDA:0,(anonymous_25)
FNDA:0,(anonymous_26)
FNDA:0,(anonymous_27)
FNDA:0,(anonymous_28)
FNDA:0,(anonymous_29)
FNDA:0,(anonymous_30)
FNDA:0,(anonymous_31)
FNDA:0,(anonymous_32)
FNDA:0,(anonymous_33)
FNDA:0,(anonymous_34)
FNDA:0,(anonymous_35)
FNDA:0,(anonymous_36)
FNDA:0,(anonymous_37)
FNDA:0,(anonymous_38)
FNDA:0,(anonymous_39)
FNDA:0,(anonymous_40)
FNDA:0,(anonymous_41)
FNDA:0,(anonymous_42)
FNDA:0,(anonymous_43)
FNDA:0,(anonymous_44)
FNDA:0,(anonymous_45)
FNDA:0,(anonymous_46)
FNDA:0,(anonymous_47)
FNDA:0,(anonymous_48)
FNDA:0,(anonymous_49)
DA:17,0
DA:18,0
DA:19,0
DA:21,0
DA:27,0
DA:35,0
DA:36,0
DA:37,0
DA:38,0
DA:42,0
DA:43,0
DA:44,0
DA:48,0
DA:49,0
DA:50,0
DA:54,0
DA:55,0
DA:59,0
DA:107,0
DA:108,0
DA:109,0
DA:110,0
DA:111,0
DA:113,0
DA:115,0
DA:117,0
DA:122,0
DA:123,0
DA:124,0
DA:127,0
DA:132,0
DA:133,0
DA:134,0
DA:137,0
DA:139,0
DA:142,0
DA:143,0
DA:144,0
DA:145,0
DA:146,0
DA:148,0
DA:152,0
DA:154,0
DA:157,0
DA:158,0
DA:159,0
DA:160,0
DA:161,0
DA:163,0
DA:166,0
DA:168,0
DA:171,0
DA:174,0
DA:177,0
DA:178,0
DA:179,0
DA:180,0
DA:181,0
DA:182,0
DA:183,0
DA:184,0
DA:185,0
DA:187,0
DA:189,0
DA:190,0
DA:191,0
DA:192,0
DA:194,0
DA:195,0
DA:196,0
DA:199,0
DA:201,0
DA:203,0
DA:204,0
DA:209,0
DA:210,0
DA:211,0
DA:212,0
DA:213,0
DA:214,0
DA:215,0
DA:217,0
DA:218,0
DA:219,0
DA:227,0
DA:228,0
DA:229,0
DA:230,0
DA:232,0
DA:233,0
DA:235,0
DA:236,0
DA:239,0
DA:240,0
DA:241,0
DA:242,0
DA:244,0
DA:245,0
DA:247,0
DA:248,0
DA:251,0
DA:252,0
DA:253,0
DA:254,0
DA:255,0
DA:256,0
DA:258,0
DA:259,0
DA:260,0
DA:261,0
DA:262,0
DA:264,0
DA:268,0
DA:271,0
DA:272,0
DA:274,0
DA:275,0
DA:277,0
DA:278,0
DA:279,0
DA:280,0
DA:281,0
DA:282,0
DA:283,0
DA:287,0
DA:288,0
DA:289,0
DA:290,0
DA:292,0
DA:293,0
DA:294,0
DA:298,0
DA:299,0
DA:302,0
DA:304,0
DA:450,0
DA:451,0
DA:693,0
DA:694,0
DA:695,0
DA:697,0
DA:698,0
DA:699,0
DA:700,0
DA:826,0
DA:919,0
DA:1084,0
DA:1086,0
DA:1095,0
DA:1100,0
DA:1342,0
DA:1344,0
DA:1352,0
DA:1353,0
LF:154
LH:0
BRDA:85,0,0,0
BRDA:85,0,1,0
BRDA:91,1,0,0
BRDA:91,1,1,0
BRDA:142,2,0,0
BRDA:142,2,1,0
BRDA:146,3,0,0
BRDA:146,3,1,0
BRDA:157,4,0,0
BRDA:157,4,1,0
BRDA:161,5,0,0
BRDA:161,5,1,0
BRDA:161,5,2,0
BRDA:174,6,0,0
BRDA:174,6,1,0
BRDA:187,7,0,0
BRDA:187,7,1,0
BRDA:212,8,0,0
BRDA:212,8,1,0
BRDA:213,9,0,0
BRDA:213,9,1,0
BRDA:223,10,0,0
BRDA:223,10,1,0
BRDA:229,11,0,0
BRDA:229,11,1,0
BRDA:230,12,0,0
BRDA:230,12,1,0
BRDA:235,13,0,0
BRDA:235,13,1,0
BRDA:236,14,0,0
BRDA:236,14,1,0
BRDA:241,15,0,0
BRDA:241,15,1,0
BRDA:242,16,0,0
BRDA:242,16,1,0
BRDA:248,17,0,0
BRDA:248,17,1,0
BRDA:260,18,0,0
BRDA:260,18,1,0
BRDA:262,19,0,0
BRDA:262,19,1,0
BRDA:279,20,0,0
BRDA:279,20,1,0
BRDA:281,21,0,0
BRDA:281,21,1,0
BRDA:282,22,0,0
BRDA:282,22,1,0
BRDA:287,23,0,0
BRDA:287,23,1,0
BRDA:294,24,0,0
BRDA:294,24,1,0
BRDA:298,25,0,0
BRDA:298,25,1,0
BRDA:299,26,0,0
BRDA:299,26,1,0
BRDA:302,27,0,0
BRDA:302,27,1,0
BRDA:370,28,0,0
BRDA:370,28,1,0
BRDA:450,29,0,0
BRDA:450,29,1,0
BRDA:456,30,0,0
BRDA:456,30,1,0
BRDA:460,31,0,0
BRDA:460,31,1,0
BRDA:546,32,0,0
BRDA:546,32,1,0
BRDA:556,33,0,0
BRDA:556,33,1,0
BRDA:570,34,0,0
BRDA:570,34,1,0
BRDA:573,35,0,0
BRDA:573,35,1,0
BRDA:587,36,0,0
BRDA:587,36,1,0
BRDA:590,37,0,0
BRDA:590,37,1,0
BRDA:604,38,0,0
BRDA:604,38,1,0
BRDA:693,39,0,0
BRDA:693,39,1,0
BRDA:694,40,0,0
BRDA:694,40,1,0
BRDA:697,41,0,0
BRDA:697,41,1,0
BRDA:724,42,0,0
BRDA:724,42,1,0
BRDA:744,43,0,0
BRDA:744,43,1,0
BRDA:751,44,0,0
BRDA:751,44,1,0
BRDA:758,45,0,0
BRDA:758,45,1,0
BRDA:758,45,2,0
BRDA:767,46,0,0
BRDA:767,46,1,0
BRDA:770,47,0,0
BRDA:770,47,1,0
BRDA:814,48,0,0
BRDA:814,48,1,0
BRDA:828,49,0,0
BRDA:828,49,1,0
BRDA:907,50,0,0
BRDA:907,50,1,0
BRDA:921,51,0,0
BRDA:921,51,1,0
BRDA:1086,52,0,0
BRDA:1086,52,1,0
BRDA:1095,53,0,0
BRDA:1095,53,1,0
BRDA:1097,54,0,0
BRDA:1097,54,1,0
BRDA:1105,55,0,0
BRDA:1105,55,1,0
BRDA:1107,56,0,0
BRDA:1107,56,1,0
BRDA:1130,57,0,0
BRDA:1130,57,1,0
BRDA:1143,58,0,0
BRDA:1143,58,1,0
BRDA:1150,59,0,0
BRDA:1150,59,1,0
BRDA:1151,60,0,0
BRDA:1151,60,1,0
BRDA:1154,61,0,0
BRDA:1154,61,1,0
BRDA:1154,62,0,0
BRDA:1154,62,1,0
BRDA:1164,63,0,0
BRDA:1164,63,1,0
BRDA:1171,64,0,0
BRDA:1171,64,1,0
BRDA:1344,65,0,0
BRDA:1344,65,1,0
BRDA:1352,66,0,0
BRDA:1352,66,1,0
BRDA:1358,67,0,0
BRDA:1358,67,1,0
BRDA:1362,68,0,0
BRDA:1362,68,1,0
BRDA:1385,69,0,0
BRDA:1385,69,1,0
BRDA:1400,70,0,0
BRDA:1400,70,1,0
BRDA:1413,71,0,0
BRDA:1413,71,1,0
BRDA:1419,72,0,0
BRDA:1419,72,1,0
BRDA:1420,73,0,0
BRDA:1420,73,1,0
BRDA:1423,74,0,0
BRDA:1423,74,1,0
BRDA:1423,75,0,0
BRDA:1423,75,1,0
BRDA:1436,76,0,0
BRDA:1436,76,1,0
BRDA:1443,77,0,0
BRDA:1443,77,1,0
BRF:158
BRH:0
end_of_record
TN:
SF:src\pages\admin\ClimbDetail.jsx
FN:59,StatusBadge
FN:88,AddJoinerModal
FN:105,(anonymous_2)
FN:106,(anonymous_3)
FN:107,(anonymous_4)
FN:111,setField
FN:112,(anonymous_6)
FN:115,selectExistingUser
FN:117,(anonymous_8)
FN:119,(anonymous_9)
FN:127,handleSubmit
FN:198,(anonymous_11)
FN:230,(anonymous_12)
FN:233,(anonymous_13)
FN:250,(anonymous_14)
FN:260,(anonymous_15)
FN:269,(anonymous_16)
FN:279,(anonymous_17)
FN:290,(anonymous_18)
FN:292,(anonymous_19)
FN:306,(anonymous_20)
FN:308,(anonymous_21)
FN:320,(anonymous_22)
FN:322,(anonymous_23)
FN:339,(anonymous_24)
FN:349,(anonymous_25)
FN:377,AdminClimbDetail
FN:392,(anonymous_27)
FN:393,(anonymous_28)
FN:402,(anonymous_29)
FN:403,(anonymous_30)
FN:409,changeStatus
FN:417,changePaymentStatus
FN:424,deleteRegistration
FN:435,toggleExpand
FN:436,(anonymous_35)
FN:439,startNoteEdit
FN:440,(anonymous_37)
FN:446,saveNote
FN:453,(anonymous_39)
FN:463,exportCSV
FN:490,(anonymous_41)
FN:519,(anonymous_42)
FN:520,(anonymous_43)
FN:532,(anonymous_44)
FN:534,(anonymous_45)
FN:548,(anonymous_46)
FN:551,(anonymous_47)
FN:552,(anonymous_48)
FN:553,(anonymous_49)
FN:554,(anonymous_50)
FN:555,(anonymous_51)
FN:562,(anonymous_52)
FN:572,(anonymous_53)
FN:593,(anonymous_54)
FN:596,(anonymous_55)
FN:652,(anonymous_56)
FN:671,(anonymous_57)
FN:672,(anonymous_58)
FN:771,(anonymous_59)
FN:847,(anonymous_60)
FN:853,(anonymous_61)
FN:857,(anonymous_62)
FN:866,(anonymous_63)
FN:925,(anonymous_64)
FN:935,(anonymous_65)
FN:1011,(anonymous_66)
FN:1055,(anonymous_67)
FN:1073,(anonymous_68)
FN:1082,(anonymous_69)
FN:1086,(anonymous_70)
FN:1103,(anonymous_71)
FN:1165,(anonymous_72)
FN:1176,(anonymous_73)
FN:1187,(anonymous_74)
FN:1321,(anonymous_75)
FN:1359,(anonymous_76)
FN:1382,(anonymous_77)
FN:1402,(anonymous_78)
FN:1456,(anonymous_79)
FN:1472,(anonymous_80)
FN:1488,(anonymous_81)
FN:1543,(anonymous_82)
FN:1544,(anonymous_83)
FN:1549,(anonymous_84)
FN:1555,(anonymous_85)
FN:1567,(anonymous_86)
FN:1569,(anonymous_87)
FN:1605,(anonymous_88)
FN:1627,(anonymous_89)
FN:1652,InfoCell
FNF:91
FNH:34
FNDA:12,StatusBadge
FNDA:4,AddJoinerModal
FNDA:1,(anonymous_2)
FNDA:1,(anonymous_3)
FNDA:1,(anonymous_4)
FNDA:0,setField
FNDA:0,(anonymous_6)
FNDA:1,selectExistingUser
FNDA:1,(anonymous_8)
FNDA:1,(anonymous_9)
FNDA:1,handleSubmit
FNDA:1,(anonymous_11)
FNDA:1,(anonymous_12)
FNDA:3,(anonymous_13)
FNDA:0,(anonymous_14)
FNDA:0,(anonymous_15)
FNDA:0,(anonymous_16)
FNDA:0,(anonymous_17)
FNDA:0,(anonymous_18)
FNDA:12,(anonymous_19)
FNDA:0,(anonymous_20)
FNDA:16,(anonymous_21)
FNDA:0,(anonymous_22)
FNDA:16,(anonymous_23)
FNDA:0,(anonymous_24)
FNDA:0,(anonymous_25)
FNDA:17,AdminClimbDetail
FNDA:5,(anonymous_27)
FNDA:5,(anonymous_28)
FNDA:5,(anonymous_29)
FNDA:5,(anonymous_30)
FNDA:0,changeStatus
FNDA:0,changePaymentStatus
FNDA:0,deleteRegistration
FNDA:0,toggleExpand
FNDA:0,(anonymous_35)
FNDA:0,startNoteEdit
FNDA:0,(anonymous_37)
FNDA:0,saveNote
FNDA:0,(anonymous_39)
FNDA:0,exportCSV
FNDA:0,(anonymous_41)
FNDA:0,(anonymous_42)
FNDA:0,(anonymous_43)
FNDA:10,(anonymous_44)
FNDA:5,(anonymous_45)
FNDA:10,(anonymous_46)
FNDA:5,(anonymous_47)
FNDA:5,(anonymous_48)
FNDA:5,(anonymous_49)
FNDA:5,(anonymous_50)
FNDA:5,(anonymous_51)
FNDA:68,(anonymous_52)
FNDA:0,(anonymous_53)
FNDA:0,(anonymous_54)
FNDA:0,(anonymous_55)
FNDA:1,(anonymous_56)
FNDA:0,(anonymous_57)
FNDA:1,(anonymous_58)
FNDA:0,(anonymous_59)
FNDA:0,(anonymous_60)
FNDA:0,(anonymous_61)
FNDA:48,(anonymous_62)
FNDA:0,(anonymous_63)
FNDA:12,(anonymous_64)
FNDA:0,(anonymous_65)
FNDA:0,(anonymous_66)
FNDA:0,(anonymous_67)
FNDA:0,(anonymous_68)
FNDA:0,(anonymous_69)
FNDA:48,(anonymous_70)
FNDA:0,(anonymous_71)
FNDA:0,(anonymous_72)
FNDA:0,(anonymous_73)
FNDA:0,(anonymous_74)
FNDA:0,(anonymous_75)
FNDA:0,(anonymous_76)
FNDA:0,(anonymous_77)
FNDA:0,(anonymous_78)
FNDA:0,(anonymous_79)
FNDA:0,(anonymous_80)
FNDA:0,(anonymous_81)
FNDA:0,(anonymous_82)
FNDA:0,(anonymous_83)
FNDA:0,(anonymous_84)
FNDA:0,(anonymous_85)
FNDA:0,(anonymous_86)
FNDA:0,(anonymous_87)
FNDA:0,(anonymous_88)
FNDA:0,(anonymous_89)
FNDA:0,InfoCell
DA:23,1
DA:29,1
DA:31,1
DA:38,1
DA:60,12
DA:61,12
DA:62,12
DA:65,0
DA:85,1
DA:86,1
DA:89,4
DA:100,4
DA:101,4
DA:102,4
DA:103,4
DA:105,4
DA:106,1
DA:107,1
DA:112,0
DA:116,1
DA:117,1
DA:118,1
DA:119,1
DA:128,1
DA:129,1
DA:130,1
DA:131,0
DA:132,0
DA:134,1
DA:137,1
DA:138,1
DA:139,1
DA:167,1
DA:169,0
DA:170,0
DA:179,1
DA:183,4
DA:198,1
DA:230,1
DA:234,3
DA:250,0
DA:260,0
DA:269,0
DA:279,0
DA:290,0
DA:293,12
DA:306,0
DA:309,16
DA:320,0
DA:323,16
DA:339,0
DA:349,0
DA:378,17
DA:380,17
DA:381,17
DA:382,17
DA:383,17
DA:384,17
DA:385,17
DA:386,17
DA:387,17
DA:388,17
DA:389,17
DA:390,17
DA:392,17
DA:393,5
DA:394,5
DA:397,5
DA:402,5
DA:403,5
DA:404,5
DA:406,5
DA:410,0
DA:418,0
DA:425,0
DA:430,0
DA:431,0
DA:432,0
DA:436,0
DA:440,0
DA:447,0
DA:448,0
DA:449,0
DA:453,0
DA:454,0
DA:455,0
DA:456,0
DA:459,0
DA:464,0
DA:490,0
DA:518,0
DA:520,0
DA:523,0
DA:524,0
DA:525,0
DA:526,0
DA:527,0
DA:528,0
DA:529,0
DA:532,17
DA:534,10
DA:535,5
DA:537,5
DA:540,5
DA:542,5
DA:543,5
DA:548,17
DA:549,10
DA:551,5
DA:552,5
DA:553,5
DA:554,5
DA:555,5
DA:561,17
DA:562,68
DA:565,17
DA:572,0
DA:593,0
DA:596,0
DA:652,1
DA:671,0
DA:672,1
DA:772,0
DA:847,0
DA:853,0
DA:858,48
DA:866,0
DA:926,12
DA:935,0
DA:1011,0
DA:1055,0
DA:1073,0
DA:1083,0
DA:1087,48
DA:1103,0
DA:1166,0
DA:1167,0
DA:1177,0
DA:1178,0
DA:1188,0
DA:1189,0
DA:1321,0
DA:1360,0
DA:1383,0
DA:1384,0
DA:1403,0
DA:1457,0
DA:1458,0
DA:1473,0
DA:1474,0
DA:1489,0
DA:1490,0
DA:1544,0
DA:1549,0
DA:1556,0
DA:1557,0
DA:1568,0
DA:1569,0
DA:1570,0
DA:1571,0
DA:1572,0
DA:1606,0
DA:1607,0
DA:1628,0
DA:1629,0
DA:1653,0
DA:1654,0
LF:167
LH:79
BRDA:61,0,0,12
BRDA:61,0,1,0
BRDA:80,1,0,0
BRDA:80,1,1,0
BRDA:118,2,0,1
BRDA:118,2,1,0
BRDA:121,3,0,1
BRDA:121,3,1,0
BRDA:122,4,0,1
BRDA:122,4,1,0
BRDA:130,5,0,0
BRDA:130,5,1,1
BRDA:141,6,0,1
BRDA:141,6,1,0
BRDA:142,7,0,1
BRDA:142,7,1,0
BRDA:143,8,0,1
BRDA:143,8,1,0
BRDA:144,9,0,1
BRDA:144,9,1,0
BRDA:155,10,0,0
BRDA:155,10,1,1
BRDA:155,11,0,1
BRDA:155,11,1,0
BRDA:158,12,0,1
BRDA:158,12,1,1
BRDA:163,13,0,1
BRDA:163,13,1,0
BRDA:223,14,0,4
BRDA:223,14,1,0
BRDA:235,15,0,3
BRDA:235,15,1,0
BRDA:368,16,0,1
BRDA:368,16,1,3
BRDA:394,17,0,5
BRDA:394,17,1,0
BRDA:413,18,0,0
BRDA:413,18,1,0
BRDA:425,19,0,0
BRDA:425,19,1,0
BRDA:432,20,0,0
BRDA:432,20,1,0
BRDA:436,21,0,0
BRDA:436,21,1,0
BRDA:442,22,0,0
BRDA:442,22,1,0
BRDA:442,22,2,0
BRDA:495,23,0,0
BRDA:495,23,1,0
BRDA:496,24,0,0
BRDA:496,24,1,0
BRDA:498,25,0,0
BRDA:498,25,1,0
BRDA:499,26,0,0
BRDA:499,26,1,0
BRDA:500,27,0,0
BRDA:500,27,1,0
BRDA:501,28,0,0
BRDA:501,28,1,0
BRDA:502,29,0,0
BRDA:502,29,1,0
BRDA:504,30,0,0
BRDA:504,30,1,0
BRDA:505,31,0,0
BRDA:505,31,1,0
BRDA:506,32,0,0
BRDA:506,32,1,0
BRDA:507,33,0,0
BRDA:507,33,1,0
BRDA:508,34,0,0
BRDA:508,34,1,0
BRDA:510,35,0,0
BRDA:510,35,1,0
BRDA:510,36,0,0
BRDA:510,36,1,0
BRDA:511,37,0,0
BRDA:511,37,1,0
BRDA:512,38,0,0
BRDA:512,38,1,0
BRDA:513,39,0,0
BRDA:513,39,1,0
BRDA:514,40,0,0
BRDA:514,40,1,0
BRDA:515,41,0,0
BRDA:515,41,1,0
BRDA:516,42,0,0
BRDA:516,42,1,0
BRDA:520,43,0,0
BRDA:520,43,1,0
BRDA:527,44,0,0
BRDA:527,44,1,0
BRDA:537,45,0,5
BRDA:537,45,1,0
BRDA:537,45,2,0
BRDA:540,46,0,5
BRDA:540,46,1,0
BRDA:542,47,0,5
BRDA:542,47,1,0
BRDA:543,48,0,5
BRDA:543,48,1,5
BRDA:543,48,2,5
BRDA:570,49,0,17
BRDA:570,49,1,0
BRDA:621,50,0,17
BRDA:621,50,1,10
BRDA:626,51,0,17
BRDA:626,51,1,10
BRDA:667,52,0,17
BRDA:667,52,1,1
BRDA:676,53,0,5
BRDA:676,53,1,12
BRDA:706,54,0,12
BRDA:706,54,1,7
BRDA:737,55,0,12
BRDA:737,55,1,0
BRDA:737,55,2,12
BRDA:769,56,0,0
BRDA:769,56,1,12
BRDA:783,57,0,0
BRDA:783,57,1,0
BRDA:785,58,0,0
BRDA:785,58,1,0
BRDA:796,59,0,0
BRDA:796,59,1,0
BRDA:895,60,0,12
BRDA:895,60,1,12
BRDA:895,60,2,0
BRDA:906,61,0,0
BRDA:906,61,1,12
BRDA:910,62,0,0
BRDA:910,62,1,0
BRDA:910,63,0,0
BRDA:910,63,1,0
BRDA:931,64,0,0
BRDA:931,64,1,12
BRDA:963,65,0,12
BRDA:963,65,1,0
BRDA:973,66,0,12
BRDA:973,66,1,0
BRDA:980,67,0,0
BRDA:980,67,1,0
BRDA:988,68,0,12
BRDA:988,68,1,0
BRDA:991,69,0,0
BRDA:991,69,1,12
BRDA:1009,70,0,12
BRDA:1009,70,1,12
BRDA:1009,70,2,0
BRDA:1020,71,0,0
BRDA:1020,71,1,0
BRDA:1021,72,0,0
BRDA:1021,72,1,0
BRDA:1036,73,0,0
BRDA:1036,73,1,0
BRDA:1037,74,0,0
BRDA:1037,74,1,0
BRDA:1060,75,0,12
BRDA:1060,75,1,0
BRDA:1069,76,0,0
BRDA:1069,76,1,0
BRDA:1099,77,0,12
BRDA:1099,77,1,0
BRDA:1116,78,0,12
BRDA:1116,78,1,0
BRDA:1120,79,0,0
BRDA:1120,79,1,0
BRDA:1120,80,0,0
BRDA:1120,80,1,0
BRDA:1223,81,0,0
BRDA:1223,81,1,0
BRDA:1230,82,0,0
BRDA:1230,82,1,0
BRDA:1238,83,0,0
BRDA:1238,83,1,0
BRDA:1246,84,0,0
BRDA:1246,84,1,0
BRDA:1254,85,0,0
BRDA:1254,85,1,0
BRDA:1257,86,0,0
BRDA:1257,86,1,0
BRDA:1280,87,0,0
BRDA:1280,87,1,0
BRDA:1299,88,0,0
BRDA:1299,88,1,0
BRDA:1349,89,0,0
BRDA:1349,89,1,0
BRDA:1369,90,0,0
BRDA:1369,90,1,0
BRDA:1432,91,0,0
BRDA:1432,91,1,0
BRDA:1526,92,0,0
BRDA:1526,92,1,0
BRDA:1560,93,0,0
BRDA:1560,93,1,0
BRDA:1590,94,0,0
BRDA:1590,94,1,0
BRDA:1596,95,0,0
BRDA:1596,95,1,0
BRDA:1601,96,0,0
BRDA:1601,96,1,0
BRDA:1610,97,0,0
BRDA:1610,97,1,0
BRDA:1653,98,0,0
BRDA:1653,98,1,0
BRF:204
BRH:52
end_of_record
TN:
SF:src\pages\admin\ClimbForm.jsx
FN:146,AdminClimbForm
FN:162,(anonymous_1)
FN:164,(anonymous_2)
FN:165,(anonymous_3)
FN:167,(anonymous_4)
FN:170,(anonymous_5)
FN:172,(anonymous_6)
FN:195,set
FN:196,(anonymous_8)
FN:200,addListItem
FN:201,(anonymous_10)
FN:203,removeListItem
FN:204,(anonymous_12)
FN:204,(anonymous_13)
FN:206,updateListItem
FN:207,(anonymous_15)
FN:215,addDay
FN:219,handleTrailImageUpload
FN:252,handleGcashQrUpload
FN:279,handleDocUpload
FN:282,(anonymous_20)
FN:290,(anonymous_21)
FN:303,(anonymous_22)
FN:307,removeDay
FN:310,updateDay
FN:313,addEntry
FN:314,(anonymous_26)
FN:315,(anonymous_27)
FN:323,removeEntry
FN:324,(anonymous_29)
FN:325,(anonymous_30)
FN:327,(anonymous_31)
FN:333,updateEntry
FN:334,(anonymous_33)
FN:335,(anonymous_34)
FN:337,(anonymous_35)
FN:346,handleSubmit
FN:352,(anonymous_37)
FN:370,(anonymous_38)
FN:437,(anonymous_39)
FN:460,(anonymous_40)
FN:469,(anonymous_41)
FN:471,(anonymous_42)
FN:487,(anonymous_43)
FN:496,(anonymous_44)
FN:507,(anonymous_45)
FN:517,(anonymous_46)
FN:530,(anonymous_47)
FN:532,(anonymous_48)
FN:549,(anonymous_49)
FN:558,(anonymous_50)
FN:580,(anonymous_51)
FN:596,(anonymous_52)
FN:614,(anonymous_53)
FN:624,(anonymous_54)
FN:632,(anonymous_55)
FN:655,(anonymous_56)
FN:665,(anonymous_57)
FN:677,(anonymous_58)
FN:687,(anonymous_59)
FN:699,(anonymous_60)
FN:709,(anonymous_61)
FN:720,(anonymous_62)
FN:730,(anonymous_63)
FN:752,(anonymous_64)
FN:780,(anonymous_65)
FN:803,(anonymous_66)
FN:814,(anonymous_67)
FN:826,(anonymous_68)
FN:841,(anonymous_69)
FN:861,(anonymous_70)
FN:880,(anonymous_71)
FN:883,(anonymous_72)
FN:950,(anonymous_73)
FN:951,(anonymous_74)
FN:966,(anonymous_75)
FN:989,(anonymous_76)
FN:1000,(anonymous_77)
FN:1022,(anonymous_78)
FN:1044,(anonymous_79)
FN:1060,(anonymous_80)
FN:1082,(anonymous_81)
FN:1094,(anonymous_82)
FN:1128,(anonymous_83)
FN:1152,(anonymous_84)
FN:1158,(anonymous_85)
FN:1163,(anonymous_86)
FN:1173,(anonymous_87)
FN:1183,(anonymous_88)
FN:1196,(anonymous_89)
FN:1205,(anonymous_90)
FN:1230,(anonymous_91)
FN:1235,(anonymous_92)
FN:1242,(anonymous_93)
FN:1249,(anonymous_94)
FN:1273,(anonymous_95)
FN:1285,(anonymous_96)
FN:1301,(anonymous_97)
FN:1314,(anonymous_98)
FN:1327,(anonymous_99)
FN:1349,(anonymous_100)
FN:1372,(anonymous_101)
FN:1384,(anonymous_102)
FN:1408,(anonymous_103)
FN:1423,(anonymous_104)
FN:1437,(anonymous_105)
FN:1443,(anonymous_106)
FN:1457,(anonymous_107)
FN:1468,(anonymous_108)
FN:1485,(anonymous_109)
FN:1494,(anonymous_110)
FN:1507,(anonymous_111)
FN:1521,(anonymous_112)
FN:1534,(anonymous_113)
FN:1545,(anonymous_114)
FN:1574,(anonymous_115)
FN:1584,(anonymous_116)
FN:1653,(anonymous_117)
FN:1679,(anonymous_118)
FN:1716,(anonymous_119)
FN:1744,(anonymous_120)
FN:1790,(anonymous_121)
FNF:122
FNH:30
FNDA:41,AdminClimbForm
FNDA:5,(anonymous_1)
FNDA:5,(anonymous_2)
FNDA:0,(anonymous_3)
FNDA:0,(anonymous_4)
FNDA:5,(anonymous_5)
FNDA:0,(anonymous_6)
FNDA:22,set
FNDA:22,(anonymous_8)
FNDA:2,addListItem
FNDA:2,(anonymous_10)
FNDA:0,removeListItem
FNDA:0,(anonymous_12)
FNDA:0,(anonymous_13)
FNDA:4,updateListItem
FNDA:4,(anonymous_15)
FNDA:0,addDay
FNDA:0,handleTrailImageUpload
FNDA:0,handleGcashQrUpload
FNDA:0,handleDocUpload
FNDA:0,(anonymous_20)
FNDA:0,(anonymous_21)
FNDA:0,(anonymous_22)
FNDA:0,removeDay
FNDA:0,updateDay
FNDA:0,addEntry
FNDA:0,(anonymous_26)
FNDA:0,(anonymous_27)
FNDA:0,removeEntry
FNDA:0,(anonymous_29)
FNDA:0,(anonymous_30)
FNDA:0,(anonymous_31)
FNDA:0,updateEntry
FNDA:0,(anonymous_33)
FNDA:0,(anonymous_34)
FNDA:0,(anonymous_35)
FNDA:4,handleSubmit
FNDA:0,(anonymous_37)
FNDA:0,(anonymous_38)
FNDA:4,(anonymous_39)
FNDA:4,(anonymous_40)
FNDA:0,(anonymous_41)
FNDA:492,(anonymous_42)
FNDA:4,(anonymous_43)
FNDA:4,(anonymous_44)
FNDA:4,(anonymous_45)
FNDA:0,(anonymous_46)
FNDA:0,(anonymous_47)
FNDA:492,(anonymous_48)
FNDA:0,(anonymous_49)
FNDA:0,(anonymous_50)
FNDA:0,(anonymous_51)
FNDA:0,(anonymous_52)
FNDA:0,(anonymous_53)
FNDA:0,(anonymous_54)
FNDA:1,(anonymous_55)
FNDA:0,(anonymous_56)
FNDA:0,(anonymous_57)
FNDA:0,(anonymous_58)
FNDA:0,(anonymous_59)
FNDA:0,(anonymous_60)
FNDA:0,(anonymous_61)
FNDA:0,(anonymous_62)
FNDA:0,(anonymous_63)
FNDA:1,(anonymous_64)
FNDA:4,(anonymous_65)
FNDA:1,(anonymous_66)
FNDA:0,(anonymous_67)
FNDA:1,(anonymous_68)
FNDA:0,(anonymous_69)
FNDA:0,(anonymous_70)
FNDA:0,(anonymous_71)
FNDA:0,(anonymous_72)
FNDA:0,(anonymous_73)
FNDA:0,(anonymous_74)
FNDA:0,(anonymous_75)
FNDA:0,(anonymous_76)
FNDA:0,(anonymous_77)
FNDA:1,(anonymous_78)
FNDA:4,(anonymous_79)
FNDA:1,(anonymous_80)
FNDA:1,(anonymous_81)
FNDA:0,(anonymous_82)
FNDA:0,(anonymous_83)
FNDA:0,(anonymous_84)
FNDA:0,(anonymous_85)
FNDA:0,(anonymous_86)
FNDA:0,(anonymous_87)
FNDA:0,(anonymous_88)
FNDA:0,(anonymous_89)
FNDA:0,(anonymous_90)
FNDA:0,(anonymous_91)
FNDA:574,(anonymous_92)
FNDA:0,(anonymous_93)
FNDA:0,(anonymous_94)
FNDA:0,(anonymous_95)
FNDA:246,(anonymous_96)
FNDA:0,(anonymous_97)
FNDA:0,(anonymous_98)
FNDA:0,(anonymous_99)
FNDA:0,(anonymous_100)
FNDA:0,(anonymous_101)
FNDA:0,(anonymous_102)
FNDA:0,(anonymous_103)
FNDA:0,(anonymous_104)
FNDA:0,(anonymous_105)
FNDA:0,(anonymous_106)
FNDA:0,(anonymous_107)
FNDA:0,(anonymous_108)
FNDA:0,(anonymous_109)
FNDA:0,(anonymous_110)
FNDA:0,(anonymous_111)
FNDA:0,(anonymous_112)
FNDA:0,(anonymous_113)
FNDA:0,(anonymous_114)
FNDA:0,(anonymous_115)
FNDA:0,(anonymous_116)
FNDA:1,(anonymous_117)
FNDA:0,(anonymous_118)
FNDA:0,(anonymous_119)
FNDA:0,(anonymous_120)
FNDA:0,(anonymous_121)
DA:22,1
DA:29,1
DA:43,1
DA:58,1
DA:75,1
DA:147,41
DA:148,41
DA:149,41
DA:150,41
DA:152,41
DA:153,41
DA:154,41
DA:155,41
DA:156,41
DA:157,41
DA:158,41
DA:159,41
DA:160,41
DA:162,41
DA:163,5
DA:165,5
DA:170,41
DA:171,5
DA:172,0
DA:173,0
DA:174,0
DA:178,0
DA:189,0
DA:191,0
DA:196,22
DA:201,2
DA:204,0
DA:207,4
DA:208,4
DA:209,4
DA:210,4
DA:216,0
DA:220,0
DA:221,0
DA:222,0
DA:223,0
DA:224,0
DA:225,0
DA:226,0
DA:230,0
DA:231,0
DA:232,0
DA:234,0
DA:236,0
DA:237,0
DA:247,0
DA:248,0
DA:253,0
DA:254,0
DA:255,0
DA:256,0
DA:257,0
DA:261,0
DA:262,0
DA:263,0
DA:265,0
DA:266,0
DA:276,0
DA:280,0
DA:281,0
DA:282,0
DA:283,0
DA:284,0
DA:288,0
DA:289,0
DA:290,0
DA:292,0
DA:293,0
DA:303,0
DA:304,0
DA:308,0
DA:311,0
DA:314,0
DA:315,0
DA:316,0
DA:320,0
DA:324,0
DA:325,0
DA:326,0
DA:327,0
DA:330,0
DA:334,0
DA:335,0
DA:336,0
DA:337,0
DA:338,0
DA:340,0
DA:342,0
DA:347,4
DA:348,4
DA:351,4
DA:352,4
DA:353,0
DA:355,4
DA:356,0
DA:359,0
DA:362,4
DA:363,4
DA:364,4
DA:369,4
DA:370,0
DA:375,4
DA:376,4
DA:377,4
DA:378,0
DA:380,4
DA:381,4
DA:382,4
DA:383,4
DA:385,4
DA:387,0
DA:388,0
DA:398,4
DA:402,41
DA:404,41
DA:437,4
DA:460,4
DA:469,0
DA:472,492
DA:487,4
DA:496,4
DA:507,4
DA:517,0
DA:530,0
DA:533,492
DA:549,0
DA:558,0
DA:580,0
DA:596,0
DA:614,0
DA:624,0
DA:632,1
DA:655,0
DA:665,0
DA:677,0
DA:687,0
DA:699,0
DA:709,0
DA:720,0
DA:730,0
DA:753,1
DA:781,4
DA:804,1
DA:814,0
DA:827,1
DA:842,0
DA:862,0
DA:881,0
DA:883,0
DA:950,0
DA:952,0
DA:953,0
DA:954,0
DA:955,0
DA:956,0
DA:957,0
DA:967,0
DA:968,0
DA:969,0
DA:970,0
DA:989,0
DA:1000,0
DA:1023,1
DA:1045,4
DA:1061,1
DA:1083,1
DA:1094,0
DA:1129,0
DA:1152,0
DA:1158,0
DA:1164,0
DA:1174,0
DA:1184,0
DA:1196,0
DA:1205,0
DA:1230,0
DA:1236,574
DA:1243,0
DA:1249,0
DA:1274,0
DA:1286,246
DA:1302,0
DA:1315,0
DA:1328,0
DA:1350,0
DA:1373,0
DA:1384,0
DA:1409,0
DA:1424,0
DA:1438,0
DA:1439,0
DA:1440,0
DA:1441,0
DA:1443,0
DA:1444,0
DA:1445,0
DA:1458,0
DA:1469,0
DA:1486,0
DA:1495,0
DA:1508,0
DA:1522,0
DA:1535,0
DA:1545,0
DA:1574,0
DA:1584,0
DA:1654,1
DA:1680,0
DA:1717,0
DA:1745,0
DA:1790,0
LF:216
LH:68
BRDA:171,0,0,5
BRDA:171,0,1,0
BRDA:173,1,0,0
BRDA:173,1,1,0
BRDA:178,2,0,0
BRDA:178,2,1,0
BRDA:180,3,0,0
BRDA:180,3,1,0
BRDA:180,4,0,0
BRDA:180,4,1,0
BRDA:184,5,0,0
BRDA:184,5,1,0
BRDA:185,6,0,0
BRDA:185,6,1,0
BRDA:201,7,0,2
BRDA:201,7,1,0
BRDA:221,8,0,0
BRDA:221,8,1,0
BRDA:228,9,0,0
BRDA:228,9,1,0
BRDA:234,10,0,0
BRDA:234,10,1,0
BRDA:254,11,0,0
BRDA:254,11,1,0
BRDA:259,12,0,0
BRDA:259,12,1,0
BRDA:281,13,0,0
BRDA:281,13,1,0
BRDA:286,14,0,0
BRDA:286,14,1,0
BRDA:316,15,0,0
BRDA:316,15,1,0
BRDA:326,16,0,0
BRDA:326,16,1,0
BRDA:336,17,0,0
BRDA:336,17,1,0
BRDA:338,18,0,0
BRDA:338,18,1,0
BRDA:352,19,0,4
BRDA:352,19,1,0
BRDA:353,20,0,0
BRDA:353,20,1,0
BRDA:355,21,0,0
BRDA:355,21,1,4
BRDA:357,22,0,0
BRDA:357,22,1,0
BRDA:369,23,0,4
BRDA:369,23,1,0
BRDA:375,24,0,4
BRDA:375,24,1,3
BRDA:376,25,0,4
BRDA:376,25,1,4
BRDA:377,26,0,0
BRDA:377,26,1,4
BRDA:402,27,0,0
BRDA:402,27,1,41
BRDA:413,28,0,0
BRDA:413,28,1,41
BRDA:417,29,0,0
BRDA:417,29,1,41
BRDA:424,30,0,41
BRDA:424,30,1,0
BRDA:774,31,0,41
BRDA:774,31,1,37
BRDA:774,32,0,41
BRDA:774,32,1,0
BRDA:780,33,0,41
BRDA:780,33,1,0
BRDA:861,34,0,41
BRDA:861,34,1,0
BRDA:926,35,0,0
BRDA:926,35,1,41
BRDA:952,36,0,0
BRDA:952,36,1,0
BRDA:955,37,0,0
BRDA:955,37,1,0
BRDA:956,38,0,0
BRDA:956,38,1,0
BRDA:968,39,0,0
BRDA:968,39,1,0
BRDA:969,40,0,0
BRDA:969,40,1,0
BRDA:1044,41,0,41
BRDA:1044,41,1,0
BRDA:1123,42,0,41
BRDA:1123,42,1,41
BRDA:1420,43,0,41
BRDA:1420,43,1,41
BRDA:1436,44,0,0
BRDA:1436,44,1,0
BRDA:1439,45,0,0
BRDA:1439,45,1,0
BRDA:1444,46,0,0
BRDA:1444,46,1,0
BRDA:1448,47,0,0
BRDA:1448,47,1,0
BRDA:1449,48,0,0
BRDA:1449,48,1,0
BRDA:1450,49,0,0
BRDA:1450,49,1,0
BRDA:1450,49,2,0
BRDA:1459,50,0,0
BRDA:1459,50,1,0
BRDA:1479,51,0,0
BRDA:1479,51,1,0
BRDA:1481,52,0,0
BRDA:1481,52,1,0
BRDA:1488,53,0,0
BRDA:1488,53,1,0
BRDA:1501,54,0,0
BRDA:1501,54,1,0
BRDA:1501,54,2,0
BRDA:1506,55,0,0
BRDA:1506,55,1,0
BRDA:1531,56,0,0
BRDA:1531,56,1,0
BRDA:1531,57,0,0
BRDA:1531,57,1,0
BRDA:1533,58,0,0
BRDA:1533,58,1,0
BRDA:1590,59,0,41
BRDA:1590,59,1,0
BRDA:1613,60,0,41
BRDA:1613,60,1,0
BRDA:1616,61,0,41
BRDA:1616,61,1,0
BRDA:1616,61,2,0
BRDA:1660,62,0,41
BRDA:1660,62,1,7
BRDA:1663,63,0,7
BRDA:1663,63,1,0
BRDA:1671,64,0,0
BRDA:1671,64,1,0
BRDA:1689,65,0,7
BRDA:1689,65,1,0
BRDA:1692,66,0,7
BRDA:1692,66,1,0
BRDA:1692,66,2,0
BRDA:1723,67,0,41
BRDA:1723,67,1,0
BRDA:1728,68,0,0
BRDA:1728,68,1,0
BRDA:1736,69,0,0
BRDA:1736,69,1,0
BRDA:1754,70,0,0
BRDA:1754,70,1,0
BRDA:1757,71,0,0
BRDA:1757,71,1,0
BRDA:1757,71,2,0
BRDA:1777,72,0,4
BRDA:1777,72,1,37
BRDA:1781,73,0,0
BRDA:1781,73,1,37
BRF:153
BRH:37
end_of_record
TN:
SF:src\pages\admin\ClimbsManage.jsx
FN:32,AdminClimbsManage
FN:36,(anonymous_1)
FN:38,(anonymous_2)
FN:40,(anonymous_3)
FN:41,(anonymous_4)
FN:47,changeStatus
FN:51,toggleExpanded
FN:52,(anonymous_7)
FN:61,(anonymous_8)
FN:66,(anonymous_9)
FN:107,(anonymous_10)
FN:113,(anonymous_11)
FN:114,(anonymous_12)
FN:117,(anonymous_13)
FN:164,(anonymous_14)
FN:182,(anonymous_15)
FN:312,(anonymous_16)
FN:316,(anonymous_17)
FN:332,(anonymous_18)
FN:442,(anonymous_19)
FN:519,(anonymous_20)
FNF:21
FNH:12
FNDA:11,AdminClimbsManage
FNDA:5,(anonymous_1)
FNDA:5,(anonymous_2)
FNDA:5,(anonymous_3)
FNDA:10,(anonymous_4)
FNDA:1,changeStatus
FNDA:0,toggleExpanded
FNDA:0,(anonymous_7)
FNDA:12,(anonymous_8)
FNDA:5,(anonymous_9)
FNDA:1,(anonymous_10)
FNDA:0,(anonymous_11)
FNDA:0,(anonymous_12)
FNDA:0,(anonymous_13)
FNDA:11,(anonymous_14)
FNDA:0,(anonymous_15)
FNDA:1,(anonymous_16)
FNDA:44,(anonymous_17)
FNDA:0,(anonymous_18)
FNDA:0,(anonymous_19)
FNDA:0,(anonymous_20)
DA:19,1
DA:20,1
DA:33,11
DA:34,11
DA:35,11
DA:36,11
DA:38,11
DA:39,5
DA:40,5
DA:41,10
DA:42,5
DA:44,5
DA:48,1
DA:52,0
DA:53,0
DA:54,0
DA:55,0
DA:56,0
DA:60,11
DA:63,12
DA:67,5
DA:68,5
DA:69,5
DA:72,11
DA:107,1
DA:114,0
DA:115,0
DA:117,0
DA:166,11
DA:167,11
DA:168,11
DA:169,11
DA:182,0
DA:313,1
DA:317,44
DA:333,0
DA:443,0
DA:520,0
LF:38
LH:26
BRDA:54,0,0,0
BRDA:54,0,1,0
BRDA:63,1,0,12
BRDA:63,1,1,1
BRDA:67,2,0,5
BRDA:67,2,1,0
BRDA:67,3,0,0
BRDA:67,3,1,0
BRDA:68,4,0,5
BRDA:68,4,1,0
BRDA:68,5,0,0
BRDA:68,5,1,0
BRDA:85,6,0,11
BRDA:85,6,1,0
BRDA:115,7,0,0
BRDA:115,7,1,0
BRDA:121,8,0,0
BRDA:121,8,1,11
BRDA:121,9,0,11
BRDA:121,9,1,5
BRDA:127,10,0,5
BRDA:127,10,1,6
BRDA:154,11,0,0
BRDA:154,11,1,6
BRDA:166,12,0,11
BRDA:166,12,1,0
BRDA:184,13,0,0
BRDA:184,13,1,11
BRDA:195,14,0,0
BRDA:195,14,1,11
BRDA:223,15,0,11
BRDA:223,15,1,11
BRDA:247,16,0,11
BRDA:247,16,1,0
BRDA:256,17,0,11
BRDA:256,17,1,0
BRDA:261,18,0,0
BRDA:261,18,1,11
BRDA:264,19,0,0
BRDA:264,19,1,0
BRDA:282,20,0,11
BRDA:282,20,1,0
BRDA:288,21,0,11
BRDA:288,21,1,0
BRDA:292,22,0,11
BRDA:292,22,1,0
BRDA:294,23,0,11
BRDA:294,23,1,0
BRDA:294,23,2,0
BRDA:324,24,0,0
BRDA:324,24,1,11
BRDA:345,25,0,0
BRDA:345,25,1,0
BRDA:403,26,0,11
BRDA:403,26,1,0
BRDA:440,27,0,0
BRDA:440,27,1,0
BRDA:443,28,0,0
BRDA:443,28,1,0
BRDA:452,29,0,0
BRDA:452,29,1,0
BRDA:464,30,0,0
BRDA:464,30,1,0
BRDA:472,31,0,0
BRDA:472,31,1,0
BRDA:472,32,0,0
BRDA:472,32,1,0
BRDA:472,32,2,0
BRDA:475,33,0,0
BRDA:475,33,1,0
BRDA:496,34,0,0
BRDA:496,34,1,0
BRF:72
BRH:25
end_of_record
TN:
SF:src\pages\admin\Dashboard.jsx
FN:24,NavIcon
FN:98,AdminDashboard
FN:113,(anonymous_2)
FN:115,toggleExpanded
FN:116,(anonymous_4)
FN:124,handleSeed
FN:160,(anonymous_6)
FN:161,loadAll
FN:167,(anonymous_8)
FN:168,(anonymous_9)
FN:177,(anonymous_10)
FN:243,(anonymous_11)
FN:245,(anonymous_12)
FN:247,(anonymous_13)
FN:340,(anonymous_14)
FN:357,(anonymous_15)
FN:361,(anonymous_16)
FN:448,(anonymous_17)
FN:449,(anonymous_18)
FN:452,(anonymous_19)
FN:490,(anonymous_20)
FN:513,(anonymous_21)
FN:710,(anonymous_22)
FN:788,(anonymous_23)
FN:848,(anonymous_24)
FNF:25
FNH:13
FNDA:72,NavIcon
FNDA:12,AdminDashboard
FNDA:4,(anonymous_2)
FNDA:0,toggleExpanded
FNDA:0,(anonymous_4)
FNDA:0,handleSeed
FNDA:4,(anonymous_6)
FNDA:4,loadAll
FNDA:3,(anonymous_8)
FNDA:0,(anonymous_9)
FNDA:3,(anonymous_10)
FNDA:4,(anonymous_11)
FNDA:4,(anonymous_12)
FNDA:4,(anonymous_13)
FNDA:72,(anonymous_14)
FNDA:0,(anonymous_15)
FNDA:0,(anonymous_16)
FNDA:0,(anonymous_17)
FNDA:0,(anonymous_18)
FNDA:0,(anonymous_19)
FNDA:3,(anonymous_20)
FNDA:0,(anonymous_21)
FNDA:0,(anonymous_22)
FNDA:0,(anonymous_23)
FNDA:4,(anonymous_24)
DA:25,72
DA:41,1
DA:85,1
DA:91,1
DA:99,12
DA:107,12
DA:108,12
DA:109,12
DA:110,12
DA:111,12
DA:112,12
DA:113,12
DA:116,0
DA:117,0
DA:118,0
DA:119,0
DA:120,0
DA:125,0
DA:130,0
DA:131,0
DA:132,0
DA:133,0
DA:134,0
DA:135,0
DA:136,0
DA:137,0
DA:142,0
DA:144,0
DA:145,0
DA:154,0
DA:155,0
DA:160,12
DA:163,4
DA:166,4
DA:167,3
DA:169,0
DA:170,0
DA:171,0
DA:173,4
DA:176,4
DA:177,4
DA:180,4
DA:181,4
DA:182,3
DA:183,0
DA:184,0
DA:194,0
DA:195,0
DA:196,0
DA:198,0
DA:199,0
DA:200,0
DA:201,0
DA:203,4
DA:207,4
DA:229,4
DA:239,4
DA:243,4
DA:244,4
DA:245,4
DA:247,4
DA:249,4
DA:252,12
DA:259,12
DA:341,72
DA:358,0
DA:362,0
DA:449,0
DA:450,0
DA:452,0
DA:491,3
DA:492,3
DA:493,3
DA:495,3
DA:496,3
DA:497,3
DA:498,3
DA:499,3
DA:513,0
DA:711,0
DA:789,0
DA:849,4
LF:82
LH:43
BRDA:118,0,0,0
BRDA:118,0,1,0
BRDA:125,1,0,0
BRDA:125,1,1,0
BRDA:156,2,0,0
BRDA:156,2,1,0
BRDA:169,3,0,0
BRDA:169,3,1,0
BRDA:169,4,0,0
BRDA:169,4,1,0
BRDA:170,5,0,0
BRDA:170,5,1,0
BRDA:170,6,0,0
BRDA:170,6,1,0
BRDA:182,7,0,3
BRDA:182,7,1,0
BRDA:183,8,0,0
BRDA:183,8,1,0
BRDA:195,9,0,0
BRDA:195,9,1,0
BRDA:197,10,0,0
BRDA:197,10,1,0
BRDA:198,11,0,0
BRDA:198,11,1,0
BRDA:200,12,0,0
BRDA:200,12,1,0
BRDA:200,13,0,0
BRDA:200,13,1,0
BRDA:271,14,0,12
BRDA:271,14,1,4
BRDA:271,14,2,1
BRDA:278,15,0,0
BRDA:278,15,1,1
BRDA:281,16,0,12
BRDA:281,16,1,0
BRDA:397,17,0,8
BRDA:397,17,1,4
BRDA:450,18,0,0
BRDA:450,18,1,0
BRDA:456,19,0,0
BRDA:456,19,1,4
BRDA:456,20,0,4
BRDA:456,20,1,1
BRDA:483,21,0,1
BRDA:483,21,1,3
BRDA:491,22,0,3
BRDA:491,22,1,3
BRDA:492,23,0,3
BRDA:492,23,1,3
BRDA:493,24,0,3
BRDA:493,24,1,0
BRDA:495,25,0,3
BRDA:495,25,1,0
BRDA:495,26,0,3
BRDA:495,26,1,3
BRDA:496,27,0,3
BRDA:496,27,1,3
BRDA:515,28,0,0
BRDA:515,28,1,3
BRDA:525,29,0,0
BRDA:525,29,1,3
BRDA:536,30,0,3
BRDA:536,30,1,3
BRDA:560,31,0,3
BRDA:560,31,1,3
BRDA:576,32,0,3
BRDA:576,32,1,0
BRDA:588,33,0,3
BRDA:588,33,1,0
BRDA:592,34,0,3
BRDA:592,34,1,0
BRDA:594,35,0,3
BRDA:594,35,1,0
BRDA:597,36,0,3
BRDA:597,36,1,0
BRDA:602,37,0,3
BRDA:602,37,1,3
BRDA:613,38,0,3
BRDA:613,38,1,0
BRDA:630,39,0,3
BRDA:630,39,1,3
BRDA:639,40,0,3
BRDA:639,40,1,3
BRDA:648,41,0,3
BRDA:648,41,1,3
BRDA:671,42,0,3
BRDA:671,42,1,0
BRDA:708,43,0,0
BRDA:708,43,1,0
BRDA:711,44,0,0
BRDA:711,44,1,0
BRDA:722,45,0,0
BRDA:722,45,1,0
BRDA:734,46,0,0
BRDA:734,46,1,0
BRDA:742,47,0,0
BRDA:742,47,1,0
BRDA:742,48,0,0
BRDA:742,48,1,0
BRDA:742,48,2,0
BRDA:745,49,0,0
BRDA:745,49,1,0
BRDA:765,50,0,0
BRDA:765,50,1,0
BRDA:841,51,0,0
BRDA:841,51,1,4
BRDA:856,52,0,0
BRDA:856,52,1,4
BRDA:875,53,0,4
BRDA:875,53,1,0
BRDA:881,54,0,4
BRDA:881,54,1,0
BRF:112
BRH:48
end_of_record
TN:
SF:src\pages\admin\ManagePayments.jsx
FN:51,PayBadge
FN:72,StatBox
FN:120,ManagePayments
FN:132,(anonymous_3)
FN:133,(anonymous_4)
FN:136,(anonymous_5)
FN:137,(anonymous_6)
FN:148,(anonymous_7)
FN:150,(anonymous_8)
FN:152,(anonymous_9)
FN:160,updateClimbLocally
FN:161,(anonymous_11)
FN:162,(anonymous_12)
FN:166,handleQrUpload
FN:169,(anonymous_14)
FN:180,(anonymous_15)
FN:186,changePaymentStatus
FN:199,(anonymous_17)
FN:221,(anonymous_18)
FN:235,(anonymous_19)
FN:250,fmt
FN:274,(anonymous_21)
FN:290,(anonymous_22)
FN:293,(anonymous_23)
FN:364,(anonymous_24)
FN:373,(anonymous_25)
FN:376,(anonymous_26)
FN:379,(anonymous_27)
FN:382,(anonymous_28)
FN:407,(anonymous_29)
FN:719,(anonymous_30)
FN:789,(anonymous_31)
FN:793,(anonymous_32)
FN:801,(anonymous_33)
FN:885,(anonymous_34)
FN:888,(anonymous_35)
FN:973,(anonymous_36)
FN:990,(anonymous_37)
FN:1031,(anonymous_38)
FN:1040,(anonymous_39)
FNF:40
FNH:10
FNDA:0,PayBadge
FNDA:24,StatBox
FNDA:12,ManagePayments
FNDA:4,(anonymous_3)
FNDA:4,(anonymous_4)
FNDA:0,(anonymous_5)
FNDA:0,(anonymous_6)
FNDA:4,(anonymous_7)
FNDA:4,(anonymous_8)
FNDA:4,(anonymous_9)
FNDA:0,updateClimbLocally
FNDA:0,(anonymous_11)
FNDA:0,(anonymous_12)
FNDA:0,handleQrUpload
FNDA:0,(anonymous_14)
FNDA:0,(anonymous_15)
FNDA:0,changePaymentStatus
FNDA:8,(anonymous_17)
FNDA:0,(anonymous_18)
FNDA:8,(anonymous_19)
FNDA:16,fmt
FNDA:0,(anonymous_21)
FNDA:0,(anonymous_22)
FNDA:0,(anonymous_23)
FNDA:0,(anonymous_24)
FNDA:0,(anonymous_25)
FNDA:0,(anonymous_26)
FNDA:0,(anonymous_27)
FNDA:0,(anonymous_28)
FNDA:0,(anonymous_29)
FNDA:0,(anonymous_30)
FNDA:0,(anonymous_31)
FNDA:0,(anonymous_32)
FNDA:0,(anonymous_33)
FNDA:0,(anonymous_34)
FNDA:0,(anonymous_35)
FNDA:0,(anonymous_36)
FNDA:0,(anonymous_37)
FNDA:0,(anonymous_38)
FNDA:0,(anonymous_39)
DA:24,1
DA:52,0
DA:53,0
DA:54,0
DA:73,24
DA:121,12
DA:122,12
DA:123,12
DA:124,12
DA:125,12
DA:126,12
DA:127,12
DA:128,12
DA:129,12
DA:132,12
DA:133,4
DA:135,4
DA:136,0
DA:138,0
DA:139,0
DA:140,0
DA:142,4
DA:148,12
DA:149,4
DA:152,4
DA:153,4
DA:156,4
DA:161,0
DA:162,0
DA:167,0
DA:168,0
DA:169,0
DA:170,0
DA:171,0
DA:175,0
DA:176,0
DA:177,0
DA:178,0
DA:180,0
DA:182,0
DA:187,0
DA:188,0
DA:189,0
DA:190,0
DA:195,0
DA:199,12
DA:200,8
DA:201,8
DA:202,4
DA:203,4
DA:204,4
DA:212,4
DA:213,4
DA:216,4
DA:217,4
DA:218,4
DA:221,4
DA:222,0
DA:224,4
DA:225,0
DA:226,0
DA:229,4
DA:232,8
DA:235,12
DA:236,8
DA:237,8
DA:238,8
DA:239,8
DA:240,4
DA:242,4
DA:243,4
DA:244,4
DA:245,4
DA:247,8
DA:251,16
DA:256,12
DA:257,4
DA:267,8
DA:274,0
DA:290,0
DA:293,0
DA:365,0
DA:372,0
DA:373,0
DA:374,0
DA:376,0
DA:377,0
DA:379,0
DA:380,0
DA:382,0
DA:383,0
DA:386,0
DA:407,0
DA:720,0
DA:790,0
DA:794,0
DA:802,0
DA:886,0
DA:888,0
DA:889,0
DA:890,0
DA:974,0
DA:991,0
DA:1031,0
DA:1041,0
LF:105
LH:50
BRDA:53,0,0,0
BRDA:53,0,1,0
BRDA:88,1,0,24
BRDA:88,1,1,0
BRDA:105,2,0,24
BRDA:105,2,1,24
BRDA:138,3,0,0
BRDA:138,3,1,0
BRDA:138,4,0,0
BRDA:138,4,1,0
BRDA:139,5,0,0
BRDA:139,5,1,0
BRDA:139,6,0,0
BRDA:139,6,1,0
BRDA:162,7,0,0
BRDA:162,7,1,0
BRDA:167,8,0,0
BRDA:167,8,1,0
BRDA:188,9,0,0
BRDA:188,9,1,0
BRDA:191,10,0,0
BRDA:191,10,1,0
BRDA:192,11,0,0
BRDA:192,11,1,0
BRDA:192,11,2,0
BRDA:202,12,0,0
BRDA:202,12,1,4
BRDA:202,13,0,4
BRDA:202,13,1,4
BRDA:203,14,0,4
BRDA:203,14,1,0
BRDA:216,15,0,4
BRDA:216,15,1,0
BRDA:216,16,0,4
BRDA:216,16,1,0
BRDA:218,17,0,0
BRDA:218,17,1,4
BRDA:221,18,0,4
BRDA:221,18,1,4
BRDA:224,19,0,0
BRDA:224,19,1,4
BRDA:225,20,0,0
BRDA:225,20,1,0
BRDA:240,21,0,0
BRDA:240,21,1,4
BRDA:242,22,0,4
BRDA:242,22,1,0
BRDA:242,23,0,4
BRDA:242,23,1,0
BRDA:244,24,0,0
BRDA:244,24,1,4
BRDA:245,25,0,4
BRDA:245,25,1,0
BRDA:256,26,0,4
BRDA:256,26,1,8
BRDA:272,27,0,8
BRDA:272,27,1,0
BRDA:361,28,0,8
BRDA:361,28,1,0
BRDA:365,29,0,0
BRDA:365,29,1,0
BRDA:405,30,0,0
BRDA:405,30,1,0
BRDA:407,31,0,0
BRDA:407,31,1,0
BRDA:420,32,0,0
BRDA:420,32,1,0
BRDA:525,33,0,0
BRDA:525,33,1,0
BRDA:534,34,0,0
BRDA:534,34,1,0
BRDA:638,35,0,0
BRDA:638,35,1,0
BRDA:658,36,0,0
BRDA:658,36,1,0
BRDA:706,37,0,0
BRDA:706,37,1,0
BRDA:717,38,0,0
BRDA:717,38,1,0
BRDA:720,39,0,0
BRDA:720,39,1,0
BRDA:731,40,0,0
BRDA:731,40,1,0
BRDA:735,41,0,0
BRDA:735,41,1,0
BRDA:753,42,0,0
BRDA:753,42,1,0
BRDA:782,43,0,0
BRDA:782,43,1,0
BRDA:805,44,0,0
BRDA:805,44,1,0
BRDA:809,45,0,0
BRDA:809,45,1,0
BRDA:820,46,0,0
BRDA:820,46,1,0
BRDA:820,46,2,0
BRDA:820,46,3,0
BRDA:861,47,0,0
BRDA:861,47,1,0
BRDA:887,48,0,0
BRDA:887,48,1,0
BRDA:914,49,0,0
BRDA:914,49,1,0
BRDA:919,50,0,0
BRDA:919,50,1,0
BRDA:920,51,0,0
BRDA:920,51,1,0
BRDA:954,52,0,0
BRDA:954,52,1,0
BRDA:965,53,0,0
BRDA:965,53,1,0
BRDA:974,54,0,0
BRDA:974,54,1,0
BRDA:1039,55,0,0
BRDA:1039,55,1,0
BRF:115
BRH:22
end_of_record
TN:
SF:src\pages\admin\ReleaseNoteForm.jsx
FN:35,AdminReleaseNoteForm
FN:59,(anonymous_1)
FN:61,(anonymous_2)
FN:71,set
FN:72,(anonymous_4)
FN:75,openPicker
FN:93,handleGenerate
FN:104,(anonymous_7)
FN:114,handleSubmit
FN:155,handleSendEmail
FN:234,(anonymous_10)
FN:252,(anonymous_11)
FN:286,(anonymous_12)
FN:317,(anonymous_13)
FN:328,(anonymous_14)
FN:338,(anonymous_15)
FN:369,(anonymous_16)
FNF:17
FNH:10
FNDA:17,AdminReleaseNoteForm
FNDA:6,(anonymous_1)
FNDA:4,(anonymous_2)
FNDA:3,set
FNDA:3,(anonymous_4)
FNDA:0,openPicker
FNDA:0,handleGenerate
FNDA:0,(anonymous_7)
FNDA:2,handleSubmit
FNDA:1,handleSendEmail
FNDA:0,(anonymous_10)
FNDA:0,(anonymous_11)
FNDA:0,(anonymous_12)
FNDA:1,(anonymous_13)
FNDA:1,(anonymous_14)
FNDA:1,(anonymous_15)
FNDA:0,(anonymous_16)
DA:19,1
DA:20,1
DA:24,1
DA:29,1
DA:36,17
DA:37,17
DA:38,17
DA:39,17
DA:41,17
DA:42,17
DA:43,17
DA:44,17
DA:45,17
DA:46,17
DA:47,17
DA:48,17
DA:50,17
DA:51,17
DA:52,17
DA:53,17
DA:54,17
DA:55,17
DA:56,17
DA:57,17
DA:59,17
DA:60,6
DA:61,4
DA:62,4
DA:63,4
DA:64,4
DA:65,4
DA:67,4
DA:72,3
DA:76,0
DA:77,0
DA:78,0
DA:79,0
DA:80,0
DA:81,0
DA:82,0
DA:83,0
DA:84,0
DA:85,0
DA:87,0
DA:89,0
DA:94,0
DA:95,0
DA:96,0
DA:97,0
DA:98,0
DA:99,0
DA:100,0
DA:101,0
DA:102,0
DA:104,0
DA:105,0
DA:106,0
DA:108,0
DA:110,0
DA:115,2
DA:116,2
DA:117,2
DA:118,2
DA:119,2
DA:120,2
DA:126,2
DA:127,1
DA:129,2
DA:130,0
DA:132,2
DA:133,1
DA:135,1
DA:136,1
DA:137,1
DA:139,2
DA:141,0
DA:142,0
DA:151,2
DA:156,1
DA:161,0
DA:162,1
DA:163,1
DA:164,1
DA:165,1
DA:166,1
DA:167,1
DA:171,0
DA:173,1
DA:177,17
DA:179,13
DA:235,0
DA:252,0
DA:286,0
DA:317,1
DA:328,1
DA:338,1
DA:369,0
LF:97
LH:62
BRDA:60,0,0,2
BRDA:60,0,1,4
BRDA:62,1,0,4
BRDA:62,1,1,0
BRDA:79,2,0,0
BRDA:79,2,1,0
BRDA:83,3,0,0
BRDA:83,3,1,0
BRDA:84,4,0,0
BRDA:84,4,1,0
BRDA:85,5,0,0
BRDA:85,5,1,0
BRDA:87,6,0,0
BRDA:87,6,1,0
BRDA:94,7,0,0
BRDA:94,7,1,0
BRDA:99,8,0,0
BRDA:99,8,1,0
BRDA:100,9,0,0
BRDA:100,9,1,0
BRDA:104,10,0,0
BRDA:104,10,1,0
BRDA:104,11,0,0
BRDA:104,11,1,0
BRDA:105,12,0,0
BRDA:105,12,1,0
BRDA:108,13,0,0
BRDA:108,13,1,0
BRDA:126,14,0,1
BRDA:126,14,1,1
BRDA:126,15,0,2
BRDA:126,15,1,1
BRDA:129,16,0,0
BRDA:129,16,1,2
BRDA:129,17,0,2
BRDA:129,17,1,1
BRDA:132,18,0,1
BRDA:132,18,1,1
BRDA:156,19,0,0
BRDA:156,19,1,1
BRDA:168,20,0,1
BRDA:168,20,1,0
BRDA:168,21,0,1
BRDA:168,21,1,0
BRDA:171,22,0,0
BRDA:171,22,1,0
BRDA:177,23,0,4
BRDA:177,23,1,13
BRDA:188,24,0,7
BRDA:188,24,1,6
BRDA:192,25,0,7
BRDA:192,25,1,6
BRDA:199,26,0,17
BRDA:199,26,1,0
BRDA:201,27,0,17
BRDA:201,27,1,6
BRDA:204,28,0,6
BRDA:204,28,1,0
BRDA:214,29,0,0
BRDA:214,29,1,0
BRDA:216,30,0,0
BRDA:216,30,1,0
BRDA:221,31,0,0
BRDA:221,31,1,0
BRDA:234,32,0,0
BRDA:234,32,1,0
BRDA:264,33,0,0
BRDA:264,33,1,0
BRDA:265,34,0,0
BRDA:265,34,1,0
BRDA:271,35,0,0
BRDA:271,35,1,0
BRDA:278,36,0,0
BRDA:278,36,1,0
BRDA:281,37,0,0
BRDA:281,37,1,0
BRDA:295,38,0,6
BRDA:295,38,1,0
BRDA:295,38,2,0
BRDA:356,39,0,2
BRDA:356,39,1,11
BRDA:360,40,0,6
BRDA:360,40,1,5
BRDA:376,41,0,17
BRDA:376,41,1,7
BRDA:379,42,0,7
BRDA:379,42,1,0
BRDA:380,43,0,7
BRDA:380,43,1,1
BRDA:381,44,0,7
BRDA:381,44,1,0
BRDA:383,45,0,0
BRDA:383,45,1,0
BRDA:384,46,0,0
BRDA:384,46,1,0
BRDA:390,47,0,7
BRDA:390,47,1,3
BRDA:392,48,0,4
BRDA:392,48,1,3
BRDA:398,49,0,1
BRDA:398,49,1,6
BRDA:400,50,0,0
BRDA:400,50,1,6
BRF:103
BRH:43
end_of_record
TN:
SF:src\pages\admin\ReleaseNotesManage.jsx
FN:14,AdminReleaseNotesManage
FN:18,(anonymous_1)
FN:20,(anonymous_2)
FN:21,(anonymous_3)
FN:80,(anonymous_4)
FNF:5
FNH:5
FNDA:6,AdminReleaseNotesManage
FNDA:3,(anonymous_1)
FNDA:3,(anonymous_2)
FNDA:3,(anonymous_3)
FNDA:3,(anonymous_4)
DA:9,1
DA:15,6
DA:16,6
DA:18,6
DA:19,3
DA:20,3
DA:21,3
DA:22,3
DA:24,3
DA:27,6
DA:81,3
LF:11
LH:11
BRDA:40,0,0,5
BRDA:40,0,1,1
BRDA:53,1,0,3
BRDA:53,1,1,3
BRDA:70,2,0,1
BRDA:70,2,1,2
BRDA:92,3,0,3
BRDA:92,3,1,0
BRDA:99,4,0,2
BRDA:99,4,1,1
BRDA:101,5,0,2
BRDA:101,5,1,0
BRDA:108,6,0,3
BRDA:108,6,1,0
BRF:14
BRH:11
end_of_record
TN:
SF:src\pages\admin\UsersManage.jsx
FN:63,describeCreateUserError
FN:89,RoleBadge
FN:108,AdminUsersManage
FN:134,(anonymous_3)
FN:136,(anonymous_4)
FN:138,(anonymous_5)
FN:139,(anonymous_6)
FN:149,changeRole
FN:162,(anonymous_8)
FN:170,openUser
FN:181,closeUserModal
FN:192,saveRole
FN:197,saveProfile
FN:212,(anonymous_13)
FN:225,deleteUser
FN:244,handleCreateUser
FN:265,(anonymous_16)
FN:294,(anonymous_17)
FN:354,(anonymous_18)
FN:355,(anonymous_19)
FN:366,(anonymous_20)
FN:367,(anonymous_21)
FN:377,(anonymous_22)
FN:378,(anonymous_23)
FN:402,(anonymous_24)
FN:425,(anonymous_25)
FN:436,(anonymous_26)
FN:494,(anonymous_27)
FN:526,(anonymous_28)
FN:691,(anonymous_29)
FN:700,(anonymous_30)
FN:764,(anonymous_31)
FN:768,(anonymous_32)
FN:873,(anonymous_33)
FN:902,(anonymous_34)
FN:908,(anonymous_35)
FNF:36
FNH:20
FNDA:0,describeCreateUserError
FNDA:66,RoleBadge
FNDA:38,AdminUsersManage
FNDA:11,(anonymous_3)
FNDA:11,(anonymous_4)
FNDA:22,(anonymous_5)
FNDA:11,(anonymous_6)
FNDA:0,changeRole
FNDA:0,(anonymous_8)
FNDA:6,openUser
FNDA:1,closeUserModal
FNDA:0,saveRole
FNDA:2,saveProfile
FNDA:1,(anonymous_13)
FNDA:2,deleteUser
FNDA:0,handleCreateUser
FNDA:54,(anonymous_16)
FNDA:1,(anonymous_17)
FNDA:0,(anonymous_18)
FNDA:0,(anonymous_19)
FNDA:0,(anonymous_20)
FNDA:0,(anonymous_21)
FNDA:0,(anonymous_22)
FNDA:0,(anonymous_23)
FNDA:0,(anonymous_24)
FNDA:0,(anonymous_25)
FNDA:0,(anonymous_26)
FNDA:0,(anonymous_27)
FNDA:4,(anonymous_28)
FNDA:1,(anonymous_29)
FNDA:1,(anonymous_30)
FNDA:24,(anonymous_31)
FNDA:0,(anonymous_32)
FNDA:1,(anonymous_33)
FNDA:53,(anonymous_34)
FNDA:6,(anonymous_35)
DA:18,1
DA:19,1
DA:20,1
DA:22,1
DA:64,0
DA:65,0
DA:66,0
DA:67,0
DA:76,1
DA:90,66
DA:91,66
DA:109,38
DA:110,38
DA:111,38
DA:112,38
DA:113,38
DA:114,38
DA:115,38
DA:116,38
DA:117,38
DA:118,38
DA:119,38
DA:120,38
DA:121,38
DA:122,38
DA:123,38
DA:124,38
DA:125,38
DA:130,38
DA:131,38
DA:132,38
DA:134,38
DA:135,11
DA:136,11
DA:137,11
DA:138,22
DA:140,11
DA:143,11
DA:144,11
DA:146,11
DA:150,0
DA:151,0
DA:152,0
DA:154,0
DA:155,0
DA:156,0
DA:157,0
DA:158,0
DA:162,0
DA:164,0
DA:166,0
DA:171,6
DA:172,6
DA:173,6
DA:174,6
DA:175,6
DA:176,6
DA:177,6
DA:178,6
DA:182,1
DA:183,1
DA:184,1
DA:185,1
DA:186,1
DA:187,1
DA:188,1
DA:189,1
DA:193,0
DA:194,0
DA:198,2
DA:199,2
DA:200,2
DA:201,2
DA:203,2
DA:204,2
DA:205,2
DA:206,2
DA:207,2
DA:212,1
DA:217,1
DA:219,1
DA:221,2
DA:226,2
DA:227,2
DA:232,1
DA:233,1
DA:234,1
DA:235,1
DA:236,1
DA:237,1
DA:239,0
DA:240,0
DA:245,0
DA:246,0
DA:247,0
DA:248,0
DA:249,0
DA:250,0
DA:251,0
DA:252,0
DA:257,0
DA:259,0
DA:261,0
DA:265,38
DA:267,54
DA:272,38
DA:295,1
DA:296,1
DA:297,1
DA:355,0
DA:367,0
DA:378,0
DA:402,0
DA:425,0
DA:436,0
DA:494,0
DA:526,4
DA:691,1
DA:700,1
DA:765,24
DA:768,0
DA:873,1
DA:903,53
DA:904,53
DA:908,6
LF:125
LH:87
BRDA:64,0,0,0
BRDA:64,0,1,0
BRDA:66,1,0,0
BRDA:66,1,1,0
BRDA:69,2,0,0
BRDA:69,2,1,0
BRDA:90,3,0,66
BRDA:90,3,1,0
BRDA:141,4,0,11
BRDA:141,4,1,11
BRDA:141,5,0,11
BRDA:141,5,1,11
BRDA:150,6,0,0
BRDA:150,6,1,0
BRDA:154,7,0,0
BRDA:154,7,1,0
BRDA:174,8,0,6
BRDA:174,8,1,0
BRDA:175,9,0,6
BRDA:175,9,1,0
BRDA:193,10,0,0
BRDA:193,10,1,0
BRDA:198,11,0,0
BRDA:198,11,1,2
BRDA:199,12,0,2
BRDA:199,12,1,2
BRDA:200,13,0,2
BRDA:200,13,1,2
BRDA:201,14,0,0
BRDA:201,14,1,2
BRDA:201,15,0,2
BRDA:201,15,1,1
BRDA:209,16,0,1
BRDA:209,16,1,1
BRDA:210,17,0,1
BRDA:210,17,1,1
BRDA:214,18,0,1
BRDA:214,18,1,0
BRDA:215,19,0,0
BRDA:215,19,1,1
BRDA:219,20,0,1
BRDA:219,20,1,0
BRDA:226,21,0,0
BRDA:226,21,1,2
BRDA:227,22,0,1
BRDA:227,22,1,1
BRDA:229,23,0,2
BRDA:229,23,1,0
BRDA:239,24,0,0
BRDA:239,24,1,0
BRDA:253,25,0,0
BRDA:253,25,1,0
BRDA:267,26,0,54
BRDA:267,26,1,2
BRDA:267,26,2,1
BRDA:285,27,0,38
BRDA:285,27,1,0
BRDA:307,28,0,38
BRDA:307,28,1,1
BRDA:343,29,0,1
BRDA:343,29,1,0
BRDA:396,30,0,0
BRDA:396,30,1,1
BRDA:413,31,0,38
BRDA:413,31,1,0
BRDA:478,32,0,0
BRDA:478,32,1,0
BRDA:503,33,0,38
BRDA:503,33,1,13
BRDA:553,34,0,13
BRDA:553,34,1,0
BRDA:553,34,2,0
BRDA:560,35,0,13
BRDA:560,35,1,1
BRDA:635,36,0,0
BRDA:635,36,1,13
BRDA:654,37,0,13
BRDA:654,37,1,13
BRDA:675,38,0,13
BRDA:675,38,1,1
BRDA:680,39,0,13
BRDA:680,39,1,1
BRDA:709,40,0,13
BRDA:709,40,1,11
BRDA:709,40,2,10
BRDA:716,41,0,2
BRDA:716,41,1,11
BRDA:721,42,0,1
BRDA:721,42,1,12
BRDA:748,43,0,12
BRDA:748,43,1,0
BRDA:776,44,0,12
BRDA:776,44,1,12
BRDA:778,45,0,12
BRDA:778,45,1,0
BRDA:779,46,0,0
BRDA:779,46,1,12
BRDA:793,47,0,12
BRDA:793,47,1,0
BRDA:798,48,0,0
BRDA:798,48,1,12
BRDA:801,49,0,12
BRDA:801,49,1,0
BRDA:810,50,0,0
BRDA:810,50,1,0
BRDA:838,51,0,13
BRDA:838,51,1,0
BRDA:843,52,0,1
BRDA:843,52,1,12
BRDA:859,53,0,1
BRDA:859,53,1,11
BRDA:878,54,0,11
BRDA:878,54,1,27
BRDA:892,55,0,0
BRDA:892,55,1,27
BRDA:913,56,0,53
BRDA:913,56,1,2
BRDA:949,57,0,0
BRDA:949,57,1,53
BRDA:956,58,0,53
BRDA:956,58,1,53
BRF:121
BRH:75
end_of_record
TN:
SF:src\utils\climbCompleteness.js
FN:2,(anonymous_0)
FN:3,(anonymous_1)
FN:4,(anonymous_2)
FN:5,(anonymous_3)
FN:6,(anonymous_4)
FN:7,(anonymous_5)
FN:8,(anonymous_6)
FN:11,(anonymous_7)
FN:12,(anonymous_8)
FN:18,(anonymous_9)
FN:19,(anonymous_10)
FN:25,(anonymous_11)
FN:25,(anonymous_12)
FN:27,(anonymous_13)
FN:28,(anonymous_14)
FN:29,(anonymous_15)
FN:32,(anonymous_16)
FN:34,(anonymous_17)
FN:37,getMissingFields
FN:38,(anonymous_19)
FN:39,(anonymous_20)
FNF:21
FNH:18
FNDA:14,(anonymous_0)
FNDA:14,(anonymous_1)
FNDA:14,(anonymous_2)
FNDA:14,(anonymous_3)
FNDA:14,(anonymous_4)
FNDA:14,(anonymous_5)
FNDA:14,(anonymous_6)
FNDA:14,(anonymous_7)
FNDA:0,(anonymous_8)
FNDA:14,(anonymous_9)
FNDA:0,(anonymous_10)
FNDA:14,(anonymous_11)
FNDA:0,(anonymous_12)
FNDA:14,(anonymous_13)
FNDA:14,(anonymous_14)
FNDA:14,(anonymous_15)
FNDA:14,(anonymous_16)
FNDA:14,(anonymous_17)
FNDA:14,getMissingFields
FNDA:210,(anonymous_19)
FNDA:140,(anonymous_20)
DA:1,2
DA:2,14
DA:3,14
DA:4,14
DA:5,14
DA:6,14
DA:7,14
DA:8,14
DA:12,14
DA:13,0
DA:19,14
DA:20,0
DA:25,14
DA:27,14
DA:28,14
DA:29,14
DA:32,14
DA:34,14
DA:38,210
DA:39,140
LF:20
LH:18
BRDA:13,0,0,0
BRDA:13,0,1,0
BRDA:20,1,0,0
BRDA:20,1,1,0
BRDA:25,2,0,0
BRDA:25,2,1,0
BRDA:32,3,0,14
BRDA:32,3,1,14
BRDA:32,4,0,14
BRDA:32,4,1,0
BRF:10
BRH:3
end_of_record
TN:
SF:src\utils\feeSummary.js
FN:1,getFeeSummary
FN:5,(anonymous_1)
FN:7,(anonymous_2)
FN:8,(anonymous_3)
FN:13,(anonymous_4)
FN:16,(anonymous_5)
FNF:6
FNH:0
FNDA:0,getFeeSummary
FNDA:0,(anonymous_1)
FNDA:0,(anonymous_2)
FNDA:0,(anonymous_3)
FNDA:0,(anonymous_4)
FNDA:0,(anonymous_5)
DA:2,0
DA:3,0
DA:5,0
DA:6,0
DA:7,0
DA:8,0
DA:10,0
DA:11,0
DA:13,0
DA:14,0
DA:16,0
DA:17,0
DA:18,0
LF:13
LH:0
BRDA:3,0,0,0
BRDA:3,0,1,0
BRDA:10,1,0,0
BRDA:10,1,1,0
BRDA:11,2,0,0
BRDA:11,2,1,0
BRDA:17,3,0,0
BRDA:17,3,1,0
BRF:8
BRH:0
end_of_record
TN:
SF:src\utils\logFailedRequest.js
FN:5,logFailedRequest
FN:25,(anonymous_1)
FNF:2
FNH:0
FNDA:0,logFailedRequest
FNDA:0,(anonymous_1)
DA:15,0
LF:1
LH:0
BRDA:9,0,0,0
BRDA:10,1,0,0
BRDA:11,2,0,0
BRDA:12,3,0,0
BRDA:13,4,0,0
BRDA:18,5,0,0
BRDA:18,5,1,0
BRF:7
BRH:0
end_of_record
